2025-08-14 16:26:45,482 - AdvancedTradingLauncher - INFO - 🚀 Advanced Trading System Launcher Starting...
2025-08-14 16:26:45,535 - AdvancedTradingLauncher - INFO - ✅ numpy
2025-08-14 16:26:45,705 - AdvancedTradingLauncher - INFO - ✅ pandas
2025-08-14 16:26:45,746 - AdvancedTradingLauncher - INFO - ✅ requests
2025-08-14 16:26:45,746 - AdvancedTradingLauncher - INFO - ✅ asyncio
2025-08-14 16:26:45,746 - AdvancedTradingLauncher - INFO - ✅ logging
2025-08-14 16:26:45,746 - AdvancedTradingLauncher - INFO - ✅ datetime
2025-08-14 16:26:45,746 - AdvancedTradingLauncher - INFO - ✅ json
2025-08-14 16:26:45,748 - AdvancedTradingLauncher - INFO - ✅ sqlite3
2025-08-14 16:26:45,748 - AdvancedTradingLauncher - INFO - 🔍 Scanning for most advanced trading system...
2025-08-14 16:26:45,748 - AdvancedTradingLauncher - INFO - Testing: Ultimate AI Trading Bot
2025-08-14 16:26:45,845 - AdvancedTradingLauncher - INFO - ✅ Ultimate AI Trading Bot - Available and Advanced
2025-08-14 16:26:45,845 - AdvancedTradingLauncher - INFO - 🎯 Selected: Ultimate AI Trading Bot
2025-08-14 16:26:45,845 - AdvancedTradingLauncher - INFO - Advanced Features: AI_ML, Real_Time_Signals, Risk_Management
2025-08-14 16:26:45,845 - AdvancedTradingLauncher - INFO - 🚀 Launching Ultimate AI Trading Bot as Telegram bot...
2025-08-14 16:26:45,846 - AdvancedTradingLauncher - INFO - ✅ Ultimate AI Trading Bot launched with PID: 35891
2025-08-14 16:26:50,852 - AdvancedTradingLauncher - INFO - 📊 Ultimate AI Trading Bot - CPU: 0.0% | Memory: 0.0MB
2025-08-14 16:26:50,852 - AdvancedTradingLauncher - ERROR - Ultimate AI Trading Bot stderr: ❌ Ultimate AI bot runtime error: Cannot close a running event loop
Traceback (most recent call last):
  File "/workspace/trading_env/lib/python3.13/site-packages/telegram/ext/_application.py", line 881, in __run
    raise exc
  File "/workspace/trading_env/lib/python3.13/site-packages/telegram/ext/_application.py", line 870, in __run
    loop.run_until_complete(self.initialize())
    ~~~~~~~~~~~~~~~~~~~~~~~^^^^^^^^^^^^^^^^^^^
  File "/usr/lib/python3.13/asyncio/base_events.py", line 695, in run_until_complete
    self._check_running()
    ~~~~~~~~~~~~~~~~~~~^^
  File "/usr/lib/python3.13/asyncio/base_events.py", line 631, in _check_running
    raise RuntimeError('This event loop is already running')
RuntimeError: This event loop is already running

During handling of the above exception, another exception occurred:

Traceback (most recent call last):
  File "/workspace/trading_env/lib/python3.13/site-packages/telegram/ext/_application.py", line 890, in __run
    loop.run_until_complete(self.shutdown())
    ~~~~~~~~~~~~~~~~~~~~~~~^^^^^^^^^^^^^^^^^
  File "/usr/lib/python3.13/asyncio/base_events.py", line 695, in run_until_complete
    self._check_running()
    ~~~~~~~~~~~~~~~~~~~^^
  File "/usr/lib/python3.13/asyncio/base_events.py", line 631, in _check_running
    raise RuntimeError('This event loop is already running')
RuntimeError: This event loop is already running

During handling of the above exception, another exception occurred:

Traceback (most recent call last):
  File "/workspace/ultimate_ai_trading_bot.py", line 1263, in <module>
    asyncio.run(bot.run())
    ~~~~~~~~~~~^^^^^^^^^^^
  File "/usr/lib/python3.13/asyncio/runners.py", line 195, in run
    return runner.run(main)
           ~~~~~~~~~~^^^^^^
  File "/usr/lib/python3.13/asyncio/runners.py", line 118, in run
    return self._loop.run_until_complete(task)
           ~~~~~~~~~~~~~~~~~~~~~~~~~~~~~^^^^^^
  File "/usr/lib/python3.13/asyncio/base_events.py", line 719, in run_until_complete
    return future.result()
           ~~~~~~~~~~~~~^^
  File "/workspace/ultimate_ai_trading_bot.py", line 1251, in run
    await self.application.run_polling(drop_pending_updates=True)
          ~~~~~~~~~~~~~~~~~~~~~~~~~~~~^^^^^^^^^^^^^^^^^^^^^^^^^^^
  File "/workspace/trading_env/lib/python3.13/site-packages/telegram/ext/_application.py", line 694, in run_polling
    return self.__run(
           ~~~~~~~~~~^
        updater_coroutine=self.updater.start_polling(
        ^^^^^^^^^^^^^^^^^^^^^^^^^^^^^^^^^^^^^^^^^^^^^
    ...<12 lines>...
        stop_signals=stop_signals,
        ^^^^^^^^^^^^^^^^^^^^^^^^^^
    )
    ^
  File "/workspace/trading_env/lib/python3.13/site-packages/telegram/ext/_application.py", line 895, in __run
    loop.close()
    ~~~~~~~~~~^^
  File "/usr/lib/python3.13/asyncio/unix_events.py", line 70, in close
    super().close()
    ~~~~~~~~~~~~~^^
  File "/usr/lib/python3.13/asyncio/selector_events.py", line 101, in close
    raise RuntimeError("Cannot close a running event loop")
RuntimeError: Cannot close a running event loop
<sys>:0: RuntimeWarning: coroutine 'Application.shutdown' was never awaited
<sys>:0: RuntimeWarning: coroutine 'Application.initialize' was never awaited

2025-08-14 16:26:50,852 - AdvancedTradingLauncher - INFO - ✅ Advanced trading system launched successfully!
2025-08-14 16:26:50,852 - AdvancedTradingLauncher - INFO - 📱 Your Telegram bot should now be responding to commands
2025-08-14 16:26:50,852 - AdvancedTradingLauncher - INFO - 🔄 System is running in background...
