nohup: ignoring input
2025-08-13 12:14:33,382 - LiveTelegramBot - INFO - Live Telegram Trading Bot starting up...
2025-08-13 12:14:33,382 - LiveTelegramBot - INFO - ✅ Configuration validated
2025-08-13 12:14:33,382 - LiveTelegramBot - INFO - 🤖 Initializing Telegram Bot...
2025-08-13 12:14:33,382 - LiveTelegramBot - INFO - ✅ Bot instance created
2025-08-13 12:14:33,420 - LiveTelegramBot - INFO - ✅ Application built with all handlers
2025-08-13 12:14:33,678 - LiveTelegramBot - INFO - ✅ Application initialized
2025-08-13 12:14:33,678 - telegram.ext.Application - INFO - Application started
2025-08-13 12:14:33,678 - LiveTelegramBot - INFO - ✅ Application started
2025-08-13 12:14:33,758 - LiveTelegramBot - INFO - ✅ Bot connected: @CEESARBOT (999BOT)
2025-08-13 12:14:33,758 - LiveTelegramBot - INFO - 🔄 Starting message polling...
2025-08-13 12:14:33,839 - LiveTelegramBot - INFO - ✅ Polling started successfully
2025-08-13 12:14:33,839 - LiveTelegramBot - INFO - 📱 Bot is now LIVE and ready to receive commands!
2025-08-13 12:14:33,919 - LiveTelegramBot - INFO - 🎯 Send /start to @CEESARBOT to test!
2025-08-13 12:14:33,919 - LiveTelegramBot - INFO - 🚀 BOT IS NOW LIVE AND OPERATIONAL!
2025-08-13 12:14:33,919 - LiveTelegramBot - INFO - ============================================================
2025-08-13 12:14:33,919 - LiveTelegramBot - INFO - 📱 TELEGRAM BOT COMMANDS TO TEST:
2025-08-13 12:14:33,919 - LiveTelegramBot - INFO -    /start - Initialize bot and get welcome message
2025-08-13 12:14:33,919 - LiveTelegramBot - INFO -    /signal - Get AI-powered trading signal
2025-08-13 12:14:33,919 - LiveTelegramBot - INFO -    /status - Check bot and system status
2025-08-13 12:14:33,919 - LiveTelegramBot - INFO -    /help - Show all available commands
2025-08-13 12:14:33,919 - LiveTelegramBot - INFO -    /test - Run bot functionality test
2025-08-13 12:14:33,919 - LiveTelegramBot - INFO - ============================================================
2025-08-13 12:14:33,919 - LiveTelegramBot - INFO - 💚 Bot Health Check #1 - Status: HEALTHY
2025-08-13 12:14:33,919 - LiveTelegramBot - INFO - ⏰ Uptime: 0:00:00.000123
2025-08-13 12:14:33,919 - LiveTelegramBot - INFO - 📊 Commands Processed: 0
2025-08-13 12:14:33,919 - LiveTelegramBot - INFO - 📤 Messages Sent: 0
2025-08-13 12:14:34,208 - working_telegram_bot - INFO - Start command executed by user 8093708320
2025-08-13 12:14:34,311 - working_telegram_bot - INFO - Signal generated: BTC/USD 📉 SELL at 90.0% accuracy
2025-08-13 12:14:34,625 - telegram.ext.Application - ERROR - No error handlers are registered, logging exception.
Traceback (most recent call last):
  File "/home/ubuntu/.local/lib/python3.13/site-packages/telegram/ext/_application.py", line 1311, in process_update
    await coroutine
  File "/home/ubuntu/.local/lib/python3.13/site-packages/telegram/ext/_handlers/basehandler.py", line 158, in handle_update
    return await self.callback(update, context)
           ^^^^^^^^^^^^^^^^^^^^^^^^^^^^^^^^^^^^
  File "/workspace/working_telegram_bot.py", line 303, in help_command
    await update.message.reply_text(help_message, parse_mode='Markdown', reply_markup=reply_markup)
  File "/home/ubuntu/.local/lib/python3.13/site-packages/telegram/_message.py", line 1910, in reply_text
    return await self.get_bot().send_message(
           ^^^^^^^^^^^^^^^^^^^^^^^^^^^^^^^^^^
    ...<19 lines>...
    )
    ^
  File "/home/ubuntu/.local/lib/python3.13/site-packages/telegram/ext/_extbot.py", line 3055, in send_message
    return await super().send_message(
           ^^^^^^^^^^^^^^^^^^^^^^^^^^^
    ...<21 lines>...
    )
    ^
  File "/home/ubuntu/.local/lib/python3.13/site-packages/telegram/_bot.py", line 1100, in send_message
    return await self._send_message(
           ^^^^^^^^^^^^^^^^^^^^^^^^^
    ...<19 lines>...
    )
    ^
  File "/home/ubuntu/.local/lib/python3.13/site-packages/telegram/ext/_extbot.py", line 630, in _send_message
    result = await super()._send_message(
             ^^^^^^^^^^^^^^^^^^^^^^^^^^^^
    ...<21 lines>...
    )
    ^
  File "/home/ubuntu/.local/lib/python3.13/site-packages/telegram/_bot.py", line 810, in _send_message
    result = await self._post(
             ^^^^^^^^^^^^^^^^^
    ...<7 lines>...
    )
    ^
  File "/home/ubuntu/.local/lib/python3.13/site-packages/telegram/_bot.py", line 698, in _post
    return await self._do_post(
           ^^^^^^^^^^^^^^^^^^^^
    ...<6 lines>...
    )
    ^
  File "/home/ubuntu/.local/lib/python3.13/site-packages/telegram/ext/_extbot.py", line 370, in _do_post
    return await super()._do_post(
           ^^^^^^^^^^^^^^^^^^^^^^^
    ...<6 lines>...
    )
    ^
  File "/home/ubuntu/.local/lib/python3.13/site-packages/telegram/_bot.py", line 727, in _do_post
    result = await request.post(
             ^^^^^^^^^^^^^^^^^^^
    ...<6 lines>...
    )
    ^
  File "/home/ubuntu/.local/lib/python3.13/site-packages/telegram/request/_baserequest.py", line 197, in post
    result = await self._request_wrapper(
             ^^^^^^^^^^^^^^^^^^^^^^^^^^^^
    ...<7 lines>...
    )
    ^
  File "/home/ubuntu/.local/lib/python3.13/site-packages/telegram/request/_baserequest.py", line 374, in _request_wrapper
    raise exception
telegram.error.BadRequest: Can't parse entities: can't find end of the entity starting at byte offset 462
2025-08-13 12:14:34,739 - working_telegram_bot - INFO - Test command executed successfully
2025-08-13 12:15:03,921 - LiveTelegramBot - INFO - 💚 Bot Health Check #2 - Status: HEALTHY
2025-08-13 12:15:03,921 - LiveTelegramBot - INFO - ⏰ Uptime: 0:00:30.001801
2025-08-13 12:15:03,921 - LiveTelegramBot - INFO - 📊 Commands Processed: 0
2025-08-13 12:15:03,921 - LiveTelegramBot - INFO - 📤 Messages Sent: 0
2025-08-13 12:15:33,923 - LiveTelegramBot - INFO - 💚 Bot Health Check #3 - Status: HEALTHY
2025-08-13 12:15:33,924 - LiveTelegramBot - INFO - ⏰ Uptime: 0:01:00.003935
2025-08-13 12:15:33,924 - LiveTelegramBot - INFO - 📊 Commands Processed: 0
2025-08-13 12:15:33,924 - LiveTelegramBot - INFO - 📤 Messages Sent: 0
