2025-08-15 06:15:21,511 - CompleteImplementation - INFO - 🎯 COMPLETE IMPLEMENTATION SYSTEM - ALL CRITICAL NEXT STEPS
2025-08-15 06:15:21,511 - CompleteImplementation - INFO - Mode: quick, Real data: False, Multi-pair: False, HF: False
2025-08-15 06:15:21,592 - RealDataCollector - INFO - ✅ yfinance data source available
2025-08-15 06:15:21,592 - RealDataCollector - INFO - ✅ Mock API data source available
2025-08-15 06:15:21,592 - CompleteImplementation - INFO - ============================================================
2025-08-15 06:15:21,592 - CompleteImplementation - INFO - STEP 1: 📊 COLLECTING COMPREHENSIVE MARKET DATA
2025-08-15 06:15:21,592 - CompleteImplementation - INFO - ============================================================
2025-08-15 06:15:21,592 - RealDataCollector - INFO - 🎲 Generating enhanced synthetic market data...
2025-08-15 06:15:21,847 - RealDataCollector - INFO - ✅ Enhanced synthetic data generated: 100,810 samples
2025-08-15 06:15:21,850 - CompleteImplementation - INFO - ============================================================
2025-08-15 06:15:21,850 - CompleteImplementation - INFO - STEP 4: 🤖 ENHANCED LSTM TRAINING
2025-08-15 06:15:21,850 - CompleteImplementation - INFO - ============================================================
2025-08-15 06:15:21,850 - LSTM_Model - INFO - Starting model training...
2025-08-15 06:15:23,851 - LSTM_Model - INFO - Created sequences: (100750, 60, 24), targets: (100750,)
2025-08-15 06:15:23,851 - LSTM_Model - INFO - Training data shapes - X: (100750, 60, 24), y: (100750,)
2025-08-15 06:15:24,969 - LSTM_Model - INFO - Starting training with 20 epochs
2025-08-15 06:16:56,705 - absl - WARNING - You are saving your model as an HDF5 file via `model.save()` or `keras.saving.save_model(model)`. This file format is considered legacy. We recommend using instead the native Keras format, e.g. `model.save('my_model.keras')` or `keras.saving.save_model(model, 'my_model.keras')`. 
2025-08-15 06:18:38,089 - absl - WARNING - You are saving your model as an HDF5 file via `model.save()` or `keras.saving.save_model(model)`. This file format is considered legacy. We recommend using instead the native Keras format, e.g. `model.save('my_model.keras')` or `keras.saving.save_model(model, 'my_model.keras')`. 
2025-08-15 06:20:12,724 - absl - WARNING - You are saving your model as an HDF5 file via `model.save()` or `keras.saving.save_model(model)`. This file format is considered legacy. We recommend using instead the native Keras format, e.g. `model.save('my_model.keras')` or `keras.saving.save_model(model, 'my_model.keras')`. 
2025-08-15 06:23:01,853 - absl - WARNING - You are saving your model as an HDF5 file via `model.save()` or `keras.saving.save_model(model)`. This file format is considered legacy. We recommend using instead the native Keras format, e.g. `model.save('my_model.keras')` or `keras.saving.save_model(model, 'my_model.keras')`. 
2025-08-15 06:30:06,803 - absl - WARNING - You are saving your model as an HDF5 file via `model.save()` or `keras.saving.save_model(model)`. This file format is considered legacy. We recommend using instead the native Keras format, e.g. `model.save('my_model.keras')` or `keras.saving.save_model(model, 'my_model.keras')`. 
