2025-08-12 10:46:27,302 - EnsembleTraining - INFO - 🚀 Ensemble Model Training Started
2025-08-12 10:46:27,302 - EnsembleTraining - INFO - Training mode: quick
2025-08-12 10:46:27,302 - EnsembleTraining - INFO - Validation split: 0.2
2025-08-12 10:46:27,302 - EnsembleTraining - INFO - Starting quick ensemble training: Quick training for testing
2025-08-12 10:46:27,310 - EnsembleTraining - WARNING - Could not load data for EUR/USD: 'DataManager' object has no attribute 'get_market_data'
2025-08-12 10:46:27,310 - EnsembleTraining - WARNING - Could not load data for GBP/USD: 'DataManager' object has no attribute 'get_market_data'
2025-08-12 10:46:27,310 - EnsembleTraining - WARNING - Could not load data for USD/JPY: 'DataManager' object has no attribute 'get_market_data'
2025-08-12 10:46:27,310 - EnsembleTraining - WARNING - Could not load data for AUD/USD: 'DataManager' object has no attribute 'get_market_data'
2025-08-12 10:46:27,310 - EnsembleTraining - WARNING - Could not load data for USD/CAD: 'DataManager' object has no attribute 'get_market_data'
2025-08-12 10:46:27,310 - EnsembleTraining - WARNING - Could not load data for NZD/USD: 'DataManager' object has no attribute 'get_market_data'
2025-08-12 10:46:27,310 - EnsembleTraining - INFO - Using sample data for ensemble training
2025-08-12 10:46:27,310 - EnsembleTraining - INFO - Creating sample training data for ensemble training...
2025-08-12 10:46:27,358 - EnsembleTraining - INFO - Created sample data: 17545 samples from 2023-01-01 00:00:00 to 2025-01-01 00:00:00
2025-08-12 10:46:27,358 - EnsembleTraining - INFO - Training data shape: (17545, 9)
2025-08-12 10:46:27,364 - EnsembleTraining - INFO - Starting ensemble training...
2025-08-12 10:46:27,364 - EnsembleTraining - INFO - Generating target labels...
2025-08-12 10:46:27,479 - EnsembleSignalGenerator - INFO - Starting ensemble training...
2025-08-12 10:46:27,479 - AdvancedFeatureEngine - INFO - Starting advanced feature generation...
2025-08-12 10:46:27,493 - VolumeProfileAnalyzer - ERROR - Error calculating volume indicators: input array type is not double
2025-08-12 10:46:27,518 - VolatilityClusteringAnalyzer - ERROR - Error calculating volatility features: 'Rolling' object has no attribute 'kurtosis'
2025-08-12 10:46:27,526 - AdvancedFeatureEngine - ERROR - Error calculating statistical features: 'Rolling' object has no attribute 'kurtosis'
2025-08-12 10:46:27,549 - AdvancedFeatureEngine - INFO - Generated 15 features
2025-08-12 10:46:27,550 - EnsembleSignalGenerator - ERROR - Error training ensemble: 'target'
2025-08-12 10:46:27,550 - EnsembleTraining - ERROR - ❌ Ensemble training failed with error: 'target'
2025-08-12 10:46:27,552 - EnsembleTraining - ERROR - Traceback (most recent call last):
  File "/home/ubuntu/.local/lib/python3.13/site-packages/pandas/core/indexes/base.py", line 3812, in get_loc
    return self._engine.get_loc(casted_key)
           ~~~~~~~~~~~~~~~~~~~~^^^^^^^^^^^^
  File "pandas/_libs/index.pyx", line 167, in pandas._libs.index.IndexEngine.get_loc
  File "pandas/_libs/index.pyx", line 196, in pandas._libs.index.IndexEngine.get_loc
  File "pandas/_libs/hashtable_class_helper.pxi", line 7088, in pandas._libs.hashtable.PyObjectHashTable.get_item
  File "pandas/_libs/hashtable_class_helper.pxi", line 7096, in pandas._libs.hashtable.PyObjectHashTable.get_item
KeyError: 'target'

The above exception was the direct cause of the following exception:

Traceback (most recent call last):
  File "/workspace/train_ensemble.py", line 212, in train_ensemble
    ensemble.train_ensemble(
    ~~~~~~~~~~~~~~~~~~~~~~~^
        data=training_data,
        ^^^^^^^^^^^^^^^^^^^
        validation_split=validation_split
        ^^^^^^^^^^^^^^^^^^^^^^^^^^^^^^^^^
    )
    ^
  File "/workspace/ensemble_models.py", line 636, in train_ensemble
    sequence_data, flat_data, targets = self.prepare_data(data)
                                        ~~~~~~~~~~~~~~~~~^^^^^^
  File "/workspace/ensemble_models.py", line 622, in prepare_data
    targets.append(processed_data['target'].iloc[i])
                   ~~~~~~~~~~~~~~^^^^^^^^^^
  File "/home/ubuntu/.local/lib/python3.13/site-packages/pandas/core/frame.py", line 4107, in __getitem__
    indexer = self.columns.get_loc(key)
  File "/home/ubuntu/.local/lib/python3.13/site-packages/pandas/core/indexes/base.py", line 3819, in get_loc
    raise KeyError(key) from err
KeyError: 'target'

2025-08-12 10:46:27,553 - EnsembleTraining - ERROR - 💥 Ensemble training failed!
