2025-08-12 10:40:03,099 - LSTMTraining - INFO - 🚀 LSTM Model Training Started
2025-08-12 10:40:03,099 - LSTMTraining - INFO - Training mode: quick
2025-08-12 10:40:03,099 - LSTMTraining - INFO - Validation split: 0.2
2025-08-12 10:40:03,099 - LSTMTraining - INFO - Starting quick training: Quick training for testing
2025-08-12 10:40:03,099 - LSTMTraining - INFO - Configuration: 50 epochs, batch size 32
2025-08-12 10:40:03,105 - LSTMTraining - WARNING - Could not load data for EUR/USD: 'DataManager' object has no attribute 'get_market_data'
2025-08-12 10:40:03,105 - LSTMTraining - WARNING - Could not load data for GBP/USD: 'DataManager' object has no attribute 'get_market_data'
2025-08-12 10:40:03,105 - LSTMTraining - WARNING - Could not load data for USD/JPY: 'DataManager' object has no attribute 'get_market_data'
2025-08-12 10:40:03,105 - LSTMTraining - WARNING - Could not load data for AUD/USD: 'DataManager' object has no attribute 'get_market_data'
2025-08-12 10:40:03,105 - LSTMTraining - INFO - Using sample data for training
2025-08-12 10:40:03,105 - LSTMTraining - INFO - Creating sample training data...
2025-08-12 10:40:03,128 - LSTMTraining - INFO - Created sample data: 8785 samples from 2024-01-01 00:00:00 to 2025-01-01 00:00:00
2025-08-12 10:40:03,128 - LSTMTraining - INFO - Training data shape: (8785, 6)
2025-08-12 10:40:03,128 - LSTMTraining - INFO - Starting model training...
2025-08-12 10:40:03,128 - LSTM_Model - INFO - Starting model training...
2025-08-12 10:40:13,297 - absl - WARNING - You are saving your model as an HDF5 file via `model.save()` or `keras.saving.save_model(model)`. This file format is considered legacy. We recommend using instead the native Keras format, e.g. `model.save('my_model.keras')` or `keras.saving.save_model(model, 'my_model.keras')`. 
2025-08-12 10:40:21,760 - absl - WARNING - You are saving your model as an HDF5 file via `model.save()` or `keras.saving.save_model(model)`. This file format is considered legacy. We recommend using instead the native Keras format, e.g. `model.save('my_model.keras')` or `keras.saving.save_model(model, 'my_model.keras')`. 
2025-08-12 10:40:32,056 - absl - WARNING - You are saving your model as an HDF5 file via `model.save()` or `keras.saving.save_model(model)`. This file format is considered legacy. We recommend using instead the native Keras format, e.g. `model.save('my_model.keras')` or `keras.saving.save_model(model, 'my_model.keras')`. 
2025-08-12 10:40:59,427 - absl - WARNING - You are saving your model as an HDF5 file via `model.save()` or `keras.saving.save_model(model)`. This file format is considered legacy. We recommend using instead the native Keras format, e.g. `model.save('my_model.keras')` or `keras.saving.save_model(model, 'my_model.keras')`. 
2025-08-12 10:42:47,864 - absl - WARNING - You are saving your model as an HDF5 file via `model.save()` or `keras.saving.save_model(model)`. This file format is considered legacy. We recommend using instead the native Keras format, e.g. `model.save('my_model.keras')` or `keras.saving.save_model(model, 'my_model.keras')`. 
2025-08-12 10:43:04,829 - absl - WARNING - You are saving your model as an HDF5 file via `model.save()` or `keras.saving.save_model(model)`. This file format is considered legacy. We recommend using instead the native Keras format, e.g. `model.save('my_model.keras')` or `keras.saving.save_model(model, 'my_model.keras')`. 
2025-08-12 10:43:56,528 - absl - WARNING - You are saving your model as an HDF5 file via `model.save()` or `keras.saving.save_model(model)`. This file format is considered legacy. We recommend using instead the native Keras format, e.g. `model.save('my_model.keras')` or `keras.saving.save_model(model, 'my_model.keras')`. 
2025-08-12 10:44:13,662 - absl - WARNING - You are saving your model as an HDF5 file via `model.save()` or `keras.saving.save_model(model)`. This file format is considered legacy. We recommend using instead the native Keras format, e.g. `model.save('my_model.keras')` or `keras.saving.save_model(model, 'my_model.keras')`. 
2025-08-12 10:44:22,401 - absl - WARNING - You are saving your model as an HDF5 file via `model.save()` or `keras.saving.save_model(model)`. This file format is considered legacy. We recommend using instead the native Keras format, e.g. `model.save('my_model.keras')` or `keras.saving.save_model(model, 'my_model.keras')`. 
2025-08-12 10:44:30,854 - absl - WARNING - You are saving your model as an HDF5 file via `model.save()` or `keras.saving.save_model(model)`. This file format is considered legacy. We recommend using instead the native Keras format, e.g. `model.save('my_model.keras')` or `keras.saving.save_model(model, 'my_model.keras')`. 
2025-08-12 10:44:39,355 - absl - WARNING - You are saving your model as an HDF5 file via `model.save()` or `keras.saving.save_model(model)`. This file format is considered legacy. We recommend using instead the native Keras format, e.g. `model.save('my_model.keras')` or `keras.saving.save_model(model, 'my_model.keras')`. 
2025-08-12 10:45:23,326 - absl - WARNING - You are saving your model as an HDF5 file via `model.save()` or `keras.saving.save_model(model)`. This file format is considered legacy. We recommend using instead the native Keras format, e.g. `model.save('my_model.keras')` or `keras.saving.save_model(model, 'my_model.keras')`. 
2025-08-12 10:45:35,052 - LSTM_Model - INFO - Training accuracy: 0.5181
2025-08-12 10:45:35,052 - LSTM_Model - INFO - Test accuracy: 0.4980
2025-08-12 10:45:35,056 - LSTMTraining - INFO - Training completed in 0:05:31.928403
2025-08-12 10:45:35,057 - absl - WARNING - You are saving your model as an HDF5 file via `model.save()` or `keras.saving.save_model(model)`. This file format is considered legacy. We recommend using instead the native Keras format, e.g. `model.save('my_model.keras')` or `keras.saving.save_model(model, 'my_model.keras')`. 
2025-08-12 10:45:35,088 - LSTM_Model - INFO - Model saved to /workspace/models//lstm_model_quick_20250812_104535.h5
2025-08-12 10:45:35,088 - LSTMTraining - INFO - Model saved to: /workspace/models//lstm_model_quick_20250812_104535.h5
2025-08-12 10:45:35,088 - LSTMTraining - INFO - Testing trained model...
2025-08-12 10:45:35,368 - LSTMTraining - INFO - Test prediction: BUY (confidence: 44.75%)
2025-08-12 10:45:35,368 - LSTMTraining - INFO - ✅ Model training successful!
2025-08-12 10:45:35,368 - LSTMTraining - INFO - 🎉 Training completed successfully!
2025-08-12 10:45:35,368 - LSTMTraining - INFO - Model saved in: /workspace/models/
2025-08-12 10:45:35,368 - LSTMTraining - INFO - You can now use the trained model with your trading system!
