2025-08-10 11:58:43,253 - LSTM_Model - ERROR - Failed to load model: [Errno 2] Unable to synchronously open file (unable to open file: name = '/workspace/models//lstm_trading_model.h5', errno = 2, error message = 'No such file or directory', flags = 0, o_flags = 0)
2025-08-10 11:58:43,253 - LSTM_Model - ERROR - Failed to load model: [Errno 2] Unable to synchronously open file (unable to open file: name = '/workspace/models//lstm_trading_model.h5', errno = 2, error message = 'No such file or directory', flags = 0, o_flags = 0)
2025-08-10 11:58:44,223 - LSTM_Model - ERROR - Failed to load model: [Errno 2] Unable to synchronously open file (unable to open file: name = '/workspace/models//lstm_trading_model.h5', errno = 2, error message = 'No such file or directory', flags = 0, o_flags = 0)
2025-08-10 11:58:44,223 - LSTM_Model - ERROR - Failed to load model: [Errno 2] Unable to synchronously open file (unable to open file: name = '/workspace/models//lstm_trading_model.h5', errno = 2, error message = 'No such file or directory', flags = 0, o_flags = 0)
2025-08-10 12:00:04,021 - LSTM_Model - ERROR - Failed to load model: [Errno 2] Unable to synchronously open file (unable to open file: name = '/workspace/models//lstm_trading_model.h5', errno = 2, error message = 'No such file or directory', flags = 0, o_flags = 0)
2025-08-10 12:00:04,021 - LSTM_Model - ERROR - Failed to load model: [Errno 2] Unable to synchronously open file (unable to open file: name = '/workspace/models//lstm_trading_model.h5', errno = 2, error message = 'No such file or directory', flags = 0, o_flags = 0)
2025-08-10 12:00:05,066 - LSTM_Model - ERROR - Failed to load model: [Errno 2] Unable to synchronously open file (unable to open file: name = '/workspace/models//lstm_trading_model.h5', errno = 2, error message = 'No such file or directory', flags = 0, o_flags = 0)
2025-08-10 12:00:05,066 - LSTM_Model - ERROR - Failed to load model: [Errno 2] Unable to synchronously open file (unable to open file: name = '/workspace/models//lstm_trading_model.h5', errno = 2, error message = 'No such file or directory', flags = 0, o_flags = 0)
2025-08-10 12:00:45,251 - LSTM_Model - ERROR - Failed to load model: [Errno 2] Unable to synchronously open file (unable to open file: name = '/workspace/models//lstm_trading_model.h5', errno = 2, error message = 'No such file or directory', flags = 0, o_flags = 0)
2025-08-10 12:00:45,251 - LSTM_Model - ERROR - Failed to load model: [Errno 2] Unable to synchronously open file (unable to open file: name = '/workspace/models//lstm_trading_model.h5', errno = 2, error message = 'No such file or directory', flags = 0, o_flags = 0)
2025-08-10 12:00:46,292 - LSTM_Model - ERROR - Failed to load model: [Errno 2] Unable to synchronously open file (unable to open file: name = '/workspace/models//lstm_trading_model.h5', errno = 2, error message = 'No such file or directory', flags = 0, o_flags = 0)
2025-08-10 12:00:46,292 - LSTM_Model - ERROR - Failed to load model: [Errno 2] Unable to synchronously open file (unable to open file: name = '/workspace/models//lstm_trading_model.h5', errno = 2, error message = 'No such file or directory', flags = 0, o_flags = 0)
2025-08-10 12:05:38,414 - LSTM_Model - ERROR - Failed to load model: [Errno 2] Unable to synchronously open file (unable to open file: name = '/workspace/models//lstm_trading_model.h5', errno = 2, error message = 'No such file or directory', flags = 0, o_flags = 0)
2025-08-10 12:05:38,414 - LSTM_Model - ERROR - Failed to load model: [Errno 2] Unable to synchronously open file (unable to open file: name = '/workspace/models//lstm_trading_model.h5', errno = 2, error message = 'No such file or directory', flags = 0, o_flags = 0)
2025-08-10 12:05:39,545 - LSTM_Model - ERROR - Failed to load model: [Errno 2] Unable to synchronously open file (unable to open file: name = '/workspace/models//lstm_trading_model.h5', errno = 2, error message = 'No such file or directory', flags = 0, o_flags = 0)
2025-08-10 12:05:39,545 - LSTM_Model - ERROR - Failed to load model: [Errno 2] Unable to synchronously open file (unable to open file: name = '/workspace/models//lstm_trading_model.h5', errno = 2, error message = 'No such file or directory', flags = 0, o_flags = 0)
2025-08-10 12:06:28,989 - LSTM_Model - ERROR - Failed to load model: [Errno 2] Unable to synchronously open file (unable to open file: name = '/workspace/models//lstm_trading_model.h5', errno = 2, error message = 'No such file or directory', flags = 0, o_flags = 0)
2025-08-10 12:06:28,989 - LSTM_Model - ERROR - Failed to load model: [Errno 2] Unable to synchronously open file (unable to open file: name = '/workspace/models//lstm_trading_model.h5', errno = 2, error message = 'No such file or directory', flags = 0, o_flags = 0)
2025-08-10 12:06:30,068 - LSTM_Model - ERROR - Failed to load model: [Errno 2] Unable to synchronously open file (unable to open file: name = '/workspace/models//lstm_trading_model.h5', errno = 2, error message = 'No such file or directory', flags = 0, o_flags = 0)
2025-08-10 12:06:30,068 - LSTM_Model - ERROR - Failed to load model: [Errno 2] Unable to synchronously open file (unable to open file: name = '/workspace/models//lstm_trading_model.h5', errno = 2, error message = 'No such file or directory', flags = 0, o_flags = 0)
2025-08-10 12:07:08,597 - LSTM_Model - ERROR - Failed to load model: [Errno 2] Unable to synchronously open file (unable to open file: name = '/workspace/models//lstm_trading_model.h5', errno = 2, error message = 'No such file or directory', flags = 0, o_flags = 0)
2025-08-10 12:07:08,597 - LSTM_Model - ERROR - Failed to load model: [Errno 2] Unable to synchronously open file (unable to open file: name = '/workspace/models//lstm_trading_model.h5', errno = 2, error message = 'No such file or directory', flags = 0, o_flags = 0)
2025-08-10 12:07:09,607 - LSTM_Model - ERROR - Failed to load model: [Errno 2] Unable to synchronously open file (unable to open file: name = '/workspace/models//lstm_trading_model.h5', errno = 2, error message = 'No such file or directory', flags = 0, o_flags = 0)
2025-08-10 12:07:09,607 - LSTM_Model - ERROR - Failed to load model: [Errno 2] Unable to synchronously open file (unable to open file: name = '/workspace/models//lstm_trading_model.h5', errno = 2, error message = 'No such file or directory', flags = 0, o_flags = 0)
2025-08-10 12:07:30,707 - LSTM_Model - ERROR - Failed to load model: [Errno 2] Unable to synchronously open file (unable to open file: name = '/workspace/models//lstm_trading_model.h5', errno = 2, error message = 'No such file or directory', flags = 0, o_flags = 0)
2025-08-10 12:07:30,707 - LSTM_Model - ERROR - Failed to load model: [Errno 2] Unable to synchronously open file (unable to open file: name = '/workspace/models//lstm_trading_model.h5', errno = 2, error message = 'No such file or directory', flags = 0, o_flags = 0)
2025-08-10 12:07:31,790 - LSTM_Model - ERROR - Failed to load model: [Errno 2] Unable to synchronously open file (unable to open file: name = '/workspace/models//lstm_trading_model.h5', errno = 2, error message = 'No such file or directory', flags = 0, o_flags = 0)
2025-08-10 12:07:31,790 - LSTM_Model - ERROR - Failed to load model: [Errno 2] Unable to synchronously open file (unable to open file: name = '/workspace/models//lstm_trading_model.h5', errno = 2, error message = 'No such file or directory', flags = 0, o_flags = 0)
2025-08-10 12:07:51,486 - LSTM_Model - ERROR - Failed to load model: [Errno 2] Unable to synchronously open file (unable to open file: name = '/workspace/models//lstm_trading_model.h5', errno = 2, error message = 'No such file or directory', flags = 0, o_flags = 0)
2025-08-10 12:07:51,486 - LSTM_Model - ERROR - Failed to load model: [Errno 2] Unable to synchronously open file (unable to open file: name = '/workspace/models//lstm_trading_model.h5', errno = 2, error message = 'No such file or directory', flags = 0, o_flags = 0)
2025-08-10 12:07:52,486 - LSTM_Model - ERROR - Failed to load model: [Errno 2] Unable to synchronously open file (unable to open file: name = '/workspace/models//lstm_trading_model.h5', errno = 2, error message = 'No such file or directory', flags = 0, o_flags = 0)
2025-08-10 12:07:52,486 - LSTM_Model - ERROR - Failed to load model: [Errno 2] Unable to synchronously open file (unable to open file: name = '/workspace/models//lstm_trading_model.h5', errno = 2, error message = 'No such file or directory', flags = 0, o_flags = 0)
2025-08-10 23:04:03,039 - LSTM_Model - ERROR - Failed to load model: [Errno 2] Unable to synchronously open file (unable to open file: name = '/workspace/models//lstm_trading_model.h5', errno = 2, error message = 'No such file or directory', flags = 0, o_flags = 0)
2025-08-10 23:04:03,039 - LSTM_Model - ERROR - Failed to load model: [Errno 2] Unable to synchronously open file (unable to open file: name = '/workspace/models//lstm_trading_model.h5', errno = 2, error message = 'No such file or directory', flags = 0, o_flags = 0)
2025-08-10 23:04:04,102 - LSTM_Model - ERROR - Failed to load model: [Errno 2] Unable to synchronously open file (unable to open file: name = '/workspace/models//lstm_trading_model.h5', errno = 2, error message = 'No such file or directory', flags = 0, o_flags = 0)
2025-08-10 23:04:04,102 - LSTM_Model - ERROR - Failed to load model: [Errno 2] Unable to synchronously open file (unable to open file: name = '/workspace/models//lstm_trading_model.h5', errno = 2, error message = 'No such file or directory', flags = 0, o_flags = 0)
2025-08-11 00:24:00,490 - LSTM_Model - ERROR - Failed to load model: [Errno 2] Unable to synchronously open file (unable to open file: name = '/workspace/models//lstm_trading_model.h5', errno = 2, error message = 'No such file or directory', flags = 0, o_flags = 0)
2025-08-11 00:24:00,490 - LSTM_Model - ERROR - Failed to load model: [Errno 2] Unable to synchronously open file (unable to open file: name = '/workspace/models//lstm_trading_model.h5', errno = 2, error message = 'No such file or directory', flags = 0, o_flags = 0)
2025-08-11 00:24:01,355 - LSTM_Model - ERROR - Failed to load model: [Errno 2] Unable to synchronously open file (unable to open file: name = '/workspace/models//lstm_trading_model.h5', errno = 2, error message = 'No such file or directory', flags = 0, o_flags = 0)
2025-08-11 00:24:01,355 - LSTM_Model - ERROR - Failed to load model: [Errno 2] Unable to synchronously open file (unable to open file: name = '/workspace/models//lstm_trading_model.h5', errno = 2, error message = 'No such file or directory', flags = 0, o_flags = 0)
2025-08-11 01:51:00,174 - LSTM_Model - ERROR - Failed to load model: [Errno 2] Unable to synchronously open file (unable to open file: name = '/workspace/models//lstm_trading_model.h5', errno = 2, error message = 'No such file or directory', flags = 0, o_flags = 0)
2025-08-11 01:51:00,174 - LSTM_Model - ERROR - Failed to load model: [Errno 2] Unable to synchronously open file (unable to open file: name = '/workspace/models//lstm_trading_model.h5', errno = 2, error message = 'No such file or directory', flags = 0, o_flags = 0)
2025-08-11 01:51:01,260 - LSTM_Model - ERROR - Failed to load model: [Errno 2] Unable to synchronously open file (unable to open file: name = '/workspace/models//lstm_trading_model.h5', errno = 2, error message = 'No such file or directory', flags = 0, o_flags = 0)
2025-08-11 01:51:01,260 - LSTM_Model - ERROR - Failed to load model: [Errno 2] Unable to synchronously open file (unable to open file: name = '/workspace/models//lstm_trading_model.h5', errno = 2, error message = 'No such file or directory', flags = 0, o_flags = 0)
2025-08-12 10:11:02,465 - LSTM_Model - INFO - Starting model training...
2025-08-12 10:11:21,095 - LSTM_Model - INFO - Starting model training...
2025-08-12 10:11:34,776 - LSTM_Model - INFO - Starting model training...
2025-08-12 10:17:12,409 - LSTM_Model - INFO - Training accuracy: 0.5256
2025-08-12 10:17:12,410 - LSTM_Model - INFO - Test accuracy: 0.5135
2025-08-12 10:17:12,441 - LSTM_Model - INFO - Model saved to /workspace/models//lstm_model_quick_20250812_101712.h5
2025-08-12 10:17:43,579 - LSTM_Model - ERROR - Failed to load model: [Errno 2] Unable to synchronously open file (unable to open file: name = '/workspace/models//lstm_trading_model.h5', errno = 2, error message = 'No such file or directory', flags = 0, o_flags = 0)
2025-08-12 10:17:43,579 - LSTM_Model - ERROR - Failed to load model: [Errno 2] Unable to synchronously open file (unable to open file: name = '/workspace/models//lstm_trading_model.h5', errno = 2, error message = 'No such file or directory', flags = 0, o_flags = 0)
2025-08-12 10:17:43,579 - LSTM_Model - ERROR - Failed to load model: [Errno 2] Unable to synchronously open file (unable to open file: name = '/workspace/models//lstm_trading_model.h5', errno = 2, error message = 'No such file or directory', flags = 0, o_flags = 0)
2025-08-12 10:17:43,580 - LSTM_Model - ERROR - Failed to load model: [Errno 2] Unable to synchronously open file (unable to open file: name = '/workspace/models//lstm_trading_model.h5', errno = 2, error message = 'No such file or directory', flags = 0, o_flags = 0)
2025-08-12 10:17:43,580 - LSTM_Model - ERROR - Failed to load model: [Errno 2] Unable to synchronously open file (unable to open file: name = '/workspace/models//lstm_trading_model.h5', errno = 2, error message = 'No such file or directory', flags = 0, o_flags = 0)
2025-08-12 10:17:43,580 - LSTM_Model - ERROR - Failed to load model: [Errno 2] Unable to synchronously open file (unable to open file: name = '/workspace/models//lstm_trading_model.h5', errno = 2, error message = 'No such file or directory', flags = 0, o_flags = 0)
2025-08-12 10:17:44,668 - LSTM_Model - ERROR - Failed to load model: [Errno 2] Unable to synchronously open file (unable to open file: name = '/workspace/models//lstm_trading_model.h5', errno = 2, error message = 'No such file or directory', flags = 0, o_flags = 0)
2025-08-12 10:17:44,668 - LSTM_Model - ERROR - Failed to load model: [Errno 2] Unable to synchronously open file (unable to open file: name = '/workspace/models//lstm_trading_model.h5', errno = 2, error message = 'No such file or directory', flags = 0, o_flags = 0)
2025-08-12 10:17:44,668 - LSTM_Model - ERROR - Failed to load model: [Errno 2] Unable to synchronously open file (unable to open file: name = '/workspace/models//lstm_trading_model.h5', errno = 2, error message = 'No such file or directory', flags = 0, o_flags = 0)
