2025-08-10 11:58:43,556 - PocketOptionAPI - ERROR - WebSocket error: scheme https is invalid
2025-08-10 11:58:43,556 - PocketOptionAPI - ERROR - WebSocket error: scheme https is invalid
2025-08-10 11:58:43,556 - PocketOptionAPI - ERROR - WebSocket error: scheme https is invalid
2025-08-10 11:58:43,556 - PocketOptionAPI - INFO - WebSocket connection closed
2025-08-10 11:58:43,556 - PocketOptionAPI - INFO - WebSocket connection closed
2025-08-10 11:58:43,556 - PocketOptionAPI - INFO - WebSocket connection closed
2025-08-10 11:58:43,714 - PocketOptionAPI - ERROR - Failed to get market data: 404
2025-08-10 11:58:43,714 - PocketOptionAPI - ERROR - Failed to get market data: 404
2025-08-10 11:58:43,714 - PocketOptionAPI - ERROR - Failed to get market data: 404
2025-08-10 11:58:43,888 - PocketOptionAPI - ERROR - Failed to get market data: 404
2025-08-10 11:58:43,888 - PocketOptionAPI - ERROR - Failed to get market data: 404
2025-08-10 11:58:43,888 - PocketOptionAPI - ERROR - Failed to get market data: 404
2025-08-10 11:58:44,055 - PocketOptionAPI - ERROR - Failed to get market data: 404
2025-08-10 11:58:44,055 - PocketOptionAPI - ERROR - Failed to get market data: 404
2025-08-10 11:58:44,055 - PocketOptionAPI - ERROR - Failed to get market data: 404
2025-08-10 11:58:44,222 - PocketOptionAPI - ERROR - Failed to get market data: 404
2025-08-10 11:58:44,222 - PocketOptionAPI - ERROR - Failed to get market data: 404
2025-08-10 11:58:44,222 - PocketOptionAPI - ERROR - Failed to get market data: 404
2025-08-10 11:58:44,530 - PocketOptionAPI - ERROR - WebSocket error: scheme https is invalid
2025-08-10 11:58:44,530 - PocketOptionAPI - ERROR - WebSocket error: scheme https is invalid
2025-08-10 11:58:44,530 - PocketOptionAPI - ERROR - WebSocket error: scheme https is invalid
2025-08-10 11:58:44,530 - PocketOptionAPI - INFO - WebSocket connection closed
2025-08-10 11:58:44,530 - PocketOptionAPI - INFO - WebSocket connection closed
2025-08-10 11:58:44,530 - PocketOptionAPI - INFO - WebSocket connection closed
2025-08-10 11:58:44,719 - PocketOptionAPI - ERROR - Failed to get market data: 404
2025-08-10 11:58:44,719 - PocketOptionAPI - ERROR - Failed to get market data: 404
2025-08-10 11:58:44,719 - PocketOptionAPI - ERROR - Failed to get market data: 404
2025-08-10 11:58:44,908 - PocketOptionAPI - ERROR - Failed to get market data: 404
2025-08-10 11:58:44,908 - PocketOptionAPI - ERROR - Failed to get market data: 404
2025-08-10 11:58:44,908 - PocketOptionAPI - ERROR - Failed to get market data: 404
2025-08-10 11:58:45,087 - PocketOptionAPI - ERROR - Failed to get market data: 404
2025-08-10 11:58:45,087 - PocketOptionAPI - ERROR - Failed to get market data: 404
2025-08-10 11:58:45,087 - PocketOptionAPI - ERROR - Failed to get market data: 404
2025-08-10 11:58:45,267 - PocketOptionAPI - ERROR - Failed to get market data: 404
2025-08-10 11:58:45,267 - PocketOptionAPI - ERROR - Failed to get market data: 404
2025-08-10 11:58:45,267 - PocketOptionAPI - ERROR - Failed to get market data: 404
2025-08-10 12:00:04,020 - PocketOptionAPI - INFO - Using OTC pairs for weekend trading
2025-08-10 12:00:04,020 - PocketOptionAPI - INFO - Using OTC pairs for weekend trading
2025-08-10 12:00:04,020 - PocketOptionAPI - INFO - Using OTC pairs for weekend trading
2025-08-10 12:00:04,342 - PocketOptionAPI - ERROR - WebSocket error: scheme https is invalid
2025-08-10 12:00:04,342 - PocketOptionAPI - ERROR - WebSocket error: scheme https is invalid
2025-08-10 12:00:04,342 - PocketOptionAPI - ERROR - WebSocket error: scheme https is invalid
2025-08-10 12:00:04,342 - PocketOptionAPI - INFO - WebSocket connection closed
2025-08-10 12:00:04,342 - PocketOptionAPI - INFO - WebSocket connection closed
2025-08-10 12:00:04,342 - PocketOptionAPI - INFO - WebSocket connection closed
2025-08-10 12:00:04,515 - PocketOptionAPI - ERROR - Failed to get market data: 404
2025-08-10 12:00:04,515 - PocketOptionAPI - ERROR - Failed to get market data: 404
2025-08-10 12:00:04,515 - PocketOptionAPI - ERROR - Failed to get market data: 404
2025-08-10 12:00:04,709 - PocketOptionAPI - ERROR - Failed to get market data: 404
2025-08-10 12:00:04,709 - PocketOptionAPI - ERROR - Failed to get market data: 404
2025-08-10 12:00:04,709 - PocketOptionAPI - ERROR - Failed to get market data: 404
2025-08-10 12:00:04,887 - PocketOptionAPI - ERROR - Failed to get market data: 404
2025-08-10 12:00:04,887 - PocketOptionAPI - ERROR - Failed to get market data: 404
2025-08-10 12:00:04,887 - PocketOptionAPI - ERROR - Failed to get market data: 404
2025-08-10 12:00:05,065 - PocketOptionAPI - ERROR - Failed to get market data: 404
2025-08-10 12:00:05,065 - PocketOptionAPI - ERROR - Failed to get market data: 404
2025-08-10 12:00:05,065 - PocketOptionAPI - ERROR - Failed to get market data: 404
2025-08-10 12:00:05,370 - PocketOptionAPI - ERROR - WebSocket error: scheme https is invalid
2025-08-10 12:00:05,370 - PocketOptionAPI - ERROR - WebSocket error: scheme https is invalid
2025-08-10 12:00:05,370 - PocketOptionAPI - ERROR - WebSocket error: scheme https is invalid
2025-08-10 12:00:05,370 - PocketOptionAPI - INFO - WebSocket connection closed
2025-08-10 12:00:05,370 - PocketOptionAPI - INFO - WebSocket connection closed
2025-08-10 12:00:05,370 - PocketOptionAPI - INFO - WebSocket connection closed
2025-08-10 12:00:05,558 - PocketOptionAPI - ERROR - Failed to get market data: 404
2025-08-10 12:00:05,558 - PocketOptionAPI - ERROR - Failed to get market data: 404
2025-08-10 12:00:05,558 - PocketOptionAPI - ERROR - Failed to get market data: 404
2025-08-10 12:00:05,748 - PocketOptionAPI - ERROR - Failed to get market data: 404
2025-08-10 12:00:05,748 - PocketOptionAPI - ERROR - Failed to get market data: 404
2025-08-10 12:00:05,748 - PocketOptionAPI - ERROR - Failed to get market data: 404
2025-08-10 12:00:05,935 - PocketOptionAPI - ERROR - Failed to get market data: 404
2025-08-10 12:00:05,935 - PocketOptionAPI - ERROR - Failed to get market data: 404
2025-08-10 12:00:05,935 - PocketOptionAPI - ERROR - Failed to get market data: 404
2025-08-10 12:00:06,118 - PocketOptionAPI - ERROR - Failed to get market data: 404
2025-08-10 12:00:06,118 - PocketOptionAPI - ERROR - Failed to get market data: 404
2025-08-10 12:00:06,118 - PocketOptionAPI - ERROR - Failed to get market data: 404
2025-08-10 12:00:45,250 - PocketOptionAPI - INFO - Using OTC pairs for weekend trading
2025-08-10 12:00:45,250 - PocketOptionAPI - INFO - Using OTC pairs for weekend trading
2025-08-10 12:00:45,250 - PocketOptionAPI - INFO - Using OTC pairs for weekend trading
2025-08-10 12:00:45,576 - PocketOptionAPI - ERROR - WebSocket error: scheme https is invalid
2025-08-10 12:00:45,576 - PocketOptionAPI - ERROR - WebSocket error: scheme https is invalid
2025-08-10 12:00:45,576 - PocketOptionAPI - ERROR - WebSocket error: scheme https is invalid
2025-08-10 12:00:45,576 - PocketOptionAPI - INFO - WebSocket connection closed
2025-08-10 12:00:45,576 - PocketOptionAPI - INFO - WebSocket connection closed
2025-08-10 12:00:45,576 - PocketOptionAPI - INFO - WebSocket connection closed
2025-08-10 12:00:45,743 - PocketOptionAPI - ERROR - Failed to get market data: 404
2025-08-10 12:00:45,743 - PocketOptionAPI - ERROR - Failed to get market data: 404
2025-08-10 12:00:45,743 - PocketOptionAPI - ERROR - Failed to get market data: 404
2025-08-10 12:00:45,932 - PocketOptionAPI - ERROR - Failed to get market data: 404
2025-08-10 12:00:45,932 - PocketOptionAPI - ERROR - Failed to get market data: 404
2025-08-10 12:00:45,932 - PocketOptionAPI - ERROR - Failed to get market data: 404
2025-08-10 12:00:46,111 - PocketOptionAPI - ERROR - Failed to get market data: 404
2025-08-10 12:00:46,111 - PocketOptionAPI - ERROR - Failed to get market data: 404
2025-08-10 12:00:46,111 - PocketOptionAPI - ERROR - Failed to get market data: 404
2025-08-10 12:00:46,291 - PocketOptionAPI - ERROR - Failed to get market data: 404
2025-08-10 12:00:46,291 - PocketOptionAPI - ERROR - Failed to get market data: 404
2025-08-10 12:00:46,291 - PocketOptionAPI - ERROR - Failed to get market data: 404
2025-08-10 12:00:46,602 - PocketOptionAPI - ERROR - WebSocket error: scheme https is invalid
2025-08-10 12:00:46,602 - PocketOptionAPI - ERROR - WebSocket error: scheme https is invalid
2025-08-10 12:00:46,602 - PocketOptionAPI - ERROR - WebSocket error: scheme https is invalid
2025-08-10 12:00:46,602 - PocketOptionAPI - INFO - WebSocket connection closed
2025-08-10 12:00:46,602 - PocketOptionAPI - INFO - WebSocket connection closed
2025-08-10 12:00:46,602 - PocketOptionAPI - INFO - WebSocket connection closed
2025-08-10 12:00:46,794 - PocketOptionAPI - ERROR - Failed to get market data: 404
2025-08-10 12:00:46,794 - PocketOptionAPI - ERROR - Failed to get market data: 404
2025-08-10 12:00:46,794 - PocketOptionAPI - ERROR - Failed to get market data: 404
2025-08-10 12:00:46,982 - PocketOptionAPI - ERROR - Failed to get market data: 404
2025-08-10 12:00:46,982 - PocketOptionAPI - ERROR - Failed to get market data: 404
2025-08-10 12:00:46,982 - PocketOptionAPI - ERROR - Failed to get market data: 404
2025-08-10 12:00:47,159 - PocketOptionAPI - ERROR - Failed to get market data: 404
2025-08-10 12:00:47,159 - PocketOptionAPI - ERROR - Failed to get market data: 404
2025-08-10 12:00:47,159 - PocketOptionAPI - ERROR - Failed to get market data: 404
2025-08-10 12:00:47,337 - PocketOptionAPI - ERROR - Failed to get market data: 404
2025-08-10 12:00:47,337 - PocketOptionAPI - ERROR - Failed to get market data: 404
2025-08-10 12:00:47,337 - PocketOptionAPI - ERROR - Failed to get market data: 404
2025-08-10 12:05:38,413 - PocketOptionAPI - INFO - Using OTC pairs for weekend trading
2025-08-10 12:05:38,413 - PocketOptionAPI - INFO - Using OTC pairs for weekend trading
2025-08-10 12:05:38,413 - PocketOptionAPI - INFO - Using OTC pairs for weekend trading
2025-08-10 12:05:38,722 - PocketOptionAPI - ERROR - WebSocket error: scheme https is invalid
2025-08-10 12:05:38,722 - PocketOptionAPI - ERROR - WebSocket error: scheme https is invalid
2025-08-10 12:05:38,722 - PocketOptionAPI - ERROR - WebSocket error: scheme https is invalid
2025-08-10 12:05:38,722 - PocketOptionAPI - INFO - WebSocket connection closed
2025-08-10 12:05:38,722 - PocketOptionAPI - INFO - WebSocket connection closed
2025-08-10 12:05:38,722 - PocketOptionAPI - INFO - WebSocket connection closed
2025-08-10 12:05:38,917 - PocketOptionAPI - ERROR - Failed to get market data: 404
2025-08-10 12:05:38,917 - PocketOptionAPI - ERROR - Failed to get market data: 404
2025-08-10 12:05:38,917 - PocketOptionAPI - ERROR - Failed to get market data: 404
2025-08-10 12:05:39,136 - PocketOptionAPI - ERROR - Failed to get market data: 404
2025-08-10 12:05:39,136 - PocketOptionAPI - ERROR - Failed to get market data: 404
2025-08-10 12:05:39,136 - PocketOptionAPI - ERROR - Failed to get market data: 404
2025-08-10 12:05:39,330 - PocketOptionAPI - ERROR - Failed to get market data: 404
2025-08-10 12:05:39,330 - PocketOptionAPI - ERROR - Failed to get market data: 404
2025-08-10 12:05:39,330 - PocketOptionAPI - ERROR - Failed to get market data: 404
2025-08-10 12:05:39,544 - PocketOptionAPI - ERROR - Failed to get market data: 404
2025-08-10 12:05:39,544 - PocketOptionAPI - ERROR - Failed to get market data: 404
2025-08-10 12:05:39,544 - PocketOptionAPI - ERROR - Failed to get market data: 404
2025-08-10 12:05:39,888 - PocketOptionAPI - ERROR - WebSocket error: scheme https is invalid
2025-08-10 12:05:39,888 - PocketOptionAPI - ERROR - WebSocket error: scheme https is invalid
2025-08-10 12:05:39,888 - PocketOptionAPI - ERROR - WebSocket error: scheme https is invalid
2025-08-10 12:05:39,889 - PocketOptionAPI - INFO - WebSocket connection closed
2025-08-10 12:05:39,889 - PocketOptionAPI - INFO - WebSocket connection closed
2025-08-10 12:05:39,889 - PocketOptionAPI - INFO - WebSocket connection closed
2025-08-10 12:05:40,072 - PocketOptionAPI - ERROR - Failed to get market data: 404
2025-08-10 12:05:40,072 - PocketOptionAPI - ERROR - Failed to get market data: 404
2025-08-10 12:05:40,072 - PocketOptionAPI - ERROR - Failed to get market data: 404
2025-08-10 12:05:40,266 - PocketOptionAPI - ERROR - Failed to get market data: 404
2025-08-10 12:05:40,266 - PocketOptionAPI - ERROR - Failed to get market data: 404
2025-08-10 12:05:40,266 - PocketOptionAPI - ERROR - Failed to get market data: 404
2025-08-10 12:05:40,453 - PocketOptionAPI - ERROR - Failed to get market data: 404
2025-08-10 12:05:40,453 - PocketOptionAPI - ERROR - Failed to get market data: 404
2025-08-10 12:05:40,453 - PocketOptionAPI - ERROR - Failed to get market data: 404
2025-08-10 12:05:40,641 - PocketOptionAPI - ERROR - Failed to get market data: 404
2025-08-10 12:05:40,641 - PocketOptionAPI - ERROR - Failed to get market data: 404
2025-08-10 12:05:40,641 - PocketOptionAPI - ERROR - Failed to get market data: 404
2025-08-10 12:06:28,987 - PocketOptionAPI - INFO - Using OTC pairs for weekend trading
2025-08-10 12:06:28,987 - PocketOptionAPI - INFO - Using OTC pairs for weekend trading
2025-08-10 12:06:28,987 - PocketOptionAPI - INFO - Using OTC pairs for weekend trading
2025-08-10 12:06:29,318 - PocketOptionAPI - ERROR - WebSocket error: scheme https is invalid
2025-08-10 12:06:29,318 - PocketOptionAPI - ERROR - WebSocket error: scheme https is invalid
2025-08-10 12:06:29,318 - PocketOptionAPI - ERROR - WebSocket error: scheme https is invalid
2025-08-10 12:06:29,319 - PocketOptionAPI - INFO - WebSocket connection closed
2025-08-10 12:06:29,319 - PocketOptionAPI - INFO - WebSocket connection closed
2025-08-10 12:06:29,319 - PocketOptionAPI - INFO - WebSocket connection closed
2025-08-10 12:06:29,488 - PocketOptionAPI - ERROR - Failed to get market data: 404
2025-08-10 12:06:29,488 - PocketOptionAPI - ERROR - Failed to get market data: 404
2025-08-10 12:06:29,488 - PocketOptionAPI - ERROR - Failed to get market data: 404
2025-08-10 12:06:29,680 - PocketOptionAPI - ERROR - Failed to get market data: 404
2025-08-10 12:06:29,680 - PocketOptionAPI - ERROR - Failed to get market data: 404
2025-08-10 12:06:29,680 - PocketOptionAPI - ERROR - Failed to get market data: 404
2025-08-10 12:06:29,873 - PocketOptionAPI - ERROR - Failed to get market data: 404
2025-08-10 12:06:29,873 - PocketOptionAPI - ERROR - Failed to get market data: 404
2025-08-10 12:06:29,873 - PocketOptionAPI - ERROR - Failed to get market data: 404
2025-08-10 12:06:30,066 - PocketOptionAPI - ERROR - Failed to get market data: 404
2025-08-10 12:06:30,066 - PocketOptionAPI - ERROR - Failed to get market data: 404
2025-08-10 12:06:30,066 - PocketOptionAPI - ERROR - Failed to get market data: 404
2025-08-10 12:06:30,427 - PocketOptionAPI - ERROR - WebSocket error: scheme https is invalid
2025-08-10 12:06:30,427 - PocketOptionAPI - ERROR - WebSocket error: scheme https is invalid
2025-08-10 12:06:30,427 - PocketOptionAPI - ERROR - WebSocket error: scheme https is invalid
2025-08-10 12:06:30,427 - PocketOptionAPI - INFO - WebSocket connection closed
2025-08-10 12:06:30,427 - PocketOptionAPI - INFO - WebSocket connection closed
2025-08-10 12:06:30,427 - PocketOptionAPI - INFO - WebSocket connection closed
2025-08-10 12:06:30,552 - PocketOptionAPI - ERROR - Failed to get market data: 404
2025-08-10 12:06:30,552 - PocketOptionAPI - ERROR - Failed to get market data: 404
2025-08-10 12:06:30,552 - PocketOptionAPI - ERROR - Failed to get market data: 404
2025-08-10 12:06:30,738 - PocketOptionAPI - ERROR - Failed to get market data: 404
2025-08-10 12:06:30,738 - PocketOptionAPI - ERROR - Failed to get market data: 404
2025-08-10 12:06:30,738 - PocketOptionAPI - ERROR - Failed to get market data: 404
2025-08-10 12:06:30,914 - PocketOptionAPI - ERROR - Failed to get market data: 404
2025-08-10 12:06:30,914 - PocketOptionAPI - ERROR - Failed to get market data: 404
2025-08-10 12:06:30,914 - PocketOptionAPI - ERROR - Failed to get market data: 404
2025-08-10 12:06:31,091 - PocketOptionAPI - ERROR - Failed to get market data: 404
2025-08-10 12:06:31,091 - PocketOptionAPI - ERROR - Failed to get market data: 404
2025-08-10 12:06:31,091 - PocketOptionAPI - ERROR - Failed to get market data: 404
2025-08-10 12:07:08,595 - PocketOptionAPI - INFO - Using OTC pairs for weekend trading
2025-08-10 12:07:08,595 - PocketOptionAPI - INFO - Using OTC pairs for weekend trading
2025-08-10 12:07:08,595 - PocketOptionAPI - INFO - Using OTC pairs for weekend trading
2025-08-10 12:07:08,917 - PocketOptionAPI - ERROR - WebSocket error: scheme https is invalid
2025-08-10 12:07:08,917 - PocketOptionAPI - ERROR - WebSocket error: scheme https is invalid
2025-08-10 12:07:08,917 - PocketOptionAPI - ERROR - WebSocket error: scheme https is invalid
2025-08-10 12:07:08,917 - PocketOptionAPI - INFO - WebSocket connection closed
2025-08-10 12:07:08,917 - PocketOptionAPI - INFO - WebSocket connection closed
2025-08-10 12:07:08,917 - PocketOptionAPI - INFO - WebSocket connection closed
2025-08-10 12:07:09,073 - PocketOptionAPI - ERROR - Failed to get market data: 404
2025-08-10 12:07:09,073 - PocketOptionAPI - ERROR - Failed to get market data: 404
2025-08-10 12:07:09,073 - PocketOptionAPI - ERROR - Failed to get market data: 404
2025-08-10 12:07:09,257 - PocketOptionAPI - ERROR - Failed to get market data: 404
2025-08-10 12:07:09,257 - PocketOptionAPI - ERROR - Failed to get market data: 404
2025-08-10 12:07:09,257 - PocketOptionAPI - ERROR - Failed to get market data: 404
2025-08-10 12:07:09,433 - PocketOptionAPI - ERROR - Failed to get market data: 404
2025-08-10 12:07:09,433 - PocketOptionAPI - ERROR - Failed to get market data: 404
2025-08-10 12:07:09,433 - PocketOptionAPI - ERROR - Failed to get market data: 404
2025-08-10 12:07:09,606 - PocketOptionAPI - ERROR - Failed to get market data: 404
2025-08-10 12:07:09,606 - PocketOptionAPI - ERROR - Failed to get market data: 404
2025-08-10 12:07:09,606 - PocketOptionAPI - ERROR - Failed to get market data: 404
2025-08-10 12:07:09,951 - PocketOptionAPI - ERROR - WebSocket error: scheme https is invalid
2025-08-10 12:07:09,951 - PocketOptionAPI - ERROR - WebSocket error: scheme https is invalid
2025-08-10 12:07:09,951 - PocketOptionAPI - ERROR - WebSocket error: scheme https is invalid
2025-08-10 12:07:09,951 - PocketOptionAPI - INFO - WebSocket connection closed
2025-08-10 12:07:09,951 - PocketOptionAPI - INFO - WebSocket connection closed
2025-08-10 12:07:09,951 - PocketOptionAPI - INFO - WebSocket connection closed
2025-08-10 12:07:10,074 - PocketOptionAPI - ERROR - Failed to get market data: 404
2025-08-10 12:07:10,074 - PocketOptionAPI - ERROR - Failed to get market data: 404
2025-08-10 12:07:10,074 - PocketOptionAPI - ERROR - Failed to get market data: 404
2025-08-10 12:07:10,248 - PocketOptionAPI - ERROR - Failed to get market data: 404
2025-08-10 12:07:10,248 - PocketOptionAPI - ERROR - Failed to get market data: 404
2025-08-10 12:07:10,248 - PocketOptionAPI - ERROR - Failed to get market data: 404
2025-08-10 12:07:10,416 - PocketOptionAPI - ERROR - Failed to get market data: 404
2025-08-10 12:07:10,416 - PocketOptionAPI - ERROR - Failed to get market data: 404
2025-08-10 12:07:10,416 - PocketOptionAPI - ERROR - Failed to get market data: 404
2025-08-10 12:07:10,583 - PocketOptionAPI - ERROR - Failed to get market data: 404
2025-08-10 12:07:10,583 - PocketOptionAPI - ERROR - Failed to get market data: 404
2025-08-10 12:07:10,583 - PocketOptionAPI - ERROR - Failed to get market data: 404
2025-08-10 12:07:30,706 - PocketOptionAPI - INFO - Using OTC pairs for weekend trading
2025-08-10 12:07:30,706 - PocketOptionAPI - INFO - Using OTC pairs for weekend trading
2025-08-10 12:07:30,706 - PocketOptionAPI - INFO - Using OTC pairs for weekend trading
2025-08-10 12:07:31,031 - PocketOptionAPI - ERROR - WebSocket error: scheme https is invalid
2025-08-10 12:07:31,031 - PocketOptionAPI - ERROR - WebSocket error: scheme https is invalid
2025-08-10 12:07:31,031 - PocketOptionAPI - ERROR - WebSocket error: scheme https is invalid
2025-08-10 12:07:31,031 - PocketOptionAPI - INFO - WebSocket connection closed
2025-08-10 12:07:31,031 - PocketOptionAPI - INFO - WebSocket connection closed
2025-08-10 12:07:31,031 - PocketOptionAPI - INFO - WebSocket connection closed
2025-08-10 12:07:31,216 - PocketOptionAPI - ERROR - Failed to get market data: 404
2025-08-10 12:07:31,216 - PocketOptionAPI - ERROR - Failed to get market data: 404
2025-08-10 12:07:31,216 - PocketOptionAPI - ERROR - Failed to get market data: 404
2025-08-10 12:07:31,404 - PocketOptionAPI - ERROR - Failed to get market data: 404
2025-08-10 12:07:31,404 - PocketOptionAPI - ERROR - Failed to get market data: 404
2025-08-10 12:07:31,404 - PocketOptionAPI - ERROR - Failed to get market data: 404
2025-08-10 12:07:31,611 - PocketOptionAPI - ERROR - Failed to get market data: 404
2025-08-10 12:07:31,611 - PocketOptionAPI - ERROR - Failed to get market data: 404
2025-08-10 12:07:31,611 - PocketOptionAPI - ERROR - Failed to get market data: 404
2025-08-10 12:07:31,790 - PocketOptionAPI - ERROR - Failed to get market data: 404
2025-08-10 12:07:31,790 - PocketOptionAPI - ERROR - Failed to get market data: 404
2025-08-10 12:07:31,790 - PocketOptionAPI - ERROR - Failed to get market data: 404
2025-08-10 12:07:32,120 - PocketOptionAPI - ERROR - WebSocket error: scheme https is invalid
2025-08-10 12:07:32,120 - PocketOptionAPI - ERROR - WebSocket error: scheme https is invalid
2025-08-10 12:07:32,120 - PocketOptionAPI - ERROR - WebSocket error: scheme https is invalid
2025-08-10 12:07:32,120 - PocketOptionAPI - INFO - WebSocket connection closed
2025-08-10 12:07:32,120 - PocketOptionAPI - INFO - WebSocket connection closed
2025-08-10 12:07:32,120 - PocketOptionAPI - INFO - WebSocket connection closed
2025-08-10 12:07:32,285 - PocketOptionAPI - ERROR - Failed to get market data: 404
2025-08-10 12:07:32,285 - PocketOptionAPI - ERROR - Failed to get market data: 404
2025-08-10 12:07:32,285 - PocketOptionAPI - ERROR - Failed to get market data: 404
2025-08-10 12:07:32,474 - PocketOptionAPI - ERROR - Failed to get market data: 404
2025-08-10 12:07:32,474 - PocketOptionAPI - ERROR - Failed to get market data: 404
2025-08-10 12:07:32,474 - PocketOptionAPI - ERROR - Failed to get market data: 404
2025-08-10 12:07:32,654 - PocketOptionAPI - ERROR - Failed to get market data: 404
2025-08-10 12:07:32,654 - PocketOptionAPI - ERROR - Failed to get market data: 404
2025-08-10 12:07:32,654 - PocketOptionAPI - ERROR - Failed to get market data: 404
2025-08-10 12:07:32,833 - PocketOptionAPI - ERROR - Failed to get market data: 404
2025-08-10 12:07:32,833 - PocketOptionAPI - ERROR - Failed to get market data: 404
2025-08-10 12:07:32,833 - PocketOptionAPI - ERROR - Failed to get market data: 404
2025-08-10 12:07:51,804 - PocketOptionAPI - ERROR - WebSocket error: scheme https is invalid
2025-08-10 12:07:51,804 - PocketOptionAPI - ERROR - WebSocket error: scheme https is invalid
2025-08-10 12:07:51,804 - PocketOptionAPI - ERROR - WebSocket error: scheme https is invalid
2025-08-10 12:07:51,805 - PocketOptionAPI - INFO - WebSocket connection closed
2025-08-10 12:07:51,805 - PocketOptionAPI - INFO - WebSocket connection closed
2025-08-10 12:07:51,805 - PocketOptionAPI - INFO - WebSocket connection closed
2025-08-10 12:07:51,945 - PocketOptionAPI - ERROR - Failed to get market data: 404
2025-08-10 12:07:51,945 - PocketOptionAPI - ERROR - Failed to get market data: 404
2025-08-10 12:07:51,945 - PocketOptionAPI - ERROR - Failed to get market data: 404
2025-08-10 12:07:52,131 - PocketOptionAPI - ERROR - Failed to get market data: 404
2025-08-10 12:07:52,131 - PocketOptionAPI - ERROR - Failed to get market data: 404
2025-08-10 12:07:52,131 - PocketOptionAPI - ERROR - Failed to get market data: 404
2025-08-10 12:07:52,307 - PocketOptionAPI - ERROR - Failed to get market data: 404
2025-08-10 12:07:52,307 - PocketOptionAPI - ERROR - Failed to get market data: 404
2025-08-10 12:07:52,307 - PocketOptionAPI - ERROR - Failed to get market data: 404
2025-08-10 12:07:52,485 - PocketOptionAPI - ERROR - Failed to get market data: 404
2025-08-10 12:07:52,485 - PocketOptionAPI - ERROR - Failed to get market data: 404
2025-08-10 12:07:52,485 - PocketOptionAPI - ERROR - Failed to get market data: 404
2025-08-10 12:07:52,827 - PocketOptionAPI - ERROR - WebSocket error: scheme https is invalid
2025-08-10 12:07:52,827 - PocketOptionAPI - ERROR - WebSocket error: scheme https is invalid
2025-08-10 12:07:52,827 - PocketOptionAPI - ERROR - WebSocket error: scheme https is invalid
2025-08-10 12:07:52,827 - PocketOptionAPI - INFO - WebSocket connection closed
2025-08-10 12:07:52,827 - PocketOptionAPI - INFO - WebSocket connection closed
2025-08-10 12:07:52,827 - PocketOptionAPI - INFO - WebSocket connection closed
2025-08-10 12:07:52,975 - PocketOptionAPI - ERROR - Failed to get market data: 404
2025-08-10 12:07:52,975 - PocketOptionAPI - ERROR - Failed to get market data: 404
2025-08-10 12:07:52,975 - PocketOptionAPI - ERROR - Failed to get market data: 404
2025-08-10 12:07:53,171 - PocketOptionAPI - ERROR - Failed to get market data: 404
2025-08-10 12:07:53,171 - PocketOptionAPI - ERROR - Failed to get market data: 404
2025-08-10 12:07:53,171 - PocketOptionAPI - ERROR - Failed to get market data: 404
2025-08-10 12:07:53,361 - PocketOptionAPI - ERROR - Failed to get market data: 404
2025-08-10 12:07:53,361 - PocketOptionAPI - ERROR - Failed to get market data: 404
2025-08-10 12:07:53,361 - PocketOptionAPI - ERROR - Failed to get market data: 404
2025-08-10 12:07:53,564 - PocketOptionAPI - ERROR - Failed to get market data: 404
2025-08-10 12:07:53,564 - PocketOptionAPI - ERROR - Failed to get market data: 404
2025-08-10 12:07:53,564 - PocketOptionAPI - ERROR - Failed to get market data: 404
2025-08-10 23:04:03,037 - PocketOptionAPI - INFO - Using OTC pairs for weekend trading
2025-08-10 23:04:03,037 - PocketOptionAPI - INFO - Using OTC pairs for weekend trading
2025-08-10 23:04:03,037 - PocketOptionAPI - INFO - Using OTC pairs for weekend trading
2025-08-10 23:04:03,372 - PocketOptionAPI - ERROR - WebSocket error: scheme https is invalid
2025-08-10 23:04:03,372 - PocketOptionAPI - ERROR - WebSocket error: scheme https is invalid
2025-08-10 23:04:03,372 - PocketOptionAPI - ERROR - WebSocket error: scheme https is invalid
2025-08-10 23:04:03,372 - PocketOptionAPI - INFO - WebSocket connection closed
2025-08-10 23:04:03,372 - PocketOptionAPI - INFO - WebSocket connection closed
2025-08-10 23:04:03,372 - PocketOptionAPI - INFO - WebSocket connection closed
2025-08-10 23:04:03,553 - PocketOptionAPI - ERROR - Failed to get market data: 404
2025-08-10 23:04:03,553 - PocketOptionAPI - ERROR - Failed to get market data: 404
2025-08-10 23:04:03,553 - PocketOptionAPI - ERROR - Failed to get market data: 404
2025-08-10 23:04:03,746 - PocketOptionAPI - ERROR - Failed to get market data: 404
2025-08-10 23:04:03,746 - PocketOptionAPI - ERROR - Failed to get market data: 404
2025-08-10 23:04:03,746 - PocketOptionAPI - ERROR - Failed to get market data: 404
2025-08-10 23:04:03,924 - PocketOptionAPI - ERROR - Failed to get market data: 404
2025-08-10 23:04:03,924 - PocketOptionAPI - ERROR - Failed to get market data: 404
2025-08-10 23:04:03,924 - PocketOptionAPI - ERROR - Failed to get market data: 404
2025-08-10 23:04:04,101 - PocketOptionAPI - ERROR - Failed to get market data: 404
2025-08-10 23:04:04,101 - PocketOptionAPI - ERROR - Failed to get market data: 404
2025-08-10 23:04:04,101 - PocketOptionAPI - ERROR - Failed to get market data: 404
2025-08-10 23:04:04,444 - PocketOptionAPI - ERROR - WebSocket error: scheme https is invalid
2025-08-10 23:04:04,444 - PocketOptionAPI - ERROR - WebSocket error: scheme https is invalid
2025-08-10 23:04:04,444 - PocketOptionAPI - ERROR - WebSocket error: scheme https is invalid
2025-08-10 23:04:04,445 - PocketOptionAPI - INFO - WebSocket connection closed
2025-08-10 23:04:04,445 - PocketOptionAPI - INFO - WebSocket connection closed
2025-08-10 23:04:04,445 - PocketOptionAPI - INFO - WebSocket connection closed
2025-08-10 23:04:04,563 - PocketOptionAPI - ERROR - Failed to get market data: 404
2025-08-10 23:04:04,563 - PocketOptionAPI - ERROR - Failed to get market data: 404
2025-08-10 23:04:04,563 - PocketOptionAPI - ERROR - Failed to get market data: 404
2025-08-10 23:04:04,709 - PocketOptionAPI - ERROR - Failed to get market data: 404
2025-08-10 23:04:04,709 - PocketOptionAPI - ERROR - Failed to get market data: 404
2025-08-10 23:04:04,709 - PocketOptionAPI - ERROR - Failed to get market data: 404
2025-08-10 23:04:04,848 - PocketOptionAPI - ERROR - Failed to get market data: 404
2025-08-10 23:04:04,848 - PocketOptionAPI - ERROR - Failed to get market data: 404
2025-08-10 23:04:04,848 - PocketOptionAPI - ERROR - Failed to get market data: 404
2025-08-10 23:04:04,988 - PocketOptionAPI - ERROR - Failed to get market data: 404
2025-08-10 23:04:04,988 - PocketOptionAPI - ERROR - Failed to get market data: 404
2025-08-10 23:04:04,988 - PocketOptionAPI - ERROR - Failed to get market data: 404
2025-08-10 23:04:35,058 - PocketOptionAPI - INFO - Using OTC pairs for weekend trading
2025-08-10 23:04:35,058 - PocketOptionAPI - INFO - Using OTC pairs for weekend trading
2025-08-10 23:04:35,058 - PocketOptionAPI - INFO - Using OTC pairs for weekend trading
2025-08-10 23:05:05,126 - PocketOptionAPI - INFO - Using OTC pairs for weekend trading
2025-08-10 23:05:05,126 - PocketOptionAPI - INFO - Using OTC pairs for weekend trading
2025-08-10 23:05:05,126 - PocketOptionAPI - INFO - Using OTC pairs for weekend trading
2025-08-10 23:05:35,194 - PocketOptionAPI - INFO - Using OTC pairs for weekend trading
2025-08-10 23:05:35,194 - PocketOptionAPI - INFO - Using OTC pairs for weekend trading
2025-08-10 23:05:35,194 - PocketOptionAPI - INFO - Using OTC pairs for weekend trading
2025-08-10 23:06:05,264 - PocketOptionAPI - INFO - Using OTC pairs for weekend trading
2025-08-10 23:06:05,264 - PocketOptionAPI - INFO - Using OTC pairs for weekend trading
2025-08-10 23:06:05,264 - PocketOptionAPI - INFO - Using OTC pairs for weekend trading
2025-08-10 23:06:35,318 - PocketOptionAPI - INFO - Using OTC pairs for weekend trading
2025-08-10 23:06:35,318 - PocketOptionAPI - INFO - Using OTC pairs for weekend trading
2025-08-10 23:06:35,318 - PocketOptionAPI - INFO - Using OTC pairs for weekend trading
2025-08-10 23:07:05,386 - PocketOptionAPI - INFO - Using OTC pairs for weekend trading
2025-08-10 23:07:05,386 - PocketOptionAPI - INFO - Using OTC pairs for weekend trading
2025-08-10 23:07:05,386 - PocketOptionAPI - INFO - Using OTC pairs for weekend trading
2025-08-10 23:07:35,442 - PocketOptionAPI - INFO - Using OTC pairs for weekend trading
2025-08-10 23:07:35,442 - PocketOptionAPI - INFO - Using OTC pairs for weekend trading
2025-08-10 23:07:35,442 - PocketOptionAPI - INFO - Using OTC pairs for weekend trading
2025-08-10 23:08:05,510 - PocketOptionAPI - INFO - Using OTC pairs for weekend trading
2025-08-10 23:08:05,510 - PocketOptionAPI - INFO - Using OTC pairs for weekend trading
2025-08-10 23:08:05,510 - PocketOptionAPI - INFO - Using OTC pairs for weekend trading
2025-08-10 23:08:35,579 - PocketOptionAPI - INFO - Using OTC pairs for weekend trading
2025-08-10 23:08:35,579 - PocketOptionAPI - INFO - Using OTC pairs for weekend trading
2025-08-10 23:08:35,579 - PocketOptionAPI - INFO - Using OTC pairs for weekend trading
2025-08-10 23:09:05,646 - PocketOptionAPI - INFO - Using OTC pairs for weekend trading
2025-08-10 23:09:05,646 - PocketOptionAPI - INFO - Using OTC pairs for weekend trading
2025-08-10 23:09:05,646 - PocketOptionAPI - INFO - Using OTC pairs for weekend trading
2025-08-10 23:09:35,712 - PocketOptionAPI - INFO - Using OTC pairs for weekend trading
2025-08-10 23:09:35,712 - PocketOptionAPI - INFO - Using OTC pairs for weekend trading
2025-08-10 23:09:35,712 - PocketOptionAPI - INFO - Using OTC pairs for weekend trading
2025-08-11 00:24:00,488 - PocketOptionAPI - INFO - Using regular pairs for weekday trading
2025-08-11 00:24:00,488 - PocketOptionAPI - INFO - Using regular pairs for weekday trading
2025-08-11 00:24:00,488 - PocketOptionAPI - INFO - Using regular pairs for weekday trading
2025-08-11 00:24:00,721 - PocketOptionAPI - ERROR - WebSocket error: scheme https is invalid
2025-08-11 00:24:00,721 - PocketOptionAPI - ERROR - WebSocket error: scheme https is invalid
2025-08-11 00:24:00,721 - PocketOptionAPI - ERROR - WebSocket error: scheme https is invalid
2025-08-11 00:24:00,721 - PocketOptionAPI - INFO - WebSocket connection closed
2025-08-11 00:24:00,721 - PocketOptionAPI - INFO - WebSocket connection closed
2025-08-11 00:24:00,721 - PocketOptionAPI - INFO - WebSocket connection closed
2025-08-11 00:24:00,877 - PocketOptionAPI - ERROR - Failed to get market data: 404
2025-08-11 00:24:00,877 - PocketOptionAPI - ERROR - Failed to get market data: 404
2025-08-11 00:24:00,877 - PocketOptionAPI - ERROR - Failed to get market data: 404
2025-08-11 00:24:01,035 - PocketOptionAPI - ERROR - Failed to get market data: 404
2025-08-11 00:24:01,035 - PocketOptionAPI - ERROR - Failed to get market data: 404
2025-08-11 00:24:01,035 - PocketOptionAPI - ERROR - Failed to get market data: 404
2025-08-11 00:24:01,190 - PocketOptionAPI - ERROR - Failed to get market data: 404
2025-08-11 00:24:01,190 - PocketOptionAPI - ERROR - Failed to get market data: 404
2025-08-11 00:24:01,190 - PocketOptionAPI - ERROR - Failed to get market data: 404
2025-08-11 00:24:01,354 - PocketOptionAPI - ERROR - Failed to get market data: 404
2025-08-11 00:24:01,354 - PocketOptionAPI - ERROR - Failed to get market data: 404
2025-08-11 00:24:01,354 - PocketOptionAPI - ERROR - Failed to get market data: 404
2025-08-11 00:24:01,519 - PocketOptionAPI - ERROR - WebSocket error: scheme https is invalid
2025-08-11 00:24:01,519 - PocketOptionAPI - ERROR - WebSocket error: scheme https is invalid
2025-08-11 00:24:01,519 - PocketOptionAPI - ERROR - WebSocket error: scheme https is invalid
2025-08-11 00:24:01,519 - PocketOptionAPI - INFO - WebSocket connection closed
2025-08-11 00:24:01,519 - PocketOptionAPI - INFO - WebSocket connection closed
2025-08-11 00:24:01,519 - PocketOptionAPI - INFO - WebSocket connection closed
2025-08-11 00:24:01,675 - PocketOptionAPI - ERROR - Failed to get market data: 404
2025-08-11 00:24:01,675 - PocketOptionAPI - ERROR - Failed to get market data: 404
2025-08-11 00:24:01,675 - PocketOptionAPI - ERROR - Failed to get market data: 404
2025-08-11 00:24:01,826 - PocketOptionAPI - ERROR - Failed to get market data: 404
2025-08-11 00:24:01,826 - PocketOptionAPI - ERROR - Failed to get market data: 404
2025-08-11 00:24:01,826 - PocketOptionAPI - ERROR - Failed to get market data: 404
2025-08-11 00:24:01,976 - PocketOptionAPI - ERROR - Failed to get market data: 404
2025-08-11 00:24:01,976 - PocketOptionAPI - ERROR - Failed to get market data: 404
2025-08-11 00:24:01,976 - PocketOptionAPI - ERROR - Failed to get market data: 404
2025-08-11 00:24:02,131 - PocketOptionAPI - ERROR - Failed to get market data: 404
2025-08-11 00:24:02,131 - PocketOptionAPI - ERROR - Failed to get market data: 404
2025-08-11 00:24:02,131 - PocketOptionAPI - ERROR - Failed to get market data: 404
2025-08-11 01:51:00,173 - PocketOptionAPI - INFO - Using regular pairs for weekday trading
2025-08-11 01:51:00,173 - PocketOptionAPI - INFO - Using regular pairs for weekday trading
2025-08-11 01:51:00,173 - PocketOptionAPI - INFO - Using regular pairs for weekday trading
2025-08-11 01:51:00,503 - PocketOptionAPI - ERROR - WebSocket error: scheme https is invalid
2025-08-11 01:51:00,503 - PocketOptionAPI - ERROR - WebSocket error: scheme https is invalid
2025-08-11 01:51:00,503 - PocketOptionAPI - ERROR - WebSocket error: scheme https is invalid
2025-08-11 01:51:00,503 - PocketOptionAPI - INFO - WebSocket connection closed
2025-08-11 01:51:00,503 - PocketOptionAPI - INFO - WebSocket connection closed
2025-08-11 01:51:00,503 - PocketOptionAPI - INFO - WebSocket connection closed
2025-08-11 01:51:00,694 - PocketOptionAPI - ERROR - Failed to get market data: 404
2025-08-11 01:51:00,694 - PocketOptionAPI - ERROR - Failed to get market data: 404
2025-08-11 01:51:00,694 - PocketOptionAPI - ERROR - Failed to get market data: 404
2025-08-11 01:51:00,889 - PocketOptionAPI - ERROR - Failed to get market data: 404
2025-08-11 01:51:00,889 - PocketOptionAPI - ERROR - Failed to get market data: 404
2025-08-11 01:51:00,889 - PocketOptionAPI - ERROR - Failed to get market data: 404
2025-08-11 01:51:01,074 - PocketOptionAPI - ERROR - Failed to get market data: 404
2025-08-11 01:51:01,074 - PocketOptionAPI - ERROR - Failed to get market data: 404
2025-08-11 01:51:01,074 - PocketOptionAPI - ERROR - Failed to get market data: 404
2025-08-11 01:51:01,259 - PocketOptionAPI - ERROR - Failed to get market data: 404
2025-08-11 01:51:01,259 - PocketOptionAPI - ERROR - Failed to get market data: 404
2025-08-11 01:51:01,259 - PocketOptionAPI - ERROR - Failed to get market data: 404
2025-08-11 01:51:01,617 - PocketOptionAPI - ERROR - WebSocket error: scheme https is invalid
2025-08-11 01:51:01,617 - PocketOptionAPI - ERROR - WebSocket error: scheme https is invalid
2025-08-11 01:51:01,617 - PocketOptionAPI - ERROR - WebSocket error: scheme https is invalid
2025-08-11 01:51:01,617 - PocketOptionAPI - INFO - WebSocket connection closed
2025-08-11 01:51:01,617 - PocketOptionAPI - INFO - WebSocket connection closed
2025-08-11 01:51:01,617 - PocketOptionAPI - INFO - WebSocket connection closed
2025-08-11 01:51:01,719 - PocketOptionAPI - ERROR - Failed to get market data: 404
2025-08-11 01:51:01,719 - PocketOptionAPI - ERROR - Failed to get market data: 404
2025-08-11 01:51:01,719 - PocketOptionAPI - ERROR - Failed to get market data: 404
2025-08-11 01:51:01,871 - PocketOptionAPI - ERROR - Failed to get market data: 404
2025-08-11 01:51:01,871 - PocketOptionAPI - ERROR - Failed to get market data: 404
2025-08-11 01:51:01,871 - PocketOptionAPI - ERROR - Failed to get market data: 404
2025-08-11 01:51:02,008 - PocketOptionAPI - ERROR - Failed to get market data: 404
2025-08-11 01:51:02,008 - PocketOptionAPI - ERROR - Failed to get market data: 404
2025-08-11 01:51:02,008 - PocketOptionAPI - ERROR - Failed to get market data: 404
2025-08-11 01:51:02,148 - PocketOptionAPI - ERROR - Failed to get market data: 404
2025-08-11 01:51:02,148 - PocketOptionAPI - ERROR - Failed to get market data: 404
2025-08-11 01:51:02,148 - PocketOptionAPI - ERROR - Failed to get market data: 404
2025-08-12 12:10:07,656 - PocketOptionAPI - INFO - Using regular pairs for weekday trading
2025-08-12 12:10:07,656 - PocketOptionAPI - INFO - Using regular pairs for weekday trading
2025-08-12 12:10:07,656 - PocketOptionAPI - INFO - Using regular pairs for weekday trading
2025-08-12 12:10:07,863 - PocketOptionAPI - ERROR - WebSocket error: scheme https is invalid
2025-08-12 12:10:07,863 - PocketOptionAPI - ERROR - WebSocket error: scheme https is invalid
2025-08-12 12:10:07,863 - PocketOptionAPI - ERROR - WebSocket error: scheme https is invalid
2025-08-12 12:10:07,864 - PocketOptionAPI - INFO - WebSocket connection closed
2025-08-12 12:10:07,864 - PocketOptionAPI - INFO - WebSocket connection closed
2025-08-12 12:10:07,864 - PocketOptionAPI - INFO - WebSocket connection closed
2025-08-12 12:10:08,029 - PocketOptionAPI - ERROR - Failed to get market data: 404
2025-08-12 12:10:08,029 - PocketOptionAPI - ERROR - Failed to get market data: 404
2025-08-12 12:10:08,029 - PocketOptionAPI - ERROR - Failed to get market data: 404
2025-08-12 12:10:08,459 - PocketOptionAPI - ERROR - Failed to get market data: 404
2025-08-12 12:10:08,459 - PocketOptionAPI - ERROR - Failed to get market data: 404
2025-08-12 12:10:08,459 - PocketOptionAPI - ERROR - Failed to get market data: 404
2025-08-12 12:10:08,628 - PocketOptionAPI - ERROR - Failed to get market data: 404
2025-08-12 12:10:08,628 - PocketOptionAPI - ERROR - Failed to get market data: 404
2025-08-12 12:10:08,628 - PocketOptionAPI - ERROR - Failed to get market data: 404
2025-08-12 12:10:08,781 - PocketOptionAPI - ERROR - Failed to get market data: 404
2025-08-12 12:10:08,781 - PocketOptionAPI - ERROR - Failed to get market data: 404
2025-08-12 12:10:08,781 - PocketOptionAPI - ERROR - Failed to get market data: 404
2025-08-12 12:10:09,087 - PocketOptionAPI - ERROR - Failed to get market data: 404
2025-08-12 12:10:09,087 - PocketOptionAPI - ERROR - Failed to get market data: 404
2025-08-12 12:10:09,087 - PocketOptionAPI - ERROR - Failed to get market data: 404
2025-08-12 12:10:09,154 - PocketOptionAPI - ERROR - WebSocket error: scheme https is invalid
2025-08-12 12:10:09,154 - PocketOptionAPI - ERROR - WebSocket error: scheme https is invalid
2025-08-12 12:10:09,154 - PocketOptionAPI - ERROR - WebSocket error: scheme https is invalid
2025-08-12 12:10:09,154 - PocketOptionAPI - INFO - WebSocket connection closed
2025-08-12 12:10:09,154 - PocketOptionAPI - INFO - WebSocket connection closed
2025-08-12 12:10:09,154 - PocketOptionAPI - INFO - WebSocket connection closed
2025-08-12 12:10:09,238 - PocketOptionAPI - ERROR - Failed to get market data: 404
2025-08-12 12:10:09,238 - PocketOptionAPI - ERROR - Failed to get market data: 404
2025-08-12 12:10:09,238 - PocketOptionAPI - ERROR - Failed to get market data: 404
2025-08-12 12:10:09,395 - PocketOptionAPI - ERROR - Failed to get market data: 404
2025-08-12 12:10:09,395 - PocketOptionAPI - ERROR - Failed to get market data: 404
2025-08-12 12:10:09,395 - PocketOptionAPI - ERROR - Failed to get market data: 404
2025-08-12 12:10:09,543 - PocketOptionAPI - ERROR - Failed to get market data: 404
2025-08-12 12:10:09,543 - PocketOptionAPI - ERROR - Failed to get market data: 404
2025-08-12 12:10:09,543 - PocketOptionAPI - ERROR - Failed to get market data: 404
2025-08-12 12:12:30,704 - PocketOptionAPI - INFO - Using regular pairs for weekday trading
2025-08-12 12:12:30,704 - PocketOptionAPI - INFO - Using regular pairs for weekday trading
2025-08-12 12:12:30,704 - PocketOptionAPI - INFO - Using regular pairs for weekday trading
2025-08-12 12:12:30,894 - PocketOptionAPI - ERROR - WebSocket error: scheme https is invalid
2025-08-12 12:12:30,894 - PocketOptionAPI - ERROR - WebSocket error: scheme https is invalid
2025-08-12 12:12:30,894 - PocketOptionAPI - ERROR - WebSocket error: scheme https is invalid
2025-08-12 12:12:30,895 - PocketOptionAPI - INFO - WebSocket connection closed
2025-08-12 12:12:30,895 - PocketOptionAPI - INFO - WebSocket connection closed
2025-08-12 12:12:30,895 - PocketOptionAPI - INFO - WebSocket connection closed
2025-08-12 12:12:31,043 - PocketOptionAPI - ERROR - WebSocket error: scheme https is invalid
2025-08-12 12:12:31,043 - PocketOptionAPI - ERROR - WebSocket error: scheme https is invalid
2025-08-12 12:12:31,043 - PocketOptionAPI - ERROR - WebSocket error: scheme https is invalid
2025-08-12 12:12:31,043 - PocketOptionAPI - INFO - WebSocket connection closed
2025-08-12 12:12:31,043 - PocketOptionAPI - INFO - WebSocket connection closed
2025-08-12 12:12:31,043 - PocketOptionAPI - INFO - WebSocket connection closed
2025-08-12 12:14:01,794 - PocketOptionAPI - INFO - Using regular pairs for weekday trading
2025-08-12 12:14:01,794 - PocketOptionAPI - INFO - Using regular pairs for weekday trading
2025-08-12 12:14:01,794 - PocketOptionAPI - INFO - Using regular pairs for weekday trading
2025-08-12 12:14:01,974 - PocketOptionAPI - ERROR - WebSocket error: scheme https is invalid
2025-08-12 12:14:01,974 - PocketOptionAPI - ERROR - WebSocket error: scheme https is invalid
2025-08-12 12:14:01,974 - PocketOptionAPI - ERROR - WebSocket error: scheme https is invalid
2025-08-12 12:14:01,976 - PocketOptionAPI - INFO - WebSocket connection closed
2025-08-12 12:14:01,976 - PocketOptionAPI - INFO - WebSocket connection closed
2025-08-12 12:14:01,976 - PocketOptionAPI - INFO - WebSocket connection closed
2025-08-12 12:14:02,194 - PocketOptionAPI - ERROR - WebSocket error: scheme https is invalid
2025-08-12 12:14:02,194 - PocketOptionAPI - ERROR - WebSocket error: scheme https is invalid
2025-08-12 12:14:02,194 - PocketOptionAPI - ERROR - WebSocket error: scheme https is invalid
2025-08-12 12:14:02,194 - PocketOptionAPI - INFO - WebSocket connection closed
2025-08-12 12:14:02,194 - PocketOptionAPI - INFO - WebSocket connection closed
2025-08-12 12:14:02,194 - PocketOptionAPI - INFO - WebSocket connection closed
