2025-08-12 11:35:26,753 - LSTM_Model - ERROR - Failed to load model: [Errno 2] Unable to synchronously open file (unable to open file: name = '/workspace/models//lstm_trading_model.h5', errno = 2, error message = 'No such file or directory', flags = 0, o_flags = 0)
2025-08-12 11:35:26,753 - __main__ - WARNING - ⚠️ Could not load LSTM model, using demo signals
2025-08-12 11:35:26,753 - __main__ - INFO - 🚀 Production Trading Bot initialized
2025-08-12 11:35:26,753 - __main__ - INFO - 🚀 Starting Production Trading Bot...
2025-08-12 11:35:26,753 - __main__ - INFO - 📱 Bot Token: 8226952507...
2025-08-12 11:35:26,754 - __main__ - INFO - 👤 Authorized Users: [8093708320]
2025-08-12 11:35:27,051 - __main__ - INFO - Processing command: /signal from user 8093708320
2025-08-12 11:35:27,355 - __main__ - INFO - Message sent successfully to 8093708320
2025-08-12 11:35:27,355 - __main__ - INFO - Processing command: /signal from user 8093708320
2025-08-12 11:35:27,773 - __main__ - INFO - Message sent successfully to 8093708320
2025-08-12 11:35:27,774 - __main__ - INFO - Processing command: /status from user 8093708320
2025-08-12 11:35:28,145 - __main__ - INFO - Message sent successfully to 8093708320
2025-08-12 11:35:28,145 - __main__ - INFO - Processing command: /start from user 8093708320
2025-08-12 11:35:28,532 - __main__ - INFO - Message sent successfully to 8093708320
2025-08-12 11:35:28,532 - __main__ - INFO - Processing command: /start from user 8093708320
2025-08-12 11:35:28,852 - __main__ - INFO - Message sent successfully to 8093708320
2025-08-12 11:35:36,405 - LSTM_Model - ERROR - Failed to load model: [Errno 2] Unable to synchronously open file (unable to open file: name = '/workspace/models//lstm_trading_model.h5', errno = 2, error message = 'No such file or directory', flags = 0, o_flags = 0)
2025-08-12 11:35:36,405 - __main__ - WARNING - ⚠️ Could not load LSTM model, using demo signals
2025-08-12 11:35:36,405 - __main__ - INFO - 🚀 Production Trading Bot initialized
2025-08-12 11:35:36,405 - __main__ - INFO - 🚀 Starting Production Trading Bot...
2025-08-12 11:35:36,405 - __main__ - INFO - 📱 Bot Token: 8226952507...
2025-08-12 11:35:36,405 - __main__ - INFO - 👤 Authorized Users: [8093708320]
2025-08-12 11:35:36,767 - __main__ - ERROR - Failed to get updates: {"ok":false,"error_code":409,"description":"Conflict: terminated by other getUpdates request; make sure that only one bot instance is running"}
2025-08-12 11:35:41,047 - __main__ - ERROR - Failed to get updates: {"ok":false,"error_code":409,"description":"Conflict: terminated by other getUpdates request; make sure that only one bot instance is running"}
2025-08-12 11:35:42,322 - __main__ - ERROR - Failed to get updates: {"ok":false,"error_code":409,"description":"Conflict: terminated by other getUpdates request; make sure that only one bot instance is running"}
2025-08-12 11:35:46,618 - __main__ - ERROR - Failed to get updates: {"ok":false,"error_code":409,"description":"Conflict: terminated by other getUpdates request; make sure that only one bot instance is running"}
2025-08-12 11:35:47,917 - __main__ - ERROR - Failed to get updates: {"ok":false,"error_code":409,"description":"Conflict: terminated by other getUpdates request; make sure that only one bot instance is running"}
2025-08-12 11:36:19,032 - absl - WARNING - Compiled the loaded model, but the compiled metrics have yet to be built. `model.compile_metrics` will be empty until you train or evaluate the model.
2025-08-12 11:36:19,037 - LSTM_Model - INFO - Model loaded from /workspace/models//best_model.h5
2025-08-12 11:36:19,037 - __main__ - INFO - ✅ LSTM model loaded successfully
2025-08-12 11:36:19,038 - __main__ - INFO - 🚀 Production Trading Bot initialized
2025-08-12 11:36:19,038 - __main__ - INFO - 🚀 Starting Production Trading Bot...
2025-08-12 11:36:19,038 - __main__ - INFO - 📱 Bot Token: 8226952507...
2025-08-12 11:36:19,038 - __main__ - INFO - 👤 Authorized Users: [8093708320]
