2025-08-10 12:05:38,379 - ProfessionalDataManager - INFO - Initialized bloomberg data provider
2025-08-10 12:05:38,379 - ProfessionalDataManager - INFO - Initialized refinitiv data provider
2025-08-10 12:05:38,380 - ProfessionalDataManager - INFO - Initialized polygon data provider
2025-08-10 12:05:38,380 - ProfessionalDataManager - INFO - Initialized alpha_vantage data provider
2025-08-10 12:05:38,380 - ProfessionalDataManager - INFO - Initialized iex_cloud data provider
2025-08-10 12:05:38,380 - ProfessionalDataManager - INFO - Initialized quandl data provider
2025-08-10 12:06:28,934 - ProfessionalDataManager - INFO - Initialized bloomberg data provider
2025-08-10 12:06:28,934 - ProfessionalDataManager - INFO - Initialized refinitiv data provider
2025-08-10 12:06:28,935 - ProfessionalDataManager - INFO - Initialized polygon data provider
2025-08-10 12:06:28,935 - ProfessionalDataManager - INFO - Initialized alpha_vantage data provider
2025-08-10 12:06:28,936 - ProfessionalDataManager - INFO - Initialized iex_cloud data provider
2025-08-10 12:06:28,936 - ProfessionalDataManager - INFO - Initialized quandl data provider
2025-08-10 12:07:08,561 - ProfessionalDataManager - INFO - Initialized bloomberg data provider
2025-08-10 12:07:08,561 - ProfessionalDataManager - INFO - Initialized refinitiv data provider
2025-08-10 12:07:08,562 - ProfessionalDataManager - INFO - Initialized polygon data provider
2025-08-10 12:07:08,562 - ProfessionalDataManager - INFO - Initialized alpha_vantage data provider
2025-08-10 12:07:08,562 - ProfessionalDataManager - INFO - Initialized iex_cloud data provider
2025-08-10 12:07:08,562 - ProfessionalDataManager - INFO - Initialized quandl data provider
2025-08-10 12:07:51,449 - ProfessionalDataManager - INFO - Initialized bloomberg data provider
2025-08-10 12:07:51,449 - ProfessionalDataManager - INFO - Initialized refinitiv data provider
2025-08-10 12:07:51,450 - ProfessionalDataManager - INFO - Initialized polygon data provider
2025-08-10 12:07:51,450 - ProfessionalDataManager - INFO - Initialized alpha_vantage data provider
2025-08-10 12:07:51,450 - ProfessionalDataManager - INFO - Initialized iex_cloud data provider
2025-08-10 12:07:51,450 - ProfessionalDataManager - INFO - Initialized quandl data provider
2025-08-10 23:04:03,003 - ProfessionalDataManager - INFO - Initialized bloomberg data provider
2025-08-10 23:04:03,003 - ProfessionalDataManager - INFO - Initialized refinitiv data provider
2025-08-10 23:04:03,004 - ProfessionalDataManager - INFO - Initialized polygon data provider
2025-08-10 23:04:03,004 - ProfessionalDataManager - INFO - Initialized alpha_vantage data provider
2025-08-10 23:04:03,004 - ProfessionalDataManager - INFO - Initialized iex_cloud data provider
2025-08-10 23:04:03,004 - ProfessionalDataManager - INFO - Initialized quandl data provider
2025-08-28 18:52:02,351 - ProfessionalDataManager - INFO - Initialized bloomberg data provider
2025-08-28 18:52:02,351 - ProfessionalDataManager - INFO - Initialized refinitiv data provider
2025-08-28 18:52:02,351 - ProfessionalDataManager - INFO - Initialized polygon data provider
2025-08-28 18:52:02,351 - ProfessionalDataManager - INFO - Initialized alpha_vantage data provider
2025-08-28 18:52:02,351 - ProfessionalDataManager - INFO - Initialized iex_cloud data provider
2025-08-28 18:52:02,351 - ProfessionalDataManager - INFO - Initialized quandl data provider
2025-08-28 18:52:02,352 - ProfessionalDataManager - WARNING - Error reading from cache: Error 111 connecting to localhost:6379. Connection refused.
2025-08-28 18:52:07,355 - ProfessionalDataManager - WARNING - Timeout fetching data from iex_cloud for EURUSD
2025-08-28 18:52:07,355 - ProfessionalDataManager - WARNING - No quality data available for EURUSD
