2025-08-10 11:58:43,252 - SignalEngine - INFO - Connected to Pocket Option API
2025-08-10 11:58:43,252 - SignalEngine - INFO - Connected to Pocket Option API
2025-08-10 11:58:43,253 - SignalEngine - INFO - No pre-trained model found. Training new model...
2025-08-10 11:58:43,253 - SignalEngine - INFO - No pre-trained model found. Training new model...
2025-08-10 11:58:44,223 - SignalEngine - ERROR - No training data available
2025-08-10 11:58:44,223 - SignalEngine - ERROR - No training data available
2025-08-10 11:58:44,223 - SignalEngine - INFO - Connected to Pocket Option API
2025-08-10 11:58:44,223 - SignalEngine - INFO - Connected to Pocket Option API
2025-08-10 11:58:44,223 - SignalEngine - INFO - No pre-trained model found. Training new model...
2025-08-10 11:58:44,223 - SignalEngine - INFO - No pre-trained model found. Training new model...
2025-08-10 11:58:45,267 - SignalEngine - ERROR - No training data available
2025-08-10 11:58:45,267 - SignalEngine - ERROR - No training data available
2025-08-10 12:00:04,020 - SignalEngine - INFO - Connected to Pocket Option API
2025-08-10 12:00:04,020 - SignalEngine - INFO - Connected to Pocket Option API
2025-08-10 12:00:04,021 - SignalEngine - INFO - No pre-trained model found. Training new model...
2025-08-10 12:00:04,021 - SignalEngine - INFO - No pre-trained model found. Training new model...
2025-08-10 12:00:05,065 - SignalEngine - ERROR - No training data available
2025-08-10 12:00:05,065 - SignalEngine - ERROR - No training data available
2025-08-10 12:00:05,066 - SignalEngine - INFO - Connected to Pocket Option API
2025-08-10 12:00:05,066 - SignalEngine - INFO - Connected to Pocket Option API
2025-08-10 12:00:05,066 - SignalEngine - INFO - No pre-trained model found. Training new model...
2025-08-10 12:00:05,066 - SignalEngine - INFO - No pre-trained model found. Training new model...
2025-08-10 12:00:06,118 - SignalEngine - ERROR - No training data available
2025-08-10 12:00:06,118 - SignalEngine - ERROR - No training data available
2025-08-10 12:00:06,150 - SignalEngine - INFO - No high-quality enhanced signals found
2025-08-10 12:00:06,150 - SignalEngine - INFO - No high-quality enhanced signals found
2025-08-10 12:00:45,251 - SignalEngine - INFO - Connected to Pocket Option API
2025-08-10 12:00:45,251 - SignalEngine - INFO - Connected to Pocket Option API
2025-08-10 12:00:45,251 - SignalEngine - INFO - No pre-trained model found. Training new model...
2025-08-10 12:00:45,251 - SignalEngine - INFO - No pre-trained model found. Training new model...
2025-08-10 12:00:46,291 - SignalEngine - ERROR - No training data available
2025-08-10 12:00:46,291 - SignalEngine - ERROR - No training data available
2025-08-10 12:00:46,292 - SignalEngine - INFO - Connected to Pocket Option API
2025-08-10 12:00:46,292 - SignalEngine - INFO - Connected to Pocket Option API
2025-08-10 12:00:46,292 - SignalEngine - INFO - No pre-trained model found. Training new model...
2025-08-10 12:00:46,292 - SignalEngine - INFO - No pre-trained model found. Training new model...
2025-08-10 12:00:47,337 - SignalEngine - ERROR - No training data available
2025-08-10 12:00:47,337 - SignalEngine - ERROR - No training data available
2025-08-10 12:00:47,362 - SignalEngine - INFO - No high-quality enhanced signals found
2025-08-10 12:00:47,362 - SignalEngine - INFO - No high-quality enhanced signals found
2025-08-10 12:05:38,414 - SignalEngine - INFO - Connected to Pocket Option API
2025-08-10 12:05:38,414 - SignalEngine - INFO - Connected to Pocket Option API
2025-08-10 12:05:38,414 - SignalEngine - INFO - No pre-trained model found. Training new model...
2025-08-10 12:05:38,414 - SignalEngine - INFO - No pre-trained model found. Training new model...
2025-08-10 12:05:39,544 - SignalEngine - ERROR - No training data available
2025-08-10 12:05:39,544 - SignalEngine - ERROR - No training data available
2025-08-10 12:05:39,545 - SignalEngine - INFO - Connected to Pocket Option API
2025-08-10 12:05:39,545 - SignalEngine - INFO - Connected to Pocket Option API
2025-08-10 12:05:39,545 - SignalEngine - INFO - No pre-trained model found. Training new model...
2025-08-10 12:05:39,545 - SignalEngine - INFO - No pre-trained model found. Training new model...
2025-08-10 12:05:40,641 - SignalEngine - ERROR - No training data available
2025-08-10 12:05:40,641 - SignalEngine - ERROR - No training data available
2025-08-10 12:05:40,673 - SignalEngine - INFO - No high-quality enhanced signals found
2025-08-10 12:05:40,673 - SignalEngine - INFO - No high-quality enhanced signals found
2025-08-10 12:06:28,988 - SignalEngine - INFO - Connected to Pocket Option API
2025-08-10 12:06:28,988 - SignalEngine - INFO - Connected to Pocket Option API
2025-08-10 12:06:28,989 - SignalEngine - INFO - No pre-trained model found. Training new model...
2025-08-10 12:06:28,989 - SignalEngine - INFO - No pre-trained model found. Training new model...
2025-08-10 12:06:30,066 - SignalEngine - ERROR - No training data available
2025-08-10 12:06:30,066 - SignalEngine - ERROR - No training data available
2025-08-10 12:06:30,067 - SignalEngine - INFO - Connected to Pocket Option API
2025-08-10 12:06:30,067 - SignalEngine - INFO - Connected to Pocket Option API
2025-08-10 12:06:30,068 - SignalEngine - INFO - No pre-trained model found. Training new model...
2025-08-10 12:06:30,068 - SignalEngine - INFO - No pre-trained model found. Training new model...
2025-08-10 12:06:31,091 - SignalEngine - ERROR - No training data available
2025-08-10 12:06:31,091 - SignalEngine - ERROR - No training data available
2025-08-10 12:06:31,121 - SignalEngine - INFO - No high-quality enhanced signals found
2025-08-10 12:06:31,121 - SignalEngine - INFO - No high-quality enhanced signals found
2025-08-10 12:07:08,596 - SignalEngine - INFO - Connected to Pocket Option API
2025-08-10 12:07:08,596 - SignalEngine - INFO - Connected to Pocket Option API
2025-08-10 12:07:08,597 - SignalEngine - INFO - No pre-trained model found. Training new model...
2025-08-10 12:07:08,597 - SignalEngine - INFO - No pre-trained model found. Training new model...
2025-08-10 12:07:09,606 - SignalEngine - ERROR - No training data available
2025-08-10 12:07:09,606 - SignalEngine - ERROR - No training data available
2025-08-10 12:07:09,606 - SignalEngine - INFO - Connected to Pocket Option API
2025-08-10 12:07:09,606 - SignalEngine - INFO - Connected to Pocket Option API
2025-08-10 12:07:09,607 - SignalEngine - INFO - No pre-trained model found. Training new model...
2025-08-10 12:07:09,607 - SignalEngine - INFO - No pre-trained model found. Training new model...
2025-08-10 12:07:10,583 - SignalEngine - ERROR - No training data available
2025-08-10 12:07:10,583 - SignalEngine - ERROR - No training data available
2025-08-10 12:07:10,615 - SignalEngine - INFO - No high-quality enhanced signals found
2025-08-10 12:07:10,615 - SignalEngine - INFO - No high-quality enhanced signals found
2025-08-10 12:07:30,707 - SignalEngine - INFO - Connected to Pocket Option API
2025-08-10 12:07:30,707 - SignalEngine - INFO - Connected to Pocket Option API
2025-08-10 12:07:30,708 - SignalEngine - INFO - No pre-trained model found. Training new model...
2025-08-10 12:07:30,708 - SignalEngine - INFO - No pre-trained model found. Training new model...
2025-08-10 12:07:31,790 - SignalEngine - ERROR - No training data available
2025-08-10 12:07:31,790 - SignalEngine - ERROR - No training data available
2025-08-10 12:07:31,790 - SignalEngine - INFO - Connected to Pocket Option API
2025-08-10 12:07:31,790 - SignalEngine - INFO - Connected to Pocket Option API
2025-08-10 12:07:31,790 - SignalEngine - INFO - No pre-trained model found. Training new model...
2025-08-10 12:07:31,790 - SignalEngine - INFO - No pre-trained model found. Training new model...
2025-08-10 12:07:32,834 - SignalEngine - ERROR - No training data available
2025-08-10 12:07:32,834 - SignalEngine - ERROR - No training data available
2025-08-10 12:07:32,867 - SignalEngine - INFO - No high-quality enhanced signals found
2025-08-10 12:07:32,867 - SignalEngine - INFO - No high-quality enhanced signals found
2025-08-10 12:07:51,485 - SignalEngine - INFO - Connected to Pocket Option API
2025-08-10 12:07:51,485 - SignalEngine - INFO - Connected to Pocket Option API
2025-08-10 12:07:51,486 - SignalEngine - INFO - No pre-trained model found. Training new model...
2025-08-10 12:07:51,486 - SignalEngine - INFO - No pre-trained model found. Training new model...
2025-08-10 12:07:52,485 - SignalEngine - ERROR - No training data available
2025-08-10 12:07:52,485 - SignalEngine - ERROR - No training data available
2025-08-10 12:07:52,486 - SignalEngine - INFO - Connected to Pocket Option API
2025-08-10 12:07:52,486 - SignalEngine - INFO - Connected to Pocket Option API
2025-08-10 12:07:52,486 - SignalEngine - INFO - No pre-trained model found. Training new model...
2025-08-10 12:07:52,486 - SignalEngine - INFO - No pre-trained model found. Training new model...
2025-08-10 12:07:53,564 - SignalEngine - ERROR - No training data available
2025-08-10 12:07:53,564 - SignalEngine - ERROR - No training data available
2025-08-10 23:04:03,038 - SignalEngine - INFO - Connected to Pocket Option API
2025-08-10 23:04:03,038 - SignalEngine - INFO - Connected to Pocket Option API
2025-08-10 23:04:03,039 - SignalEngine - INFO - No pre-trained model found. Training new model...
2025-08-10 23:04:03,039 - SignalEngine - INFO - No pre-trained model found. Training new model...
2025-08-10 23:04:04,102 - SignalEngine - ERROR - No training data available
2025-08-10 23:04:04,102 - SignalEngine - ERROR - No training data available
2025-08-10 23:04:04,102 - SignalEngine - INFO - Connected to Pocket Option API
2025-08-10 23:04:04,102 - SignalEngine - INFO - Connected to Pocket Option API
2025-08-10 23:04:04,102 - SignalEngine - INFO - No pre-trained model found. Training new model...
2025-08-10 23:04:04,102 - SignalEngine - INFO - No pre-trained model found. Training new model...
2025-08-10 23:04:04,988 - SignalEngine - ERROR - No training data available
2025-08-10 23:04:04,988 - SignalEngine - ERROR - No training data available
2025-08-10 23:04:05,019 - SignalEngine - INFO - No high-quality enhanced signals found
2025-08-10 23:04:05,019 - SignalEngine - INFO - No high-quality enhanced signals found
2025-08-10 23:04:35,085 - SignalEngine - INFO - No high-quality enhanced signals found
2025-08-10 23:04:35,085 - SignalEngine - INFO - No high-quality enhanced signals found
2025-08-10 23:05:05,154 - SignalEngine - INFO - No high-quality enhanced signals found
2025-08-10 23:05:05,154 - SignalEngine - INFO - No high-quality enhanced signals found
2025-08-10 23:05:35,223 - SignalEngine - INFO - No high-quality enhanced signals found
2025-08-10 23:05:35,223 - SignalEngine - INFO - No high-quality enhanced signals found
2025-08-10 23:06:05,290 - SignalEngine - INFO - No high-quality enhanced signals found
2025-08-10 23:06:05,290 - SignalEngine - INFO - No high-quality enhanced signals found
2025-08-10 23:06:35,346 - SignalEngine - INFO - No high-quality enhanced signals found
2025-08-10 23:06:35,346 - SignalEngine - INFO - No high-quality enhanced signals found
2025-08-10 23:07:05,413 - SignalEngine - INFO - No high-quality enhanced signals found
2025-08-10 23:07:05,413 - SignalEngine - INFO - No high-quality enhanced signals found
2025-08-10 23:07:35,469 - SignalEngine - INFO - No high-quality enhanced signals found
2025-08-10 23:07:35,469 - SignalEngine - INFO - No high-quality enhanced signals found
2025-08-10 23:08:05,538 - SignalEngine - INFO - No high-quality enhanced signals found
2025-08-10 23:08:05,538 - SignalEngine - INFO - No high-quality enhanced signals found
2025-08-10 23:08:35,605 - SignalEngine - INFO - No high-quality enhanced signals found
2025-08-10 23:08:35,605 - SignalEngine - INFO - No high-quality enhanced signals found
2025-08-10 23:09:05,670 - SignalEngine - INFO - No high-quality enhanced signals found
2025-08-10 23:09:05,670 - SignalEngine - INFO - No high-quality enhanced signals found
2025-08-10 23:09:35,740 - SignalEngine - INFO - No high-quality enhanced signals found
2025-08-10 23:09:35,740 - SignalEngine - INFO - No high-quality enhanced signals found
2025-08-10 23:56:06,575 - SignalEngine - INFO - Connected to Pocket Option API
2025-08-10 23:56:06,575 - SignalEngine - INFO - Connected to Pocket Option API
2025-08-10 23:56:06,576 - SignalEngine - INFO - No pre-trained model found. Training new model...
2025-08-10 23:56:06,576 - SignalEngine - INFO - No pre-trained model found. Training new model...
2025-08-10 23:56:09,119 - SignalEngine - INFO - No historical data available. Generating sample data for training...
2025-08-10 23:56:09,119 - SignalEngine - INFO - No historical data available. Generating sample data for training...
2025-08-10 23:56:09,138 - SignalEngine - INFO - Generated sample data for EUR/USD: 721 records
2025-08-10 23:56:09,138 - SignalEngine - INFO - Generated sample data for EUR/USD: 721 records
2025-08-10 23:56:09,149 - SignalEngine - INFO - Generated sample data for GBP/USD: 721 records
2025-08-10 23:56:09,149 - SignalEngine - INFO - Generated sample data for GBP/USD: 721 records
2025-08-10 23:56:09,159 - SignalEngine - INFO - Generated sample data for USD/JPY: 721 records
2025-08-10 23:56:09,159 - SignalEngine - INFO - Generated sample data for USD/JPY: 721 records
2025-08-10 23:56:09,170 - SignalEngine - INFO - Generated sample data for AUD/USD: 721 records
2025-08-10 23:56:09,170 - SignalEngine - INFO - Generated sample data for AUD/USD: 721 records
2025-08-10 23:56:09,492 - SignalEngine - ERROR - Error training initial model: Input 0 of layer "functional" is incompatible with the layer: expected shape=(None, 60, 20), found shape=(None, 60, 24)
2025-08-10 23:56:09,492 - SignalEngine - ERROR - Error training initial model: Input 0 of layer "functional" is incompatible with the layer: expected shape=(None, 60, 20), found shape=(None, 60, 24)
2025-08-10 23:56:09,493 - SignalEngine - INFO - Connected to Pocket Option API
2025-08-10 23:56:09,493 - SignalEngine - INFO - Connected to Pocket Option API
2025-08-10 23:56:09,493 - SignalEngine - INFO - No pre-trained model found. Training new model...
2025-08-10 23:56:09,493 - SignalEngine - INFO - No pre-trained model found. Training new model...
2025-08-10 23:56:11,443 - SignalEngine - INFO - No historical data available. Generating sample data for training...
2025-08-10 23:56:11,443 - SignalEngine - INFO - No historical data available. Generating sample data for training...
2025-08-10 23:56:11,461 - SignalEngine - INFO - Generated sample data for EUR/USD: 721 records
2025-08-10 23:56:11,461 - SignalEngine - INFO - Generated sample data for EUR/USD: 721 records
2025-08-10 23:56:11,472 - SignalEngine - INFO - Generated sample data for GBP/USD: 721 records
2025-08-10 23:56:11,472 - SignalEngine - INFO - Generated sample data for GBP/USD: 721 records
2025-08-10 23:56:11,483 - SignalEngine - INFO - Generated sample data for USD/JPY: 721 records
2025-08-10 23:56:11,483 - SignalEngine - INFO - Generated sample data for USD/JPY: 721 records
2025-08-10 23:56:11,493 - SignalEngine - INFO - Generated sample data for AUD/USD: 721 records
2025-08-10 23:56:11,493 - SignalEngine - INFO - Generated sample data for AUD/USD: 721 records
2025-08-10 23:56:11,675 - SignalEngine - ERROR - Error training initial model: Input 0 of layer "functional_1" is incompatible with the layer: expected shape=(None, 60, 20), found shape=(None, 60, 24)
2025-08-10 23:56:11,675 - SignalEngine - ERROR - Error training initial model: Input 0 of layer "functional_1" is incompatible with the layer: expected shape=(None, 60, 20), found shape=(None, 60, 24)
2025-08-10 23:56:18,440 - SignalEngine - INFO - Connected to Pocket Option API
2025-08-10 23:56:18,441 - SignalEngine - INFO - No pre-trained model found. Training new model...
2025-08-10 23:56:21,054 - SignalEngine - INFO - No historical data available. Generating sample data for training...
2025-08-10 23:56:21,073 - SignalEngine - INFO - Generated sample data for EUR/USD: 721 records
2025-08-10 23:56:21,084 - SignalEngine - INFO - Generated sample data for GBP/USD: 721 records
2025-08-10 23:56:21,096 - SignalEngine - INFO - Generated sample data for USD/JPY: 721 records
2025-08-10 23:56:21,107 - SignalEngine - INFO - Generated sample data for AUD/USD: 721 records
2025-08-10 23:56:21,349 - SignalEngine - ERROR - Error training initial model: Input 0 of layer "functional" is incompatible with the layer: expected shape=(None, 60, 20), found shape=(None, 60, 24)
2025-08-10 23:56:23,477 - SignalEngine - INFO - Connected to Pocket Option API
2025-08-10 23:56:23,477 - SignalEngine - INFO - Connected to Pocket Option API
2025-08-10 23:56:23,478 - SignalEngine - INFO - No pre-trained model found. Training new model...
2025-08-10 23:56:23,478 - SignalEngine - INFO - No pre-trained model found. Training new model...
2025-08-10 23:56:26,259 - SignalEngine - INFO - No historical data available. Generating sample data for training...
2025-08-10 23:56:26,259 - SignalEngine - INFO - No historical data available. Generating sample data for training...
2025-08-10 23:56:26,276 - SignalEngine - INFO - Generated sample data for EUR/USD: 721 records
2025-08-10 23:56:26,276 - SignalEngine - INFO - Generated sample data for EUR/USD: 721 records
2025-08-10 23:56:26,287 - SignalEngine - INFO - Generated sample data for GBP/USD: 721 records
2025-08-10 23:56:26,287 - SignalEngine - INFO - Generated sample data for GBP/USD: 721 records
2025-08-10 23:56:26,298 - SignalEngine - INFO - Generated sample data for USD/JPY: 721 records
2025-08-10 23:56:26,298 - SignalEngine - INFO - Generated sample data for USD/JPY: 721 records
2025-08-10 23:56:26,309 - SignalEngine - INFO - Generated sample data for AUD/USD: 721 records
2025-08-10 23:56:26,309 - SignalEngine - INFO - Generated sample data for AUD/USD: 721 records
2025-08-10 23:56:26,462 - SignalEngine - ERROR - Error training initial model: Input 0 of layer "functional_1" is incompatible with the layer: expected shape=(None, 60, 20), found shape=(None, 60, 24)
2025-08-10 23:56:26,462 - SignalEngine - ERROR - Error training initial model: Input 0 of layer "functional_1" is incompatible with the layer: expected shape=(None, 60, 20), found shape=(None, 60, 24)
2025-08-10 23:56:27,233 - SignalEngine - INFO - No high-quality enhanced signals found
2025-08-10 23:56:27,233 - SignalEngine - INFO - No high-quality enhanced signals found
2025-08-10 23:56:27,267 - SignalEngine - INFO - No high-quality enhanced signals found
2025-08-10 23:56:27,267 - SignalEngine - INFO - No high-quality enhanced signals found
2025-08-10 23:57:27,934 - SignalEngine - INFO - No high-quality enhanced signals found
2025-08-10 23:57:27,934 - SignalEngine - INFO - No high-quality enhanced signals found
2025-08-10 23:58:28,575 - SignalEngine - INFO - No high-quality enhanced signals found
2025-08-10 23:58:28,575 - SignalEngine - INFO - No high-quality enhanced signals found
2025-08-10 23:59:29,220 - SignalEngine - INFO - No high-quality enhanced signals found
2025-08-10 23:59:29,220 - SignalEngine - INFO - No high-quality enhanced signals found
2025-08-11 00:00:29,875 - SignalEngine - INFO - No high-quality enhanced signals found
2025-08-11 00:00:29,875 - SignalEngine - INFO - No high-quality enhanced signals found
2025-08-11 00:00:30,649 - SignalEngine - INFO - No high-quality enhanced signals found
2025-08-11 00:00:30,649 - SignalEngine - INFO - No high-quality enhanced signals found
2025-08-11 00:01:27,908 - SignalEngine - INFO - No high-quality enhanced signals found
2025-08-11 00:01:27,908 - SignalEngine - INFO - No high-quality enhanced signals found
2025-08-11 00:01:30,512 - SignalEngine - INFO - No high-quality enhanced signals found
2025-08-11 00:01:30,512 - SignalEngine - INFO - No high-quality enhanced signals found
2025-08-11 00:02:31,155 - SignalEngine - INFO - No high-quality enhanced signals found
2025-08-11 00:02:31,155 - SignalEngine - INFO - No high-quality enhanced signals found
2025-08-11 00:03:31,830 - SignalEngine - INFO - No high-quality enhanced signals found
2025-08-11 00:03:31,830 - SignalEngine - INFO - No high-quality enhanced signals found
2025-08-11 00:04:32,478 - SignalEngine - INFO - No high-quality enhanced signals found
2025-08-11 00:04:32,478 - SignalEngine - INFO - No high-quality enhanced signals found
2025-08-11 00:05:33,170 - SignalEngine - INFO - No high-quality enhanced signals found
2025-08-11 00:05:33,170 - SignalEngine - INFO - No high-quality enhanced signals found
2025-08-11 00:06:28,857 - SignalEngine - INFO - No high-quality enhanced signals found
2025-08-11 00:06:28,857 - SignalEngine - INFO - No high-quality enhanced signals found
2025-08-11 00:06:33,829 - SignalEngine - INFO - No high-quality enhanced signals found
2025-08-11 00:06:33,829 - SignalEngine - INFO - No high-quality enhanced signals found
2025-08-11 00:06:59,553 - SignalEngine - INFO - SignalEngine cleanup completed
2025-08-11 00:06:59,553 - SignalEngine - INFO - SignalEngine cleanup completed
2025-08-11 00:07:55,552 - SignalEngine - INFO - Connected to Pocket Option API
2025-08-11 00:07:55,552 - SignalEngine - INFO - No pre-trained model found. Training new model...
2025-08-11 00:07:58,106 - SignalEngine - INFO - No historical data available. Generating sample data for training...
2025-08-11 00:07:58,126 - SignalEngine - INFO - Generated sample data for EUR/USD: 721 records
2025-08-11 00:07:58,138 - SignalEngine - INFO - Generated sample data for GBP/USD: 721 records
2025-08-11 00:07:58,150 - SignalEngine - INFO - Generated sample data for USD/JPY: 721 records
2025-08-11 00:07:58,162 - SignalEngine - INFO - Generated sample data for AUD/USD: 721 records
2025-08-11 00:07:58,431 - SignalEngine - ERROR - Error training initial model: Input 0 of layer "functional" is incompatible with the layer: expected shape=(None, 60, 20), found shape=(None, 60, 24)
2025-08-11 00:08:00,588 - SignalEngine - INFO - Connected to Pocket Option API
2025-08-11 00:08:00,588 - SignalEngine - INFO - Connected to Pocket Option API
2025-08-11 00:08:00,589 - SignalEngine - INFO - No pre-trained model found. Training new model...
2025-08-11 00:08:00,589 - SignalEngine - INFO - No pre-trained model found. Training new model...
2025-08-11 00:08:02,969 - SignalEngine - INFO - No historical data available. Generating sample data for training...
2025-08-11 00:08:02,969 - SignalEngine - INFO - No historical data available. Generating sample data for training...
2025-08-11 00:08:02,986 - SignalEngine - INFO - Generated sample data for EUR/USD: 721 records
2025-08-11 00:08:02,986 - SignalEngine - INFO - Generated sample data for EUR/USD: 721 records
2025-08-11 00:08:02,997 - SignalEngine - INFO - Generated sample data for GBP/USD: 721 records
2025-08-11 00:08:02,997 - SignalEngine - INFO - Generated sample data for GBP/USD: 721 records
2025-08-11 00:08:03,008 - SignalEngine - INFO - Generated sample data for USD/JPY: 721 records
2025-08-11 00:08:03,008 - SignalEngine - INFO - Generated sample data for USD/JPY: 721 records
2025-08-11 00:08:03,019 - SignalEngine - INFO - Generated sample data for AUD/USD: 721 records
2025-08-11 00:08:03,019 - SignalEngine - INFO - Generated sample data for AUD/USD: 721 records
2025-08-11 00:08:03,184 - SignalEngine - ERROR - Error training initial model: Input 0 of layer "functional_1" is incompatible with the layer: expected shape=(None, 60, 20), found shape=(None, 60, 24)
2025-08-11 00:08:03,184 - SignalEngine - ERROR - Error training initial model: Input 0 of layer "functional_1" is incompatible with the layer: expected shape=(None, 60, 20), found shape=(None, 60, 24)
2025-08-11 00:08:03,903 - SignalEngine - INFO - No high-quality enhanced signals found
2025-08-11 00:08:03,903 - SignalEngine - INFO - No high-quality enhanced signals found
2025-08-11 00:08:04,018 - SignalEngine - INFO - No high-quality enhanced signals found
2025-08-11 00:08:04,018 - SignalEngine - INFO - No high-quality enhanced signals found
2025-08-11 00:08:05,285 - SignalEngine - INFO - No high-quality enhanced signals found
2025-08-11 00:08:05,285 - SignalEngine - INFO - No high-quality enhanced signals found
2025-08-11 00:08:05,964 - SignalEngine - INFO - No high-quality enhanced signals found
2025-08-11 00:08:05,964 - SignalEngine - INFO - No high-quality enhanced signals found
2025-08-11 00:08:23,362 - SignalEngine - INFO - SignalEngine cleanup completed
2025-08-11 00:08:23,362 - SignalEngine - INFO - SignalEngine cleanup completed
