2025-08-13 15:25:21,579 - SimpleContinuousTradingSystem - INFO - 🚀 Simple Continuous Trading System initialized
2025-08-13 15:25:21,579 - SimpleContinuousTradingSystem - INFO - 🚀 Starting Simple Continuous Ultimate Trading System...
2025-08-13 15:25:21,579 - SimpleContinuousTradingSystem - INFO - 🔄 Starting continuous signal generation...
2025-08-13 15:25:21,579 - SimpleContinuousTradingSystem - INFO - 📊 Starting system monitoring...
2025-08-13 15:25:21,579 - SimpleContinuousTradingSystem - INFO - ✅ Continuous Trading System started successfully!
2025-08-13 15:25:21,580 - SimpleContinuousTradingSystem - INFO - Signal generated: SIG1755098721 - ADA/USD 📉 SELL
2025-08-13 15:25:21,580 - SimpleContinuousTradingSystem - INFO - 🎯 System is now running continuously!
2025-08-13 15:25:21,580 - SimpleContinuousTradingSystem - INFO - 📊 Signals will be generated every 30 seconds
2025-08-13 15:25:21,580 - SimpleContinuousTradingSystem - INFO - 📈 Status updates every 5 minutes
2025-08-13 15:25:51,581 - SimpleContinuousTradingSystem - INFO - Signal generated: SIG1755098751 - GBP/USD 📉 SELL
2025-08-13 15:26:21,581 - SimpleContinuousTradingSystem - INFO - Signal generated: SIG1755098781 - EUR/HUF 📉 SELL
2025-08-13 15:26:51,582 - SimpleContinuousTradingSystem - INFO - Signal generated: SIG1755098811 - SPX500 📈 BUY
2025-08-13 16:37:26,308 - SimpleContinuousTradingSystem - INFO - 🚀 Simple Continuous Trading System initialized
2025-08-13 16:37:26,308 - SimpleContinuousTradingSystem - INFO - 🚀 Starting Simple Continuous Ultimate Trading System...
2025-08-13 16:37:26,308 - SimpleContinuousTradingSystem - INFO - 🔄 Starting continuous signal generation...
2025-08-13 16:37:26,309 - SimpleContinuousTradingSystem - INFO - 📊 Starting system monitoring...
2025-08-13 16:37:26,309 - SimpleContinuousTradingSystem - INFO - ✅ Continuous Trading System started successfully!
2025-08-13 16:37:26,309 - SimpleContinuousTradingSystem - INFO - Signal generated: SIG1755103046 - FTSE100 📉 SELL
2025-08-13 16:37:26,309 - SimpleContinuousTradingSystem - INFO - 🎯 System is now running continuously!
2025-08-13 16:37:26,309 - SimpleContinuousTradingSystem - INFO - 📊 Signals will be generated every 30 seconds
2025-08-13 16:37:26,309 - SimpleContinuousTradingSystem - INFO - 📈 Status updates every 5 minutes
2025-08-13 16:37:56,310 - SimpleContinuousTradingSystem - INFO - Signal generated: SIG1755103076 - AUD/USD 📈 BUY
2025-08-13 16:38:26,310 - SimpleContinuousTradingSystem - INFO - Signal generated: SIG1755103106 - USD/HKD 📉 SELL
2025-08-13 16:38:56,311 - SimpleContinuousTradingSystem - INFO - Signal generated: SIG1755103136 - DOT/USD 📈 BUY
2025-08-13 16:39:26,312 - SimpleContinuousTradingSystem - INFO - Signal generated: SIG1755103166 - NZD/USD 📉 SELL
