2025-08-10 11:10:04,878 - TradingBotSystem - INFO - Trading Bot System starting up...
2025-08-10 11:10:04,878 - TradingBotSystem - INFO - Validating configuration...
2025-08-10 11:10:04,878 - TradingBotSystem - INFO - Configuration validation completed successfully
2025-08-10 11:10:04,878 - TradingBotSystem - INFO - Initializing trading bot components...
2025-08-10 11:10:04,878 - TradingBotSystem - INFO - Initializing Performance Tracker...
2025-08-10 11:10:04,879 - TradingBotSystem - INFO - Initializing Risk Manager...
2025-08-10 11:10:04,879 - TradingBotSystem - INFO - Initializing Pocket Option API...
2025-08-10 11:10:06,882 - TradingBotSystem - INFO - Initializing Signal Engine...
2025-08-10 11:10:06,933 - SignalEngine - INFO - Connected to Pocket Option API
2025-08-10 11:10:06,934 - LSTM_Model - ERROR - Failed to load model: [Errno 2] Unable to synchronously open file (unable to open file: name = '/workspace/models//lstm_trading_model.h5', errno = 2, error message = 'No such file or directory', flags = 0, o_flags = 0)
2025-08-10 11:10:06,934 - SignalEngine - INFO - No pre-trained model found. Training new model...
2025-08-10 11:10:07,271 - PocketOptionAPI - ERROR - WebSocket error: scheme https is invalid
2025-08-10 11:10:07,271 - websocket - ERROR - scheme https is invalid - goodbye
2025-08-10 11:10:07,271 - PocketOptionAPI - INFO - WebSocket connection closed
2025-08-10 11:10:07,433 - PocketOptionAPI - ERROR - Failed to get market data: 404
2025-08-10 11:10:07,665 - PocketOptionAPI - ERROR - Failed to get market data: 404
2025-08-10 11:10:07,873 - PocketOptionAPI - ERROR - Failed to get market data: 404
2025-08-10 11:10:08,082 - PocketOptionAPI - ERROR - Failed to get market data: 404
2025-08-10 11:10:08,082 - SignalEngine - ERROR - No training data available
2025-08-10 11:10:09,933 - TradingBotSystem - INFO - Initializing Telegram Bot...
2025-08-10 11:10:09,975 - TradingBotSystem - INFO - All components initialized successfully
2025-08-10 11:10:09,975 - TradingBotSystem - INFO - Trading Bot System is fully operational
2025-08-10 11:10:09,977 - SignalEngine - INFO - Connected to Pocket Option API
2025-08-10 11:10:09,978 - LSTM_Model - ERROR - Failed to load model: [Errno 2] Unable to synchronously open file (unable to open file: name = '/workspace/models//lstm_trading_model.h5', errno = 2, error message = 'No such file or directory', flags = 0, o_flags = 0)
2025-08-10 11:10:09,978 - SignalEngine - INFO - No pre-trained model found. Training new model...
2025-08-10 11:10:10,022 - TradingBot - ERROR - Error starting bot: no running event loop
2025-08-10 11:10:10,022 - TradingBotSystem - ERROR - Error running Telegram bot: no running event loop
2025-08-10 11:10:10,310 - PocketOptionAPI - ERROR - WebSocket error: scheme https is invalid
2025-08-10 11:10:10,311 - websocket - ERROR - scheme https is invalid - goodbye
2025-08-10 11:10:10,311 - PocketOptionAPI - INFO - WebSocket connection closed
2025-08-10 11:10:10,464 - PocketOptionAPI - ERROR - Failed to get market data: 404
2025-08-10 11:10:10,653 - PocketOptionAPI - ERROR - Failed to get market data: 404
2025-08-10 11:10:10,831 - PocketOptionAPI - ERROR - Failed to get market data: 404
2025-08-10 11:10:11,080 - PocketOptionAPI - ERROR - Failed to get market data: 404
2025-08-10 11:10:11,080 - SignalEngine - ERROR - No training data available
2025-08-10 11:10:11,081 - TradingBotSystem - WARNING - Critical issues detected: ['LSTM model not loaded', 'Pocket Option API disconnected']
2025-08-10 11:10:11,081 - TradingBotSystem - ERROR - Telegram bot thread died, attempting restart...
2025-08-10 11:10:11,095 - TradingBot - ERROR - Error starting bot: no running event loop
2025-08-10 11:10:11,095 - TradingBotSystem - ERROR - Error running Telegram bot: no running event loop
2025-08-10 11:10:12,083 - TradingBotSystem - ERROR - Telegram bot thread died, attempting restart...
2025-08-10 11:10:12,098 - TradingBot - ERROR - Error starting bot: no running event loop
2025-08-10 11:10:12,098 - TradingBotSystem - ERROR - Error running Telegram bot: no running event loop
2025-08-10 11:10:13,085 - TradingBotSystem - ERROR - Telegram bot thread died, attempting restart...
2025-08-10 11:10:13,097 - TradingBot - ERROR - Error starting bot: no running event loop
2025-08-10 11:10:13,097 - TradingBotSystem - ERROR - Error running Telegram bot: no running event loop
2025-08-10 11:10:14,087 - TradingBotSystem - ERROR - Telegram bot thread died, attempting restart...
2025-08-10 11:10:14,098 - TradingBot - ERROR - Error starting bot: no running event loop
2025-08-10 11:10:14,099 - TradingBotSystem - ERROR - Error running Telegram bot: no running event loop
2025-08-10 11:10:15,089 - TradingBotSystem - ERROR - Telegram bot thread died, attempting restart...
2025-08-10 11:10:15,100 - TradingBot - ERROR - Error starting bot: no running event loop
2025-08-10 11:10:15,100 - TradingBotSystem - ERROR - Error running Telegram bot: no running event loop
2025-08-10 11:10:16,091 - TradingBotSystem - ERROR - Telegram bot thread died, attempting restart...
2025-08-10 11:10:16,101 - TradingBot - ERROR - Error starting bot: no running event loop
2025-08-10 11:10:16,101 - TradingBotSystem - ERROR - Error running Telegram bot: no running event loop
2025-08-10 11:10:17,092 - TradingBotSystem - ERROR - Telegram bot thread died, attempting restart...
2025-08-10 11:10:17,102 - TradingBot - ERROR - Error starting bot: no running event loop
2025-08-10 11:10:17,102 - TradingBotSystem - ERROR - Error running Telegram bot: no running event loop
2025-08-10 11:10:18,094 - TradingBotSystem - ERROR - Telegram bot thread died, attempting restart...
2025-08-10 11:10:18,104 - TradingBot - ERROR - Error starting bot: no running event loop
2025-08-10 11:10:18,104 - TradingBotSystem - ERROR - Error running Telegram bot: no running event loop
2025-08-10 11:10:19,096 - TradingBotSystem - ERROR - Telegram bot thread died, attempting restart...
2025-08-10 11:10:19,106 - TradingBot - ERROR - Error starting bot: no running event loop
2025-08-10 11:10:19,106 - TradingBotSystem - ERROR - Error running Telegram bot: no running event loop
2025-08-10 11:10:20,098 - TradingBotSystem - ERROR - Telegram bot thread died, attempting restart...
2025-08-10 11:10:20,108 - TradingBot - ERROR - Error starting bot: no running event loop
2025-08-10 11:10:20,109 - TradingBotSystem - ERROR - Error running Telegram bot: no running event loop
2025-08-10 11:10:21,099 - TradingBotSystem - ERROR - Telegram bot thread died, attempting restart...
2025-08-10 11:10:21,110 - TradingBot - ERROR - Error starting bot: no running event loop
2025-08-10 11:10:21,110 - TradingBotSystem - ERROR - Error running Telegram bot: no running event loop
2025-08-10 11:10:22,101 - TradingBotSystem - ERROR - Telegram bot thread died, attempting restart...
2025-08-10 11:10:22,112 - TradingBot - ERROR - Error starting bot: no running event loop
2025-08-10 11:10:22,112 - TradingBotSystem - ERROR - Error running Telegram bot: no running event loop
2025-08-10 11:10:23,103 - TradingBotSystem - ERROR - Telegram bot thread died, attempting restart...
2025-08-10 11:10:23,114 - TradingBot - ERROR - Error starting bot: no running event loop
2025-08-10 11:10:23,114 - TradingBotSystem - ERROR - Error running Telegram bot: no running event loop
2025-08-10 11:10:24,105 - TradingBotSystem - ERROR - Telegram bot thread died, attempting restart...
2025-08-10 11:10:24,116 - TradingBot - ERROR - Error starting bot: no running event loop
2025-08-10 11:10:24,116 - TradingBotSystem - ERROR - Error running Telegram bot: no running event loop
2025-08-10 11:10:25,107 - TradingBotSystem - ERROR - Telegram bot thread died, attempting restart...
2025-08-10 11:10:25,117 - TradingBot - ERROR - Error starting bot: no running event loop
2025-08-10 11:10:25,117 - TradingBotSystem - ERROR - Error running Telegram bot: no running event loop
2025-08-10 11:10:26,109 - TradingBotSystem - ERROR - Telegram bot thread died, attempting restart...
2025-08-10 11:10:26,119 - TradingBot - ERROR - Error starting bot: no running event loop
2025-08-10 11:10:26,119 - TradingBotSystem - ERROR - Error running Telegram bot: no running event loop
2025-08-10 11:10:27,110 - TradingBotSystem - ERROR - Telegram bot thread died, attempting restart...
2025-08-10 11:10:27,121 - TradingBot - ERROR - Error starting bot: no running event loop
2025-08-10 11:10:27,121 - TradingBotSystem - ERROR - Error running Telegram bot: no running event loop
2025-08-10 11:10:28,112 - TradingBotSystem - ERROR - Telegram bot thread died, attempting restart...
2025-08-10 11:10:28,123 - TradingBot - ERROR - Error starting bot: no running event loop
2025-08-10 11:10:28,123 - TradingBotSystem - ERROR - Error running Telegram bot: no running event loop
2025-08-10 11:10:29,114 - TradingBotSystem - ERROR - Telegram bot thread died, attempting restart...
2025-08-10 11:10:29,124 - TradingBot - ERROR - Error starting bot: no running event loop
2025-08-10 11:10:29,124 - TradingBotSystem - ERROR - Error running Telegram bot: no running event loop
2025-08-10 11:10:30,116 - TradingBotSystem - ERROR - Telegram bot thread died, attempting restart...
2025-08-10 11:10:30,126 - TradingBot - ERROR - Error starting bot: no running event loop
2025-08-10 11:10:30,126 - TradingBotSystem - ERROR - Error running Telegram bot: no running event loop
2025-08-10 11:10:31,117 - TradingBotSystem - ERROR - Telegram bot thread died, attempting restart...
2025-08-10 11:10:31,129 - TradingBot - ERROR - Error starting bot: no running event loop
2025-08-10 11:10:31,129 - TradingBotSystem - ERROR - Error running Telegram bot: no running event loop
2025-08-10 11:10:32,119 - TradingBotSystem - ERROR - Telegram bot thread died, attempting restart...
2025-08-10 11:10:32,133 - TradingBot - ERROR - Error starting bot: no running event loop
2025-08-10 11:10:32,133 - TradingBotSystem - ERROR - Error running Telegram bot: no running event loop
2025-08-10 11:10:33,122 - TradingBotSystem - ERROR - Telegram bot thread died, attempting restart...
2025-08-10 11:10:33,133 - TradingBot - ERROR - Error starting bot: no running event loop
2025-08-10 11:10:33,133 - TradingBotSystem - ERROR - Error running Telegram bot: no running event loop
2025-08-10 11:10:34,124 - TradingBotSystem - ERROR - Telegram bot thread died, attempting restart...
2025-08-10 11:10:34,134 - TradingBot - ERROR - Error starting bot: no running event loop
2025-08-10 11:10:34,134 - TradingBotSystem - ERROR - Error running Telegram bot: no running event loop
2025-08-10 11:10:35,125 - TradingBotSystem - ERROR - Telegram bot thread died, attempting restart...
2025-08-10 11:10:35,136 - TradingBot - ERROR - Error starting bot: no running event loop
2025-08-10 11:10:35,136 - TradingBotSystem - ERROR - Error running Telegram bot: no running event loop
2025-08-10 11:10:36,127 - TradingBotSystem - ERROR - Telegram bot thread died, attempting restart...
2025-08-10 11:10:36,138 - TradingBot - ERROR - Error starting bot: no running event loop
2025-08-10 11:10:36,138 - TradingBotSystem - ERROR - Error running Telegram bot: no running event loop
2025-08-10 11:10:37,129 - TradingBotSystem - ERROR - Telegram bot thread died, attempting restart...
2025-08-10 11:10:37,140 - TradingBot - ERROR - Error starting bot: no running event loop
2025-08-10 11:10:37,140 - TradingBotSystem - ERROR - Error running Telegram bot: no running event loop
2025-08-10 11:10:38,131 - TradingBotSystem - ERROR - Telegram bot thread died, attempting restart...
2025-08-10 11:10:38,142 - TradingBot - ERROR - Error starting bot: no running event loop
2025-08-10 11:10:38,142 - TradingBotSystem - ERROR - Error running Telegram bot: no running event loop
2025-08-10 11:10:39,133 - TradingBotSystem - ERROR - Telegram bot thread died, attempting restart...
2025-08-10 11:10:39,143 - TradingBot - ERROR - Error starting bot: no running event loop
2025-08-10 11:10:39,143 - TradingBotSystem - ERROR - Error running Telegram bot: no running event loop
2025-08-10 11:10:40,134 - TradingBotSystem - ERROR - Telegram bot thread died, attempting restart...
2025-08-10 11:10:40,145 - TradingBot - ERROR - Error starting bot: no running event loop
2025-08-10 11:10:40,145 - TradingBotSystem - ERROR - Error running Telegram bot: no running event loop
2025-08-10 11:10:41,136 - TradingBotSystem - ERROR - Telegram bot thread died, attempting restart...
2025-08-10 11:10:41,147 - TradingBot - ERROR - Error starting bot: no running event loop
2025-08-10 11:10:41,147 - TradingBotSystem - ERROR - Error running Telegram bot: no running event loop
2025-08-10 11:10:42,138 - TradingBotSystem - ERROR - Telegram bot thread died, attempting restart...
2025-08-10 11:10:42,148 - TradingBot - ERROR - Error starting bot: no running event loop
2025-08-10 11:10:42,148 - TradingBotSystem - ERROR - Error running Telegram bot: no running event loop
2025-08-10 11:10:43,140 - TradingBotSystem - ERROR - Telegram bot thread died, attempting restart...
2025-08-10 11:10:43,150 - TradingBot - ERROR - Error starting bot: no running event loop
2025-08-10 11:10:43,150 - TradingBotSystem - ERROR - Error running Telegram bot: no running event loop
2025-08-10 11:10:44,141 - TradingBotSystem - ERROR - Telegram bot thread died, attempting restart...
2025-08-10 11:10:44,153 - TradingBot - ERROR - Error starting bot: no running event loop
2025-08-10 11:10:44,153 - TradingBotSystem - ERROR - Error running Telegram bot: no running event loop
2025-08-10 11:10:45,143 - TradingBotSystem - ERROR - Telegram bot thread died, attempting restart...
2025-08-10 11:10:45,154 - TradingBot - ERROR - Error starting bot: no running event loop
2025-08-10 11:10:45,154 - TradingBotSystem - ERROR - Error running Telegram bot: no running event loop
2025-08-10 11:10:46,145 - TradingBotSystem - ERROR - Telegram bot thread died, attempting restart...
2025-08-10 11:10:46,155 - TradingBot - ERROR - Error starting bot: no running event loop
2025-08-10 11:10:46,155 - TradingBotSystem - ERROR - Error running Telegram bot: no running event loop
2025-08-10 11:10:47,147 - TradingBotSystem - ERROR - Telegram bot thread died, attempting restart...
2025-08-10 11:10:47,157 - TradingBot - ERROR - Error starting bot: no running event loop
2025-08-10 11:10:47,158 - TradingBotSystem - ERROR - Error running Telegram bot: no running event loop
2025-08-10 11:10:48,149 - TradingBotSystem - ERROR - Telegram bot thread died, attempting restart...
2025-08-10 11:10:48,159 - TradingBot - ERROR - Error starting bot: no running event loop
2025-08-10 11:10:48,159 - TradingBotSystem - ERROR - Error running Telegram bot: no running event loop
2025-08-10 11:10:49,151 - TradingBotSystem - ERROR - Telegram bot thread died, attempting restart...
2025-08-10 11:10:49,161 - TradingBot - ERROR - Error starting bot: no running event loop
2025-08-10 11:10:49,161 - TradingBotSystem - ERROR - Error running Telegram bot: no running event loop
2025-08-10 11:10:50,152 - TradingBotSystem - ERROR - Telegram bot thread died, attempting restart...
2025-08-10 11:10:50,163 - TradingBot - ERROR - Error starting bot: no running event loop
2025-08-10 11:10:50,163 - TradingBotSystem - ERROR - Error running Telegram bot: no running event loop
2025-08-10 11:10:51,154 - TradingBotSystem - ERROR - Telegram bot thread died, attempting restart...
2025-08-10 11:10:51,164 - TradingBot - ERROR - Error starting bot: no running event loop
2025-08-10 11:10:51,164 - TradingBotSystem - ERROR - Error running Telegram bot: no running event loop
2025-08-10 11:10:52,156 - TradingBotSystem - ERROR - Telegram bot thread died, attempting restart...
2025-08-10 11:10:52,166 - TradingBot - ERROR - Error starting bot: no running event loop
2025-08-10 11:10:52,166 - TradingBotSystem - ERROR - Error running Telegram bot: no running event loop
2025-08-10 11:10:53,157 - TradingBotSystem - ERROR - Telegram bot thread died, attempting restart...
2025-08-10 11:10:53,168 - TradingBot - ERROR - Error starting bot: no running event loop
2025-08-10 11:10:53,168 - TradingBotSystem - ERROR - Error running Telegram bot: no running event loop
2025-08-10 11:10:54,159 - TradingBotSystem - ERROR - Telegram bot thread died, attempting restart...
2025-08-10 11:10:54,169 - TradingBot - ERROR - Error starting bot: no running event loop
2025-08-10 11:10:54,169 - TradingBotSystem - ERROR - Error running Telegram bot: no running event loop
2025-08-10 11:10:55,161 - TradingBotSystem - ERROR - Telegram bot thread died, attempting restart...
2025-08-10 11:10:55,171 - TradingBot - ERROR - Error starting bot: no running event loop
2025-08-10 11:10:55,171 - TradingBotSystem - ERROR - Error running Telegram bot: no running event loop
2025-08-10 11:10:56,162 - TradingBotSystem - ERROR - Telegram bot thread died, attempting restart...
2025-08-10 11:10:56,173 - TradingBot - ERROR - Error starting bot: no running event loop
2025-08-10 11:10:56,173 - TradingBotSystem - ERROR - Error running Telegram bot: no running event loop
2025-08-10 11:10:57,164 - TradingBotSystem - ERROR - Telegram bot thread died, attempting restart...
2025-08-10 11:10:57,174 - TradingBot - ERROR - Error starting bot: no running event loop
2025-08-10 11:10:57,174 - TradingBotSystem - ERROR - Error running Telegram bot: no running event loop
2025-08-10 11:10:58,166 - TradingBotSystem - ERROR - Telegram bot thread died, attempting restart...
2025-08-10 11:10:58,176 - TradingBot - ERROR - Error starting bot: no running event loop
2025-08-10 11:10:58,176 - TradingBotSystem - ERROR - Error running Telegram bot: no running event loop
