2025-08-15 05:55:53,998 - TransformerTraining - INFO - 🤖 TRANSFORMER TRAINING SYSTEM - ADVANCED FINANCIAL PREDICTIONS
2025-08-15 05:55:53,998 - TransformerTraining - INFO - Configuration: 50,000 samples, 50 epochs
2025-08-15 05:55:53,998 - TransformerTraining - INFO - Quick mode enabled - reduced samples and epochs
2025-08-15 05:55:53,998 - TransformerTraining - INFO - Step 1: Creating transformer training data...
2025-08-15 05:55:53,998 - TransformerTraining - INFO - Creating transformer training data with 20,000 samples...
2025-08-15 05:55:54,003 - TransformerTraining - INFO - Generating transformer data for EUR/USD...
2025-08-15 05:55:54,072 - TransformerTraining - INFO - Generating transformer data for GBP/USD...
2025-08-15 05:55:54,136 - TransformerTraining - INFO - Generating transformer data for USD/JPY...
2025-08-15 05:55:54,203 - TransformerTraining - INFO - Generating transformer data for AUD/USD...
2025-08-15 05:55:54,268 - TransformerTraining - INFO - Generating transformer data for USD/CAD...
2025-08-15 05:55:54,333 - TransformerTraining - INFO - Generating transformer data for EUR/GBP...
2025-08-15 05:55:54,398 - TransformerTraining - INFO - Generating transformer data for USD/CHF...
2025-08-15 05:55:54,495 - TransformerTraining - INFO - Transformer training data created:
2025-08-15 05:55:54,495 - TransformerTraining - INFO -   Total samples: 140,000
2025-08-15 05:55:54,495 - TransformerTraining - INFO -   Currency pairs: 7
2025-08-15 05:55:54,495 - TransformerTraining - INFO -   Market regimes: 6 (Bull, Bear, Range, Normal, Volatile, Crisis)
2025-08-15 05:55:54,496 - TransformerTraining - INFO - Step 2: Training transformer model...
2025-08-15 05:55:54,496 - TransformerTraining - INFO - ============================================================
2025-08-15 05:55:54,496 - TransformerTraining - INFO - 🤖 TRAINING FINANCIAL TRANSFORMER (20 epochs)
2025-08-15 05:55:54,496 - TransformerTraining - INFO - ============================================================
2025-08-15 05:55:54,496 - TransformerTraining - INFO - Creating transformer dataset...
2025-08-15 05:58:18,608 - TransformerTraining - INFO - Dataset created: 111652 train, 27914 val
2025-08-15 05:58:18,632 - TransformerTraining - INFO - Model initialized on device: cpu
2025-08-15 05:58:18,632 - TransformerTraining - INFO - Model parameters: 1,007,492
2025-08-15 05:58:19,660 - TransformerTraining - ERROR - ❌ Transformer training failed: ReduceLROnPlateau.__init__() got an unexpected keyword argument 'verbose'
2025-08-15 05:58:19,660 - TransformerTraining - ERROR - Traceback (most recent call last):
  File "/workspace/transformer_training_system.py", line 528, in train_transformer_model
    scheduler = optim.lr_scheduler.ReduceLROnPlateau(
        optimizer, mode='min', factor=0.5, patience=5, verbose=True
    )
TypeError: ReduceLROnPlateau.__init__() got an unexpected keyword argument 'verbose'

2025-08-15 05:58:19,666 - TransformerTraining - INFO - Step 3: Generating training report...
2025-08-15 05:58:19,673 - TransformerTraining - ERROR - ❌ Transformer training failed!
