2025-08-13 15:01:52,252 - UltimateAISystemValidator - INFO - 🔍 Starting Ultimate AI system validation...
2025-08-13 15:01:52,505 - UltimateAISystemValidator - INFO - ✅ All AI system dependencies validated
2025-08-13 15:01:52,571 - UltimateAITradingBot - INFO - ✅ Ultimate AI Telegram application setup complete
2025-08-13 15:01:52,571 - UltimateAISystemValidator - INFO - ✅ Ultimate AI Telegram bot validation passed
2025-08-13 15:01:52,571 - UltimateAISystemValidator - INFO - ✅ AI/ML Analysis Engine validation passed
2025-08-13 15:01:52,571 - UltimateAISystemValidator - INFO - ✅ Pocket Option SSID synchronization validated
2025-08-13 15:01:52,571 - UltimateAISystemValidator - INFO - ✅ CORRECTED Pair configuration validated:
2025-08-13 15:01:52,571 - UltimateAISystemValidator - INFO -    🔷 Regular Pairs (Weekends): 59 available
2025-08-13 15:01:52,571 - UltimateAISystemValidator - INFO -    🔶 OTC Pairs (Weekdays): 10 available
2025-08-13 15:01:52,581 - UltimateAITradingBot - INFO - ✅ Ultimate AI Telegram application setup complete
2025-08-13 15:01:52,581 - UltimateAISystemValidator - ERROR - ❌ Signal timing validation failed: -14392.6s advance
2025-08-13 15:01:52,581 - UltimateAISystemValidator - INFO - 📊 Ultimate AI Validation Results:
2025-08-13 15:01:52,581 - UltimateAISystemValidator - INFO -    AI System Dependencies: ✅ PASSED
2025-08-13 15:01:52,581 - UltimateAISystemValidator - INFO -    AI Telegram Bot: ✅ PASSED
2025-08-13 15:01:52,581 - UltimateAISystemValidator - INFO -    AI Analysis Engine: ✅ PASSED
2025-08-13 15:01:52,581 - UltimateAISystemValidator - INFO -    Pocket Option Sync: ✅ PASSED
2025-08-13 15:01:52,581 - UltimateAISystemValidator - INFO -    CORRECTED Pair Configuration: ✅ PASSED
2025-08-13 15:01:52,581 - UltimateAISystemValidator - INFO -    Signal Timing Logic: ❌ FAILED
2025-08-13 15:01:52,581 - UltimateAISystemValidator - ERROR - ❌ Ultimate AI system validation failed!
2025-08-13 15:02:07,286 - UltimateAISystemValidator - INFO - 🔍 Starting Ultimate AI system validation...
2025-08-13 15:02:07,526 - UltimateAISystemValidator - INFO - ✅ All AI system dependencies validated
2025-08-13 15:02:07,591 - UltimateAITradingBot - INFO - ✅ Ultimate AI Telegram application setup complete
2025-08-13 15:02:07,591 - UltimateAISystemValidator - INFO - ✅ Ultimate AI Telegram bot validation passed
2025-08-13 15:02:07,591 - UltimateAISystemValidator - INFO - ✅ AI/ML Analysis Engine validation passed
2025-08-13 15:02:07,592 - UltimateAISystemValidator - INFO - ✅ Pocket Option SSID synchronization validated
2025-08-13 15:02:07,592 - UltimateAISystemValidator - INFO - ✅ CORRECTED Pair configuration validated:
2025-08-13 15:02:07,592 - UltimateAISystemValidator - INFO -    🔷 Regular Pairs (Weekends): 59 available
2025-08-13 15:02:07,592 - UltimateAISystemValidator - INFO -    🔶 OTC Pairs (Weekdays): 10 available
2025-08-13 15:02:07,603 - UltimateAITradingBot - INFO - ✅ Ultimate AI Telegram application setup complete
2025-08-13 15:02:07,603 - UltimateAISystemValidator - ERROR - ❌ Signal timing validation failed: 52.4s advance
2025-08-13 15:02:07,603 - UltimateAISystemValidator - INFO - 📊 Ultimate AI Validation Results:
2025-08-13 15:02:07,603 - UltimateAISystemValidator - INFO -    AI System Dependencies: ✅ PASSED
2025-08-13 15:02:07,603 - UltimateAISystemValidator - INFO -    AI Telegram Bot: ✅ PASSED
2025-08-13 15:02:07,603 - UltimateAISystemValidator - INFO -    AI Analysis Engine: ✅ PASSED
2025-08-13 15:02:07,603 - UltimateAISystemValidator - INFO -    Pocket Option Sync: ✅ PASSED
2025-08-13 15:02:07,603 - UltimateAISystemValidator - INFO -    CORRECTED Pair Configuration: ✅ PASSED
2025-08-13 15:02:07,603 - UltimateAISystemValidator - INFO -    Signal Timing Logic: ❌ FAILED
2025-08-13 15:02:07,603 - UltimateAISystemValidator - ERROR - ❌ Ultimate AI system validation failed!
2025-08-13 15:02:19,032 - UltimateAISystemValidator - INFO - 🔍 Starting Ultimate AI system validation...
2025-08-13 15:02:19,247 - UltimateAISystemValidator - INFO - ✅ All AI system dependencies validated
2025-08-13 15:02:19,302 - UltimateAITradingBot - INFO - ✅ Ultimate AI Telegram application setup complete
2025-08-13 15:02:19,302 - UltimateAISystemValidator - INFO - ✅ Ultimate AI Telegram bot validation passed
2025-08-13 15:02:19,302 - UltimateAISystemValidator - INFO - ✅ AI/ML Analysis Engine validation passed
2025-08-13 15:02:19,302 - UltimateAISystemValidator - INFO - ✅ Pocket Option SSID synchronization validated
2025-08-13 15:02:19,302 - UltimateAISystemValidator - INFO - ✅ CORRECTED Pair configuration validated:
2025-08-13 15:02:19,302 - UltimateAISystemValidator - INFO -    🔷 Regular Pairs (Weekends): 59 available
2025-08-13 15:02:19,302 - UltimateAISystemValidator - INFO -    🔶 OTC Pairs (Weekdays): 10 available
2025-08-13 15:02:19,311 - UltimateAITradingBot - INFO - ✅ Ultimate AI Telegram application setup complete
2025-08-13 15:02:19,311 - UltimateAISystemValidator - ERROR - ❌ Signal timing validation failed: 40.7s advance
2025-08-13 15:02:19,311 - UltimateAISystemValidator - INFO - 📊 Ultimate AI Validation Results:
2025-08-13 15:02:19,311 - UltimateAISystemValidator - INFO -    AI System Dependencies: ✅ PASSED
2025-08-13 15:02:19,311 - UltimateAISystemValidator - INFO -    AI Telegram Bot: ✅ PASSED
2025-08-13 15:02:19,311 - UltimateAISystemValidator - INFO -    AI Analysis Engine: ✅ PASSED
2025-08-13 15:02:19,311 - UltimateAISystemValidator - INFO -    Pocket Option Sync: ✅ PASSED
2025-08-13 15:02:19,311 - UltimateAISystemValidator - INFO -    CORRECTED Pair Configuration: ✅ PASSED
2025-08-13 15:02:19,311 - UltimateAISystemValidator - INFO -    Signal Timing Logic: ❌ FAILED
2025-08-13 15:02:19,311 - UltimateAISystemValidator - ERROR - ❌ Ultimate AI system validation failed!
2025-08-13 15:02:30,745 - UltimateAISystemValidator - INFO - 🔍 Starting Ultimate AI system validation...
2025-08-13 15:02:30,958 - UltimateAISystemValidator - INFO - ✅ All AI system dependencies validated
2025-08-13 15:02:31,012 - UltimateAITradingBot - INFO - ✅ Ultimate AI Telegram application setup complete
2025-08-13 15:02:31,012 - UltimateAISystemValidator - INFO - ✅ Ultimate AI Telegram bot validation passed
2025-08-13 15:02:31,012 - UltimateAISystemValidator - INFO - ✅ AI/ML Analysis Engine validation passed
2025-08-13 15:02:31,012 - UltimateAISystemValidator - INFO - ✅ Pocket Option SSID synchronization validated
2025-08-13 15:02:31,013 - UltimateAISystemValidator - INFO - ✅ CORRECTED Pair configuration validated:
2025-08-13 15:02:31,013 - UltimateAISystemValidator - INFO -    🔷 Regular Pairs (Weekends): 59 available
2025-08-13 15:02:31,013 - UltimateAISystemValidator - INFO -    🔶 OTC Pairs (Weekdays): 10 available
2025-08-13 15:02:31,022 - UltimateAITradingBot - INFO - ✅ Ultimate AI Telegram application setup complete
2025-08-13 15:02:31,022 - UltimateAISystemValidator - ERROR - ❌ Signal timing validation failed: 29.0s advance
2025-08-13 15:02:31,022 - UltimateAISystemValidator - INFO - 📊 Ultimate AI Validation Results:
2025-08-13 15:02:31,022 - UltimateAISystemValidator - INFO -    AI System Dependencies: ✅ PASSED
2025-08-13 15:02:31,022 - UltimateAISystemValidator - INFO -    AI Telegram Bot: ✅ PASSED
2025-08-13 15:02:31,022 - UltimateAISystemValidator - INFO -    AI Analysis Engine: ✅ PASSED
2025-08-13 15:02:31,022 - UltimateAISystemValidator - INFO -    Pocket Option Sync: ✅ PASSED
2025-08-13 15:02:31,022 - UltimateAISystemValidator - INFO -    CORRECTED Pair Configuration: ✅ PASSED
2025-08-13 15:02:31,022 - UltimateAISystemValidator - INFO -    Signal Timing Logic: ❌ FAILED
2025-08-13 15:02:31,022 - UltimateAISystemValidator - ERROR - ❌ Ultimate AI system validation failed!
2025-08-13 15:02:41,706 - UltimateAISystemValidator - INFO - 🔍 Starting Ultimate AI system validation...
2025-08-13 15:02:41,923 - UltimateAISystemValidator - INFO - ✅ All AI system dependencies validated
2025-08-13 15:02:41,978 - UltimateAITradingBot - INFO - ✅ Ultimate AI Telegram application setup complete
2025-08-13 15:02:41,979 - UltimateAISystemValidator - INFO - ✅ Ultimate AI Telegram bot validation passed
2025-08-13 15:02:41,979 - UltimateAISystemValidator - INFO - ✅ AI/ML Analysis Engine validation passed
2025-08-13 15:02:41,979 - UltimateAISystemValidator - INFO - ✅ Pocket Option SSID synchronization validated
2025-08-13 15:02:41,979 - UltimateAISystemValidator - INFO - ✅ CORRECTED Pair configuration validated:
2025-08-13 15:02:41,979 - UltimateAISystemValidator - INFO -    🔷 Regular Pairs (Weekends): 59 available
2025-08-13 15:02:41,979 - UltimateAISystemValidator - INFO -    🔶 OTC Pairs (Weekdays): 10 available
2025-08-13 15:02:41,988 - UltimateAITradingBot - INFO - ✅ Ultimate AI Telegram application setup complete
2025-08-13 15:02:41,988 - UltimateAISystemValidator - ERROR - ❌ Signal timing validation failed: 18.0s advance
2025-08-13 15:02:41,988 - UltimateAISystemValidator - INFO - 📊 Ultimate AI Validation Results:
2025-08-13 15:02:41,988 - UltimateAISystemValidator - INFO -    AI System Dependencies: ✅ PASSED
2025-08-13 15:02:41,988 - UltimateAISystemValidator - INFO -    AI Telegram Bot: ✅ PASSED
2025-08-13 15:02:41,988 - UltimateAISystemValidator - INFO -    AI Analysis Engine: ✅ PASSED
2025-08-13 15:02:41,988 - UltimateAISystemValidator - INFO -    Pocket Option Sync: ✅ PASSED
2025-08-13 15:02:41,988 - UltimateAISystemValidator - INFO -    CORRECTED Pair Configuration: ✅ PASSED
2025-08-13 15:02:41,988 - UltimateAISystemValidator - INFO -    Signal Timing Logic: ❌ FAILED
2025-08-13 15:02:41,988 - UltimateAISystemValidator - ERROR - ❌ Ultimate AI system validation failed!
2025-08-13 15:02:53,495 - UltimateAISystemValidator - INFO - 🔍 Starting Ultimate AI system validation...
2025-08-13 15:02:53,707 - UltimateAISystemValidator - INFO - ✅ All AI system dependencies validated
2025-08-13 15:02:53,762 - UltimateAITradingBot - INFO - ✅ Ultimate AI Telegram application setup complete
2025-08-13 15:02:53,762 - UltimateAISystemValidator - INFO - ✅ Ultimate AI Telegram bot validation passed
2025-08-13 15:02:53,762 - UltimateAISystemValidator - INFO - ✅ AI/ML Analysis Engine validation passed
2025-08-13 15:02:53,762 - UltimateAISystemValidator - INFO - ✅ Pocket Option SSID synchronization validated
2025-08-13 15:02:53,762 - UltimateAISystemValidator - INFO - ✅ CORRECTED Pair configuration validated:
2025-08-13 15:02:53,762 - UltimateAISystemValidator - INFO -    🔷 Regular Pairs (Weekends): 59 available
2025-08-13 15:02:53,762 - UltimateAISystemValidator - INFO -    🔶 OTC Pairs (Weekdays): 10 available
2025-08-13 15:02:53,771 - UltimateAITradingBot - INFO - ✅ Ultimate AI Telegram application setup complete
2025-08-13 15:02:53,771 - UltimateAISystemValidator - ERROR - ❌ Signal timing validation failed: 6.2s advance
2025-08-13 15:02:53,771 - UltimateAISystemValidator - INFO - 📊 Ultimate AI Validation Results:
2025-08-13 15:02:53,771 - UltimateAISystemValidator - INFO -    AI System Dependencies: ✅ PASSED
2025-08-13 15:02:53,771 - UltimateAISystemValidator - INFO -    AI Telegram Bot: ✅ PASSED
2025-08-13 15:02:53,771 - UltimateAISystemValidator - INFO -    AI Analysis Engine: ✅ PASSED
2025-08-13 15:02:53,771 - UltimateAISystemValidator - INFO -    Pocket Option Sync: ✅ PASSED
2025-08-13 15:02:53,771 - UltimateAISystemValidator - INFO -    CORRECTED Pair Configuration: ✅ PASSED
2025-08-13 15:02:53,771 - UltimateAISystemValidator - INFO -    Signal Timing Logic: ❌ FAILED
2025-08-13 15:02:53,771 - UltimateAISystemValidator - ERROR - ❌ Ultimate AI system validation failed!
2025-08-13 15:03:15,217 - UltimateAISystemValidator - INFO - 🔍 Starting Ultimate AI system validation...
2025-08-13 15:03:15,433 - UltimateAISystemValidator - INFO - ✅ All AI system dependencies validated
2025-08-13 15:03:15,487 - UltimateAITradingBot - INFO - ✅ Ultimate AI Telegram application setup complete
2025-08-13 15:03:15,487 - UltimateAISystemValidator - INFO - ✅ Ultimate AI Telegram bot validation passed
2025-08-13 15:03:15,487 - UltimateAISystemValidator - INFO - ✅ AI/ML Analysis Engine validation passed
2025-08-13 15:03:15,487 - UltimateAISystemValidator - INFO - ✅ Pocket Option SSID synchronization validated
2025-08-13 15:03:15,487 - UltimateAISystemValidator - INFO - ✅ CORRECTED Pair configuration validated:
2025-08-13 15:03:15,487 - UltimateAISystemValidator - INFO -    🔷 Regular Pairs (Weekends): 59 available
2025-08-13 15:03:15,487 - UltimateAISystemValidator - INFO -    🔶 OTC Pairs (Weekdays): 10 available
2025-08-13 15:03:15,496 - UltimateAITradingBot - INFO - ✅ Ultimate AI Telegram application setup complete
2025-08-13 15:03:15,496 - UltimateAISystemValidator - INFO - ✅ Signal timing validation passed: 44.5s advance (1-minute target)
2025-08-13 15:03:15,496 - UltimateAISystemValidator - INFO - 📊 Ultimate AI Validation Results:
2025-08-13 15:03:15,496 - UltimateAISystemValidator - INFO -    AI System Dependencies: ✅ PASSED
2025-08-13 15:03:15,496 - UltimateAISystemValidator - INFO -    AI Telegram Bot: ✅ PASSED
2025-08-13 15:03:15,496 - UltimateAISystemValidator - INFO -    AI Analysis Engine: ✅ PASSED
2025-08-13 15:03:15,496 - UltimateAISystemValidator - INFO -    Pocket Option Sync: ✅ PASSED
2025-08-13 15:03:15,496 - UltimateAISystemValidator - INFO -    CORRECTED Pair Configuration: ✅ PASSED
2025-08-13 15:03:15,496 - UltimateAISystemValidator - INFO -    Signal Timing Logic: ✅ PASSED
2025-08-13 15:03:15,497 - UltimateAISystemValidator - INFO - 🎉 Ultimate AI system validation completed successfully!
2025-08-13 15:03:15,497 - UltimateAISystemValidator - INFO - 🤖 AI/ML models are ready for signal generation
2025-08-13 15:03:15,497 - UltimateAISystemValidator - INFO - 🔶 OTC pairs configured for weekday trading
2025-08-13 15:03:15,497 - UltimateAISystemValidator - INFO - 🔷 Regular pairs configured for weekend trading
2025-08-13 15:03:15,497 - UltimateAISystemValidator - INFO - ⏰ 1-minute advance signal timing confirmed
2025-08-13 15:03:15,497 - UltimateAIUniversalLauncher - INFO - 🚀 Starting Ultimate AI Universal Trading System...
2025-08-13 15:03:15,497 - UltimateAIUniversalLauncher - INFO - 🔧 All AI enhancements implemented:
2025-08-13 15:03:15,497 - UltimateAIUniversalLauncher - INFO -    ✅ CORRECTED: OTC pairs for weekdays, Regular pairs for weekends
2025-08-13 15:03:15,497 - UltimateAIUniversalLauncher - INFO -    ✅ Advanced AI/ML model analysis for signal generation
2025-08-13 15:03:15,497 - UltimateAIUniversalLauncher - INFO -    ✅ 1-minute advance signal generation with Pocket Option sync
2025-08-13 15:03:15,497 - UltimateAIUniversalLauncher - INFO -    ✅ Fixed interactive button navigation
2025-08-13 15:03:15,497 - UltimateAIUniversalLauncher - INFO -    ✅ Enhanced AI technical analysis engine
2025-08-13 15:03:15,497 - UltimateAIUniversalLauncher - INFO -    ✅ Real-time AI performance monitoring
2025-08-13 15:03:15,497 - UltimateAIUniversalLauncher - INFO - 🚀 Starting Ultimate AI Trading Bot...
2025-08-13 15:03:15,506 - UltimateAITradingBot - INFO - ✅ Ultimate AI Telegram application setup complete
2025-08-13 15:03:15,506 - UltimateAISystemMonitor - INFO - 📊 AI System Status - Uptime: 0h 0m, Signals: 0, AI Accuracy: 97.2%, Health: OPTIMAL
2025-08-13 15:03:15,506 - UltimateAIUniversalLauncher - INFO - ✅ Ultimate AI bot started successfully
2025-08-13 15:03:15,506 - UltimateAIUniversalLauncher - INFO - 🤖 AI/ML models are active and ready!
2025-08-13 15:03:15,506 - UltimateAIUniversalLauncher - INFO - 📱 Bot is ready to respond to all commands!
2025-08-13 15:03:15,506 - UltimateAIUniversalLauncher - INFO - 🔘 Interactive navigation buttons are working perfectly!
2025-08-13 15:03:15,506 - UltimateAIUniversalLauncher - INFO - ⏰ Signals will be generated 1 minute in advance
2025-08-13 15:03:15,506 - UltimateAIUniversalLauncher - INFO - 🔶 OTC pairs active on weekdays, 🔷 Regular pairs active on weekends
2025-08-13 15:03:15,506 - UltimateAIUniversalLauncher - INFO - 🧠 AI technical analysis engine is operational
2025-08-13 15:03:15,506 - UltimateAITradingBot - INFO - 🚀 Starting Ultimate AI Trading System...
2025-08-13 15:03:15,507 - UltimateAITradingBot - ERROR - ❌ Ultimate AI bot runtime error: Cannot close a running event loop
2025-08-13 15:03:15,507 - UltimateAITradingBot - INFO - 🛑 Ultimate AI bot stopped
2025-08-13 15:03:15,507 - UltimateAIUniversalLauncher - ERROR - ❌ Ultimate AI bot startup failed: Cannot close a running event loop
2025-08-13 15:03:15,507 - UltimateAIUniversalLauncher - ERROR - ❌ Ultimate AI system error: Cannot close a running event loop
2025-08-13 15:03:15,509 - UltimateAIUniversalLauncher - INFO - 🛑 Stopping Ultimate AI Trading System...
2025-08-13 15:03:15,509 - UltimateAIUniversalLauncher - INFO - 📊 Final AI System Statistics:
2025-08-13 15:03:15,509 - UltimateAIUniversalLauncher - INFO -    Total Uptime: 0h 0m
2025-08-13 15:03:15,509 - UltimateAIUniversalLauncher - INFO -    AI Signals Generated: 0
2025-08-13 15:03:15,509 - UltimateAIUniversalLauncher - INFO -    AI Predictions Made: 0
2025-08-13 15:03:15,510 - UltimateAIUniversalLauncher - INFO -    Commands Processed: 0
2025-08-13 15:03:15,510 - UltimateAIUniversalLauncher - INFO -    OTC Signals (Weekdays): 0
2025-08-13 15:03:15,510 - UltimateAIUniversalLauncher - INFO -    Regular Signals (Weekends): 0
2025-08-13 15:03:15,510 - UltimateAIUniversalLauncher - INFO -    AI Model Accuracy: 97.2%
2025-08-13 15:03:15,510 - UltimateAIUniversalLauncher - INFO - 🛑 Ultimate AI system shutdown completed
