nohup: ignoring input
2025-08-15 12:15:16,803 - UltimateAISystemValidator - INFO - 🔍 Starting Ultimate AI system validation...
2025-08-15 12:15:17,083 - UltimateAISystemValidator - INFO - ✅ All AI system dependencies validated
2025-08-15 12:15:17,141 - UltimateAITradingBot - INFO - ✅ Ultimate AI Telegram application setup complete
2025-08-15 12:15:17,141 - UltimateAISystemValidator - INFO - ✅ Ultimate AI Telegram bot validation passed
2025-08-15 12:15:17,141 - UltimateAISystemValidator - INFO - ✅ AI/ML Analysis Engine validation passed
2025-08-15 12:15:17,141 - UltimateAISystemValidator - INFO - ✅ Pocket Option SSID synchronization validated
2025-08-15 12:15:17,141 - UltimateAISystemValidator - INFO - ✅ CORRECTED Pair configuration validated:
2025-08-15 12:15:17,141 - UltimateAISystemValidator - INFO -    🔷 Regular Pairs (Weekends): 59 available
2025-08-15 12:15:17,141 - UltimateAISystemValidator - INFO -    🔶 OTC Pairs (Weekdays): 10 available
2025-08-15 12:15:17,150 - UltimateAITradingBot - INFO - ✅ Ultimate AI Telegram application setup complete
2025-08-15 12:15:17,151 - UltimateAISystemValidator - INFO - ✅ Signal timing validation passed: 42.8s advance (1-minute target)
2025-08-15 12:15:17,151 - UltimateAISystemValidator - INFO - 📊 Ultimate AI Validation Results:
2025-08-15 12:15:17,151 - UltimateAISystemValidator - INFO -    AI System Dependencies: ✅ PASSED
2025-08-15 12:15:17,151 - UltimateAISystemValidator - INFO -    AI Telegram Bot: ✅ PASSED
2025-08-15 12:15:17,151 - UltimateAISystemValidator - INFO -    AI Analysis Engine: ✅ PASSED
2025-08-15 12:15:17,151 - UltimateAISystemValidator - INFO -    Pocket Option Sync: ✅ PASSED
2025-08-15 12:15:17,151 - UltimateAISystemValidator - INFO -    CORRECTED Pair Configuration: ✅ PASSED
2025-08-15 12:15:17,151 - UltimateAISystemValidator - INFO -    Signal Timing Logic: ✅ PASSED
2025-08-15 12:15:17,151 - UltimateAISystemValidator - INFO - 🎉 Ultimate AI system validation completed successfully!
2025-08-15 12:15:17,151 - UltimateAISystemValidator - INFO - 🤖 AI/ML models are ready for signal generation
2025-08-15 12:15:17,151 - UltimateAISystemValidator - INFO - 🔶 OTC pairs configured for weekday trading
2025-08-15 12:15:17,151 - UltimateAISystemValidator - INFO - 🔷 Regular pairs configured for weekend trading
2025-08-15 12:15:17,151 - UltimateAISystemValidator - INFO - ⏰ 1-minute advance signal timing confirmed
2025-08-15 12:15:17,151 - UltimateAIUniversalLauncher - INFO - 🚀 Starting Ultimate AI Universal Trading System...
2025-08-15 12:15:17,151 - UltimateAIUniversalLauncher - INFO - 🔧 All AI enhancements implemented:
2025-08-15 12:15:17,151 - UltimateAIUniversalLauncher - INFO -    ✅ CORRECTED: OTC pairs for weekdays, Regular pairs for weekends
2025-08-15 12:15:17,151 - UltimateAIUniversalLauncher - INFO -    ✅ Advanced AI/ML model analysis for signal generation
2025-08-15 12:15:17,151 - UltimateAIUniversalLauncher - INFO -    ✅ 1-minute advance signal generation with Pocket Option sync
2025-08-15 12:15:17,151 - UltimateAIUniversalLauncher - INFO -    ✅ Fixed interactive button navigation
2025-08-15 12:15:17,151 - UltimateAIUniversalLauncher - INFO -    ✅ Enhanced AI technical analysis engine
2025-08-15 12:15:17,151 - UltimateAIUniversalLauncher - INFO -    ✅ Real-time AI performance monitoring
2025-08-15 12:15:17,151 - UltimateAIUniversalLauncher - INFO - 🚀 Starting Ultimate AI Trading Bot...
2025-08-15 12:15:17,160 - UltimateAITradingBot - INFO - ✅ Ultimate AI Telegram application setup complete
2025-08-15 12:15:17,160 - UltimateAISystemMonitor - INFO - 📊 AI System Status - Uptime: 0h 0m, Signals: 0, AI Accuracy: 97.2%, Health: OPTIMAL
2025-08-15 12:15:17,161 - UltimateAIUniversalLauncher - INFO - ✅ Ultimate AI bot created successfully
2025-08-15 12:15:17,161 - UltimateAIUniversalLauncher - INFO - 🤖 AI/ML models are active and ready!
2025-08-15 12:15:17,161 - UltimateAIUniversalLauncher - INFO - 📱 Bot is ready to respond to all commands!
2025-08-15 12:15:17,161 - UltimateAIUniversalLauncher - INFO - 🔘 Interactive navigation buttons are working perfectly!
2025-08-15 12:15:17,161 - UltimateAIUniversalLauncher - INFO - ⏰ Signals will be generated 1 minute in advance
2025-08-15 12:15:17,161 - UltimateAIUniversalLauncher - INFO - 🔶 OTC pairs active on weekdays, 🔷 Regular pairs active on weekends
2025-08-15 12:15:17,161 - UltimateAIUniversalLauncher - INFO - 🧠 AI technical analysis engine is operational
2025-08-15 12:15:17,161 - UltimateAITradingBot - INFO - 🚀 Starting Ultimate AI Trading System in launcher context...
2025-08-15 12:15:17,419 - httpx - INFO - HTTP Request: POST https://api.telegram.org/bot8226952507:AAGPhIvSNikHOkDFTUAZnjTKQzxR4m9yIAU/getMe "HTTP/1.1 200 OK"
2025-08-15 12:15:17,419 - telegram.ext.Application - INFO - Application started
2025-08-15 12:15:17,501 - httpx - INFO - HTTP Request: POST https://api.telegram.org/bot8226952507:AAGPhIvSNikHOkDFTUAZnjTKQzxR4m9yIAU/deleteWebhook "HTTP/1.1 200 OK"
2025-08-15 12:15:17,501 - UltimateAITradingBot - INFO - ✅ Ultimate AI bot started successfully in launcher context
2025-08-15 12:15:17,501 - UltimateAIUniversalLauncher - INFO - ✅ Ultimate AI bot started successfully in launcher context
2025-08-15 12:15:17,501 - UltimateAIUniversalLauncher - INFO - 🔄 Starting bot monitoring loop...
2025-08-15 12:15:27,757 - httpx - INFO - HTTP Request: POST https://api.telegram.org/bot8226952507:AAGPhIvSNikHOkDFTUAZnjTKQzxR4m9yIAU/getUpdates "HTTP/1.1 200 OK"
2025-08-15 12:15:37,842 - httpx - INFO - HTTP Request: POST https://api.telegram.org/bot8226952507:AAGPhIvSNikHOkDFTUAZnjTKQzxR4m9yIAU/getUpdates "HTTP/1.1 200 OK"
2025-08-15 12:15:47,926 - httpx - INFO - HTTP Request: POST https://api.telegram.org/bot8226952507:AAGPhIvSNikHOkDFTUAZnjTKQzxR4m9yIAU/getUpdates "HTTP/1.1 200 OK"
2025-08-15 12:15:58,011 - httpx - INFO - HTTP Request: POST https://api.telegram.org/bot8226952507:AAGPhIvSNikHOkDFTUAZnjTKQzxR4m9yIAU/getUpdates "HTTP/1.1 200 OK"
2025-08-15 12:16:08,096 - httpx - INFO - HTTP Request: POST https://api.telegram.org/bot8226952507:AAGPhIvSNikHOkDFTUAZnjTKQzxR4m9yIAU/getUpdates "HTTP/1.1 200 OK"
2025-08-15 12:16:18,179 - httpx - INFO - HTTP Request: POST https://api.telegram.org/bot8226952507:AAGPhIvSNikHOkDFTUAZnjTKQzxR4m9yIAU/getUpdates "HTTP/1.1 200 OK"
2025-08-15 12:16:28,268 - httpx - INFO - HTTP Request: POST https://api.telegram.org/bot8226952507:AAGPhIvSNikHOkDFTUAZnjTKQzxR4m9yIAU/getUpdates "HTTP/1.1 200 OK"
2025-08-15 12:16:38,352 - httpx - INFO - HTTP Request: POST https://api.telegram.org/bot8226952507:AAGPhIvSNikHOkDFTUAZnjTKQzxR4m9yIAU/getUpdates "HTTP/1.1 200 OK"
2025-08-15 12:16:48,436 - httpx - INFO - HTTP Request: POST https://api.telegram.org/bot8226952507:AAGPhIvSNikHOkDFTUAZnjTKQzxR4m9yIAU/getUpdates "HTTP/1.1 200 OK"
2025-08-15 12:16:58,520 - httpx - INFO - HTTP Request: POST https://api.telegram.org/bot8226952507:AAGPhIvSNikHOkDFTUAZnjTKQzxR4m9yIAU/getUpdates "HTTP/1.1 200 OK"
2025-08-15 12:17:08,603 - httpx - INFO - HTTP Request: POST https://api.telegram.org/bot8226952507:AAGPhIvSNikHOkDFTUAZnjTKQzxR4m9yIAU/getUpdates "HTTP/1.1 200 OK"
2025-08-15 12:17:18,688 - httpx - INFO - HTTP Request: POST https://api.telegram.org/bot8226952507:AAGPhIvSNikHOkDFTUAZnjTKQzxR4m9yIAU/getUpdates "HTTP/1.1 200 OK"
2025-08-15 12:17:28,775 - httpx - INFO - HTTP Request: POST https://api.telegram.org/bot8226952507:AAGPhIvSNikHOkDFTUAZnjTKQzxR4m9yIAU/getUpdates "HTTP/1.1 200 OK"
2025-08-15 12:17:38,859 - httpx - INFO - HTTP Request: POST https://api.telegram.org/bot8226952507:AAGPhIvSNikHOkDFTUAZnjTKQzxR4m9yIAU/getUpdates "HTTP/1.1 200 OK"
2025-08-15 12:17:48,943 - httpx - INFO - HTTP Request: POST https://api.telegram.org/bot8226952507:AAGPhIvSNikHOkDFTUAZnjTKQzxR4m9yIAU/getUpdates "HTTP/1.1 200 OK"
2025-08-15 12:17:59,028 - httpx - INFO - HTTP Request: POST https://api.telegram.org/bot8226952507:AAGPhIvSNikHOkDFTUAZnjTKQzxR4m9yIAU/getUpdates "HTTP/1.1 200 OK"
2025-08-15 12:18:09,113 - httpx - INFO - HTTP Request: POST https://api.telegram.org/bot8226952507:AAGPhIvSNikHOkDFTUAZnjTKQzxR4m9yIAU/getUpdates "HTTP/1.1 200 OK"
2025-08-15 12:18:19,197 - httpx - INFO - HTTP Request: POST https://api.telegram.org/bot8226952507:AAGPhIvSNikHOkDFTUAZnjTKQzxR4m9yIAU/getUpdates "HTTP/1.1 200 OK"
2025-08-15 12:18:29,281 - httpx - INFO - HTTP Request: POST https://api.telegram.org/bot8226952507:AAGPhIvSNikHOkDFTUAZnjTKQzxR4m9yIAU/getUpdates "HTTP/1.1 200 OK"
2025-08-15 12:18:39,365 - httpx - INFO - HTTP Request: POST https://api.telegram.org/bot8226952507:AAGPhIvSNikHOkDFTUAZnjTKQzxR4m9yIAU/getUpdates "HTTP/1.1 200 OK"
2025-08-15 12:18:49,451 - httpx - INFO - HTTP Request: POST https://api.telegram.org/bot8226952507:AAGPhIvSNikHOkDFTUAZnjTKQzxR4m9yIAU/getUpdates "HTTP/1.1 200 OK"
2025-08-15 12:18:59,537 - httpx - INFO - HTTP Request: POST https://api.telegram.org/bot8226952507:AAGPhIvSNikHOkDFTUAZnjTKQzxR4m9yIAU/getUpdates "HTTP/1.1 200 OK"
2025-08-15 12:19:09,621 - httpx - INFO - HTTP Request: POST https://api.telegram.org/bot8226952507:AAGPhIvSNikHOkDFTUAZnjTKQzxR4m9yIAU/getUpdates "HTTP/1.1 200 OK"
2025-08-15 12:19:19,705 - httpx - INFO - HTTP Request: POST https://api.telegram.org/bot8226952507:AAGPhIvSNikHOkDFTUAZnjTKQzxR4m9yIAU/getUpdates "HTTP/1.1 200 OK"
2025-08-15 12:19:29,789 - httpx - INFO - HTTP Request: POST https://api.telegram.org/bot8226952507:AAGPhIvSNikHOkDFTUAZnjTKQzxR4m9yIAU/getUpdates "HTTP/1.1 200 OK"
2025-08-15 12:19:39,873 - httpx - INFO - HTTP Request: POST https://api.telegram.org/bot8226952507:AAGPhIvSNikHOkDFTUAZnjTKQzxR4m9yIAU/getUpdates "HTTP/1.1 200 OK"
2025-08-15 12:19:49,957 - httpx - INFO - HTTP Request: POST https://api.telegram.org/bot8226952507:AAGPhIvSNikHOkDFTUAZnjTKQzxR4m9yIAU/getUpdates "HTTP/1.1 200 OK"
2025-08-15 12:20:00,042 - httpx - INFO - HTTP Request: POST https://api.telegram.org/bot8226952507:AAGPhIvSNikHOkDFTUAZnjTKQzxR4m9yIAU/getUpdates "HTTP/1.1 200 OK"
2025-08-15 12:20:10,130 - httpx - INFO - HTTP Request: POST https://api.telegram.org/bot8226952507:AAGPhIvSNikHOkDFTUAZnjTKQzxR4m9yIAU/getUpdates "HTTP/1.1 200 OK"
2025-08-15 12:20:17,163 - UltimateAISystemMonitor - INFO - 📊 AI System Status - Uptime: 0h 5m, Signals: 0, AI Accuracy: 97.2%, Health: OPTIMAL
2025-08-15 12:20:17,509 - UltimateAIUniversalLauncher - INFO - 💓 Ultimate AI bot heartbeat - System operational
2025-08-15 12:20:20,214 - httpx - INFO - HTTP Request: POST https://api.telegram.org/bot8226952507:AAGPhIvSNikHOkDFTUAZnjTKQzxR4m9yIAU/getUpdates "HTTP/1.1 200 OK"
2025-08-15 12:20:30,303 - httpx - INFO - HTTP Request: POST https://api.telegram.org/bot8226952507:AAGPhIvSNikHOkDFTUAZnjTKQzxR4m9yIAU/getUpdates "HTTP/1.1 200 OK"
2025-08-15 12:20:40,389 - httpx - INFO - HTTP Request: POST https://api.telegram.org/bot8226952507:AAGPhIvSNikHOkDFTUAZnjTKQzxR4m9yIAU/getUpdates "HTTP/1.1 200 OK"
2025-08-15 12:20:50,474 - httpx - INFO - HTTP Request: POST https://api.telegram.org/bot8226952507:AAGPhIvSNikHOkDFTUAZnjTKQzxR4m9yIAU/getUpdates "HTTP/1.1 200 OK"
2025-08-15 12:21:00,559 - httpx - INFO - HTTP Request: POST https://api.telegram.org/bot8226952507:AAGPhIvSNikHOkDFTUAZnjTKQzxR4m9yIAU/getUpdates "HTTP/1.1 200 OK"
2025-08-15 12:21:10,644 - httpx - INFO - HTTP Request: POST https://api.telegram.org/bot8226952507:AAGPhIvSNikHOkDFTUAZnjTKQzxR4m9yIAU/getUpdates "HTTP/1.1 200 OK"
2025-08-15 12:21:20,729 - httpx - INFO - HTTP Request: POST https://api.telegram.org/bot8226952507:AAGPhIvSNikHOkDFTUAZnjTKQzxR4m9yIAU/getUpdates "HTTP/1.1 200 OK"
2025-08-15 12:21:30,814 - httpx - INFO - HTTP Request: POST https://api.telegram.org/bot8226952507:AAGPhIvSNikHOkDFTUAZnjTKQzxR4m9yIAU/getUpdates "HTTP/1.1 200 OK"
2025-08-15 12:21:40,898 - httpx - INFO - HTTP Request: POST https://api.telegram.org/bot8226952507:AAGPhIvSNikHOkDFTUAZnjTKQzxR4m9yIAU/getUpdates "HTTP/1.1 200 OK"
2025-08-15 12:21:50,982 - httpx - INFO - HTTP Request: POST https://api.telegram.org/bot8226952507:AAGPhIvSNikHOkDFTUAZnjTKQzxR4m9yIAU/getUpdates "HTTP/1.1 200 OK"
2025-08-15 12:22:01,067 - httpx - INFO - HTTP Request: POST https://api.telegram.org/bot8226952507:AAGPhIvSNikHOkDFTUAZnjTKQzxR4m9yIAU/getUpdates "HTTP/1.1 200 OK"
2025-08-15 12:22:11,152 - httpx - INFO - HTTP Request: POST https://api.telegram.org/bot8226952507:AAGPhIvSNikHOkDFTUAZnjTKQzxR4m9yIAU/getUpdates "HTTP/1.1 200 OK"
2025-08-15 12:22:21,237 - httpx - INFO - HTTP Request: POST https://api.telegram.org/bot8226952507:AAGPhIvSNikHOkDFTUAZnjTKQzxR4m9yIAU/getUpdates "HTTP/1.1 200 OK"
2025-08-15 12:22:31,323 - httpx - INFO - HTTP Request: POST https://api.telegram.org/bot8226952507:AAGPhIvSNikHOkDFTUAZnjTKQzxR4m9yIAU/getUpdates "HTTP/1.1 200 OK"
2025-08-15 12:22:41,407 - httpx - INFO - HTTP Request: POST https://api.telegram.org/bot8226952507:AAGPhIvSNikHOkDFTUAZnjTKQzxR4m9yIAU/getUpdates "HTTP/1.1 200 OK"
2025-08-15 12:22:51,491 - httpx - INFO - HTTP Request: POST https://api.telegram.org/bot8226952507:AAGPhIvSNikHOkDFTUAZnjTKQzxR4m9yIAU/getUpdates "HTTP/1.1 200 OK"
2025-08-15 12:23:01,576 - httpx - INFO - HTTP Request: POST https://api.telegram.org/bot8226952507:AAGPhIvSNikHOkDFTUAZnjTKQzxR4m9yIAU/getUpdates "HTTP/1.1 200 OK"
2025-08-15 12:23:11,660 - httpx - INFO - HTTP Request: POST https://api.telegram.org/bot8226952507:AAGPhIvSNikHOkDFTUAZnjTKQzxR4m9yIAU/getUpdates "HTTP/1.1 200 OK"
2025-08-15 12:23:21,746 - httpx - INFO - HTTP Request: POST https://api.telegram.org/bot8226952507:AAGPhIvSNikHOkDFTUAZnjTKQzxR4m9yIAU/getUpdates "HTTP/1.1 200 OK"
2025-08-15 12:23:31,835 - httpx - INFO - HTTP Request: POST https://api.telegram.org/bot8226952507:AAGPhIvSNikHOkDFTUAZnjTKQzxR4m9yIAU/getUpdates "HTTP/1.1 200 OK"
2025-08-15 12:23:41,919 - httpx - INFO - HTTP Request: POST https://api.telegram.org/bot8226952507:AAGPhIvSNikHOkDFTUAZnjTKQzxR4m9yIAU/getUpdates "HTTP/1.1 200 OK"
2025-08-15 12:23:52,004 - httpx - INFO - HTTP Request: POST https://api.telegram.org/bot8226952507:AAGPhIvSNikHOkDFTUAZnjTKQzxR4m9yIAU/getUpdates "HTTP/1.1 200 OK"
2025-08-15 12:24:02,088 - httpx - INFO - HTTP Request: POST https://api.telegram.org/bot8226952507:AAGPhIvSNikHOkDFTUAZnjTKQzxR4m9yIAU/getUpdates "HTTP/1.1 200 OK"
2025-08-15 12:24:12,172 - httpx - INFO - HTTP Request: POST https://api.telegram.org/bot8226952507:AAGPhIvSNikHOkDFTUAZnjTKQzxR4m9yIAU/getUpdates "HTTP/1.1 200 OK"
2025-08-15 12:24:22,260 - httpx - INFO - HTTP Request: POST https://api.telegram.org/bot8226952507:AAGPhIvSNikHOkDFTUAZnjTKQzxR4m9yIAU/getUpdates "HTTP/1.1 200 OK"
2025-08-15 12:24:32,346 - httpx - INFO - HTTP Request: POST https://api.telegram.org/bot8226952507:AAGPhIvSNikHOkDFTUAZnjTKQzxR4m9yIAU/getUpdates "HTTP/1.1 200 OK"
2025-08-15 12:24:42,430 - httpx - INFO - HTTP Request: POST https://api.telegram.org/bot8226952507:AAGPhIvSNikHOkDFTUAZnjTKQzxR4m9yIAU/getUpdates "HTTP/1.1 200 OK"
2025-08-15 12:24:52,517 - httpx - INFO - HTTP Request: POST https://api.telegram.org/bot8226952507:AAGPhIvSNikHOkDFTUAZnjTKQzxR4m9yIAU/getUpdates "HTTP/1.1 200 OK"
2025-08-15 12:25:02,606 - httpx - INFO - HTTP Request: POST https://api.telegram.org/bot8226952507:AAGPhIvSNikHOkDFTUAZnjTKQzxR4m9yIAU/getUpdates "HTTP/1.1 200 OK"
2025-08-15 12:25:12,695 - httpx - INFO - HTTP Request: POST https://api.telegram.org/bot8226952507:AAGPhIvSNikHOkDFTUAZnjTKQzxR4m9yIAU/getUpdates "HTTP/1.1 200 OK"
2025-08-15 12:25:17,165 - UltimateAISystemMonitor - INFO - 📊 AI System Status - Uptime: 0h 10m, Signals: 0, AI Accuracy: 97.2%, Health: OPTIMAL
2025-08-15 12:25:17,515 - UltimateAIUniversalLauncher - INFO - 💓 Ultimate AI bot heartbeat - System operational
2025-08-15 12:25:22,780 - httpx - INFO - HTTP Request: POST https://api.telegram.org/bot8226952507:AAGPhIvSNikHOkDFTUAZnjTKQzxR4m9yIAU/getUpdates "HTTP/1.1 200 OK"
2025-08-15 12:25:32,865 - httpx - INFO - HTTP Request: POST https://api.telegram.org/bot8226952507:AAGPhIvSNikHOkDFTUAZnjTKQzxR4m9yIAU/getUpdates "HTTP/1.1 200 OK"
2025-08-15 12:25:42,951 - httpx - INFO - HTTP Request: POST https://api.telegram.org/bot8226952507:AAGPhIvSNikHOkDFTUAZnjTKQzxR4m9yIAU/getUpdates "HTTP/1.1 200 OK"
2025-08-15 12:25:53,035 - httpx - INFO - HTTP Request: POST https://api.telegram.org/bot8226952507:AAGPhIvSNikHOkDFTUAZnjTKQzxR4m9yIAU/getUpdates "HTTP/1.1 200 OK"
2025-08-15 12:26:03,120 - httpx - INFO - HTTP Request: POST https://api.telegram.org/bot8226952507:AAGPhIvSNikHOkDFTUAZnjTKQzxR4m9yIAU/getUpdates "HTTP/1.1 200 OK"
2025-08-15 12:26:13,205 - httpx - INFO - HTTP Request: POST https://api.telegram.org/bot8226952507:AAGPhIvSNikHOkDFTUAZnjTKQzxR4m9yIAU/getUpdates "HTTP/1.1 200 OK"
2025-08-15 12:26:23,289 - httpx - INFO - HTTP Request: POST https://api.telegram.org/bot8226952507:AAGPhIvSNikHOkDFTUAZnjTKQzxR4m9yIAU/getUpdates "HTTP/1.1 200 OK"
2025-08-15 12:26:33,374 - httpx - INFO - HTTP Request: POST https://api.telegram.org/bot8226952507:AAGPhIvSNikHOkDFTUAZnjTKQzxR4m9yIAU/getUpdates "HTTP/1.1 200 OK"
2025-08-15 12:26:43,458 - httpx - INFO - HTTP Request: POST https://api.telegram.org/bot8226952507:AAGPhIvSNikHOkDFTUAZnjTKQzxR4m9yIAU/getUpdates "HTTP/1.1 200 OK"
2025-08-15 12:26:53,544 - httpx - INFO - HTTP Request: POST https://api.telegram.org/bot8226952507:AAGPhIvSNikHOkDFTUAZnjTKQzxR4m9yIAU/getUpdates "HTTP/1.1 200 OK"
2025-08-15 12:27:03,631 - httpx - INFO - HTTP Request: POST https://api.telegram.org/bot8226952507:AAGPhIvSNikHOkDFTUAZnjTKQzxR4m9yIAU/getUpdates "HTTP/1.1 200 OK"
2025-08-15 12:27:13,716 - httpx - INFO - HTTP Request: POST https://api.telegram.org/bot8226952507:AAGPhIvSNikHOkDFTUAZnjTKQzxR4m9yIAU/getUpdates "HTTP/1.1 200 OK"
2025-08-15 12:27:23,800 - httpx - INFO - HTTP Request: POST https://api.telegram.org/bot8226952507:AAGPhIvSNikHOkDFTUAZnjTKQzxR4m9yIAU/getUpdates "HTTP/1.1 200 OK"
2025-08-15 12:27:33,886 - httpx - INFO - HTTP Request: POST https://api.telegram.org/bot8226952507:AAGPhIvSNikHOkDFTUAZnjTKQzxR4m9yIAU/getUpdates "HTTP/1.1 200 OK"
2025-08-15 12:27:43,971 - httpx - INFO - HTTP Request: POST https://api.telegram.org/bot8226952507:AAGPhIvSNikHOkDFTUAZnjTKQzxR4m9yIAU/getUpdates "HTTP/1.1 200 OK"
2025-08-15 12:27:54,056 - httpx - INFO - HTTP Request: POST https://api.telegram.org/bot8226952507:AAGPhIvSNikHOkDFTUAZnjTKQzxR4m9yIAU/getUpdates "HTTP/1.1 200 OK"
2025-08-15 12:28:04,143 - httpx - INFO - HTTP Request: POST https://api.telegram.org/bot8226952507:AAGPhIvSNikHOkDFTUAZnjTKQzxR4m9yIAU/getUpdates "HTTP/1.1 200 OK"
2025-08-15 12:28:14,227 - httpx - INFO - HTTP Request: POST https://api.telegram.org/bot8226952507:AAGPhIvSNikHOkDFTUAZnjTKQzxR4m9yIAU/getUpdates "HTTP/1.1 200 OK"
2025-08-15 12:28:24,312 - httpx - INFO - HTTP Request: POST https://api.telegram.org/bot8226952507:AAGPhIvSNikHOkDFTUAZnjTKQzxR4m9yIAU/getUpdates "HTTP/1.1 200 OK"
2025-08-15 12:28:34,397 - httpx - INFO - HTTP Request: POST https://api.telegram.org/bot8226952507:AAGPhIvSNikHOkDFTUAZnjTKQzxR4m9yIAU/getUpdates "HTTP/1.1 200 OK"
2025-08-15 12:28:44,483 - httpx - INFO - HTTP Request: POST https://api.telegram.org/bot8226952507:AAGPhIvSNikHOkDFTUAZnjTKQzxR4m9yIAU/getUpdates "HTTP/1.1 200 OK"
2025-08-15 12:28:54,579 - httpx - INFO - HTTP Request: POST https://api.telegram.org/bot8226952507:AAGPhIvSNikHOkDFTUAZnjTKQzxR4m9yIAU/getUpdates "HTTP/1.1 200 OK"
2025-08-15 12:29:04,664 - httpx - INFO - HTTP Request: POST https://api.telegram.org/bot8226952507:AAGPhIvSNikHOkDFTUAZnjTKQzxR4m9yIAU/getUpdates "HTTP/1.1 200 OK"
2025-08-15 12:29:14,749 - httpx - INFO - HTTP Request: POST https://api.telegram.org/bot8226952507:AAGPhIvSNikHOkDFTUAZnjTKQzxR4m9yIAU/getUpdates "HTTP/1.1 200 OK"
2025-08-15 12:29:24,835 - httpx - INFO - HTTP Request: POST https://api.telegram.org/bot8226952507:AAGPhIvSNikHOkDFTUAZnjTKQzxR4m9yIAU/getUpdates "HTTP/1.1 200 OK"
2025-08-15 12:29:34,921 - httpx - INFO - HTTP Request: POST https://api.telegram.org/bot8226952507:AAGPhIvSNikHOkDFTUAZnjTKQzxR4m9yIAU/getUpdates "HTTP/1.1 200 OK"
2025-08-15 13:17:52,959 - httpx - INFO - HTTP Request: POST https://api.telegram.org/bot8226952507:AAGPhIvSNikHOkDFTUAZnjTKQzxR4m9yIAU/getUpdates "HTTP/1.1 200 OK"
2025-08-15 13:18:03,056 - httpx - INFO - HTTP Request: POST https://api.telegram.org/bot8226952507:AAGPhIvSNikHOkDFTUAZnjTKQzxR4m9yIAU/getUpdates "HTTP/1.1 200 OK"
2025-08-15 13:18:10,215 - UltimateAIUniversalLauncher - INFO - 💓 Ultimate AI bot heartbeat - System operational
2025-08-15 13:18:13,145 - httpx - INFO - HTTP Request: POST https://api.telegram.org/bot8226952507:AAGPhIvSNikHOkDFTUAZnjTKQzxR4m9yIAU/getUpdates "HTTP/1.1 200 OK"
2025-08-15 13:18:23,246 - httpx - INFO - HTTP Request: POST https://api.telegram.org/bot8226952507:AAGPhIvSNikHOkDFTUAZnjTKQzxR4m9yIAU/getUpdates "HTTP/1.1 200 OK"
2025-08-15 13:18:33,335 - httpx - INFO - HTTP Request: POST https://api.telegram.org/bot8226952507:AAGPhIvSNikHOkDFTUAZnjTKQzxR4m9yIAU/getUpdates "HTTP/1.1 200 OK"
2025-08-15 13:18:43,425 - httpx - INFO - HTTP Request: POST https://api.telegram.org/bot8226952507:AAGPhIvSNikHOkDFTUAZnjTKQzxR4m9yIAU/getUpdates "HTTP/1.1 200 OK"
2025-08-15 13:18:53,514 - httpx - INFO - HTTP Request: POST https://api.telegram.org/bot8226952507:AAGPhIvSNikHOkDFTUAZnjTKQzxR4m9yIAU/getUpdates "HTTP/1.1 200 OK"
2025-08-15 13:19:03,601 - httpx - INFO - HTTP Request: POST https://api.telegram.org/bot8226952507:AAGPhIvSNikHOkDFTUAZnjTKQzxR4m9yIAU/getUpdates "HTTP/1.1 200 OK"
2025-08-15 13:19:13,691 - httpx - INFO - HTTP Request: POST https://api.telegram.org/bot8226952507:AAGPhIvSNikHOkDFTUAZnjTKQzxR4m9yIAU/getUpdates "HTTP/1.1 200 OK"
2025-08-15 13:19:23,779 - httpx - INFO - HTTP Request: POST https://api.telegram.org/bot8226952507:AAGPhIvSNikHOkDFTUAZnjTKQzxR4m9yIAU/getUpdates "HTTP/1.1 200 OK"
2025-08-15 13:19:33,868 - httpx - INFO - HTTP Request: POST https://api.telegram.org/bot8226952507:AAGPhIvSNikHOkDFTUAZnjTKQzxR4m9yIAU/getUpdates "HTTP/1.1 200 OK"
2025-08-15 13:19:43,956 - httpx - INFO - HTTP Request: POST https://api.telegram.org/bot8226952507:AAGPhIvSNikHOkDFTUAZnjTKQzxR4m9yIAU/getUpdates "HTTP/1.1 200 OK"
2025-08-15 13:19:54,044 - httpx - INFO - HTTP Request: POST https://api.telegram.org/bot8226952507:AAGPhIvSNikHOkDFTUAZnjTKQzxR4m9yIAU/getUpdates "HTTP/1.1 200 OK"
2025-08-15 13:20:04,131 - httpx - INFO - HTTP Request: POST https://api.telegram.org/bot8226952507:AAGPhIvSNikHOkDFTUAZnjTKQzxR4m9yIAU/getUpdates "HTTP/1.1 200 OK"
2025-08-15 13:20:14,220 - httpx - INFO - HTTP Request: POST https://api.telegram.org/bot8226952507:AAGPhIvSNikHOkDFTUAZnjTKQzxR4m9yIAU/getUpdates "HTTP/1.1 200 OK"
2025-08-15 13:20:24,309 - httpx - INFO - HTTP Request: POST https://api.telegram.org/bot8226952507:AAGPhIvSNikHOkDFTUAZnjTKQzxR4m9yIAU/getUpdates "HTTP/1.1 200 OK"
2025-08-15 13:20:34,401 - httpx - INFO - HTTP Request: POST https://api.telegram.org/bot8226952507:AAGPhIvSNikHOkDFTUAZnjTKQzxR4m9yIAU/getUpdates "HTTP/1.1 200 OK"
2025-08-15 13:20:44,489 - httpx - INFO - HTTP Request: POST https://api.telegram.org/bot8226952507:AAGPhIvSNikHOkDFTUAZnjTKQzxR4m9yIAU/getUpdates "HTTP/1.1 200 OK"
2025-08-15 13:20:54,581 - httpx - INFO - HTTP Request: POST https://api.telegram.org/bot8226952507:AAGPhIvSNikHOkDFTUAZnjTKQzxR4m9yIAU/getUpdates "HTTP/1.1 200 OK"
2025-08-15 13:21:04,670 - httpx - INFO - HTTP Request: POST https://api.telegram.org/bot8226952507:AAGPhIvSNikHOkDFTUAZnjTKQzxR4m9yIAU/getUpdates "HTTP/1.1 200 OK"
2025-08-15 13:21:14,758 - httpx - INFO - HTTP Request: POST https://api.telegram.org/bot8226952507:AAGPhIvSNikHOkDFTUAZnjTKQzxR4m9yIAU/getUpdates "HTTP/1.1 200 OK"
2025-08-15 13:21:24,846 - httpx - INFO - HTTP Request: POST https://api.telegram.org/bot8226952507:AAGPhIvSNikHOkDFTUAZnjTKQzxR4m9yIAU/getUpdates "HTTP/1.1 200 OK"
2025-08-15 13:21:34,936 - httpx - INFO - HTTP Request: POST https://api.telegram.org/bot8226952507:AAGPhIvSNikHOkDFTUAZnjTKQzxR4m9yIAU/getUpdates "HTTP/1.1 200 OK"
2025-08-15 13:21:45,026 - httpx - INFO - HTTP Request: POST https://api.telegram.org/bot8226952507:AAGPhIvSNikHOkDFTUAZnjTKQzxR4m9yIAU/getUpdates "HTTP/1.1 200 OK"
2025-08-15 13:21:55,113 - httpx - INFO - HTTP Request: POST https://api.telegram.org/bot8226952507:AAGPhIvSNikHOkDFTUAZnjTKQzxR4m9yIAU/getUpdates "HTTP/1.1 200 OK"
2025-08-15 13:22:05,236 - httpx - INFO - HTTP Request: POST https://api.telegram.org/bot8226952507:AAGPhIvSNikHOkDFTUAZnjTKQzxR4m9yIAU/getUpdates "HTTP/1.1 200 OK"
2025-08-15 13:22:15,328 - httpx - INFO - HTTP Request: POST https://api.telegram.org/bot8226952507:AAGPhIvSNikHOkDFTUAZnjTKQzxR4m9yIAU/getUpdates "HTTP/1.1 200 OK"
2025-08-15 13:22:25,416 - httpx - INFO - HTTP Request: POST https://api.telegram.org/bot8226952507:AAGPhIvSNikHOkDFTUAZnjTKQzxR4m9yIAU/getUpdates "HTTP/1.1 200 OK"
2025-08-15 13:22:35,503 - httpx - INFO - HTTP Request: POST https://api.telegram.org/bot8226952507:AAGPhIvSNikHOkDFTUAZnjTKQzxR4m9yIAU/getUpdates "HTTP/1.1 200 OK"
2025-08-15 13:22:45,593 - httpx - INFO - HTTP Request: POST https://api.telegram.org/bot8226952507:AAGPhIvSNikHOkDFTUAZnjTKQzxR4m9yIAU/getUpdates "HTTP/1.1 200 OK"
2025-08-15 13:22:55,683 - httpx - INFO - HTTP Request: POST https://api.telegram.org/bot8226952507:AAGPhIvSNikHOkDFTUAZnjTKQzxR4m9yIAU/getUpdates "HTTP/1.1 200 OK"
2025-08-15 13:23:05,774 - httpx - INFO - HTTP Request: POST https://api.telegram.org/bot8226952507:AAGPhIvSNikHOkDFTUAZnjTKQzxR4m9yIAU/getUpdates "HTTP/1.1 200 OK"
2025-08-15 13:23:10,220 - UltimateAIUniversalLauncher - INFO - 💓 Ultimate AI bot heartbeat - System operational
2025-08-15 13:23:15,867 - httpx - INFO - HTTP Request: POST https://api.telegram.org/bot8226952507:AAGPhIvSNikHOkDFTUAZnjTKQzxR4m9yIAU/getUpdates "HTTP/1.1 200 OK"
2025-08-15 13:23:25,953 - httpx - INFO - HTTP Request: POST https://api.telegram.org/bot8226952507:AAGPhIvSNikHOkDFTUAZnjTKQzxR4m9yIAU/getUpdates "HTTP/1.1 200 OK"
2025-08-15 13:23:36,043 - httpx - INFO - HTTP Request: POST https://api.telegram.org/bot8226952507:AAGPhIvSNikHOkDFTUAZnjTKQzxR4m9yIAU/getUpdates "HTTP/1.1 200 OK"
2025-08-15 13:23:46,130 - httpx - INFO - HTTP Request: POST https://api.telegram.org/bot8226952507:AAGPhIvSNikHOkDFTUAZnjTKQzxR4m9yIAU/getUpdates "HTTP/1.1 200 OK"
2025-08-15 13:23:56,220 - httpx - INFO - HTTP Request: POST https://api.telegram.org/bot8226952507:AAGPhIvSNikHOkDFTUAZnjTKQzxR4m9yIAU/getUpdates "HTTP/1.1 200 OK"
2025-08-15 13:24:06,312 - httpx - INFO - HTTP Request: POST https://api.telegram.org/bot8226952507:AAGPhIvSNikHOkDFTUAZnjTKQzxR4m9yIAU/getUpdates "HTTP/1.1 200 OK"
2025-08-15 13:24:16,407 - httpx - INFO - HTTP Request: POST https://api.telegram.org/bot8226952507:AAGPhIvSNikHOkDFTUAZnjTKQzxR4m9yIAU/getUpdates "HTTP/1.1 200 OK"
2025-08-15 13:24:26,496 - httpx - INFO - HTTP Request: POST https://api.telegram.org/bot8226952507:AAGPhIvSNikHOkDFTUAZnjTKQzxR4m9yIAU/getUpdates "HTTP/1.1 200 OK"
2025-08-15 13:24:36,584 - httpx - INFO - HTTP Request: POST https://api.telegram.org/bot8226952507:AAGPhIvSNikHOkDFTUAZnjTKQzxR4m9yIAU/getUpdates "HTTP/1.1 200 OK"
2025-08-15 13:24:46,672 - httpx - INFO - HTTP Request: POST https://api.telegram.org/bot8226952507:AAGPhIvSNikHOkDFTUAZnjTKQzxR4m9yIAU/getUpdates "HTTP/1.1 200 OK"
2025-08-15 13:24:56,760 - httpx - INFO - HTTP Request: POST https://api.telegram.org/bot8226952507:AAGPhIvSNikHOkDFTUAZnjTKQzxR4m9yIAU/getUpdates "HTTP/1.1 200 OK"
2025-08-15 13:25:06,852 - httpx - INFO - HTTP Request: POST https://api.telegram.org/bot8226952507:AAGPhIvSNikHOkDFTUAZnjTKQzxR4m9yIAU/getUpdates "HTTP/1.1 200 OK"
2025-08-15 13:25:16,941 - httpx - INFO - HTTP Request: POST https://api.telegram.org/bot8226952507:AAGPhIvSNikHOkDFTUAZnjTKQzxR4m9yIAU/getUpdates "HTTP/1.1 200 OK"
2025-08-15 13:25:27,031 - httpx - INFO - HTTP Request: POST https://api.telegram.org/bot8226952507:AAGPhIvSNikHOkDFTUAZnjTKQzxR4m9yIAU/getUpdates "HTTP/1.1 200 OK"
2025-08-15 13:25:37,148 - httpx - INFO - HTTP Request: POST https://api.telegram.org/bot8226952507:AAGPhIvSNikHOkDFTUAZnjTKQzxR4m9yIAU/getUpdates "HTTP/1.1 200 OK"
2025-08-15 13:25:47,247 - httpx - INFO - HTTP Request: POST https://api.telegram.org/bot8226952507:AAGPhIvSNikHOkDFTUAZnjTKQzxR4m9yIAU/getUpdates "HTTP/1.1 200 OK"
2025-08-15 13:25:57,337 - httpx - INFO - HTTP Request: POST https://api.telegram.org/bot8226952507:AAGPhIvSNikHOkDFTUAZnjTKQzxR4m9yIAU/getUpdates "HTTP/1.1 200 OK"
2025-08-15 13:26:07,434 - httpx - INFO - HTTP Request: POST https://api.telegram.org/bot8226952507:AAGPhIvSNikHOkDFTUAZnjTKQzxR4m9yIAU/getUpdates "HTTP/1.1 200 OK"
2025-08-15 13:26:17,522 - httpx - INFO - HTTP Request: POST https://api.telegram.org/bot8226952507:AAGPhIvSNikHOkDFTUAZnjTKQzxR4m9yIAU/getUpdates "HTTP/1.1 200 OK"
2025-08-15 13:26:27,610 - httpx - INFO - HTTP Request: POST https://api.telegram.org/bot8226952507:AAGPhIvSNikHOkDFTUAZnjTKQzxR4m9yIAU/getUpdates "HTTP/1.1 200 OK"
2025-08-15 13:26:37,698 - httpx - INFO - HTTP Request: POST https://api.telegram.org/bot8226952507:AAGPhIvSNikHOkDFTUAZnjTKQzxR4m9yIAU/getUpdates "HTTP/1.1 200 OK"
2025-08-15 13:26:47,789 - httpx - INFO - HTTP Request: POST https://api.telegram.org/bot8226952507:AAGPhIvSNikHOkDFTUAZnjTKQzxR4m9yIAU/getUpdates "HTTP/1.1 200 OK"
2025-08-15 13:26:57,881 - httpx - INFO - HTTP Request: POST https://api.telegram.org/bot8226952507:AAGPhIvSNikHOkDFTUAZnjTKQzxR4m9yIAU/getUpdates "HTTP/1.1 200 OK"
2025-08-15 13:27:07,972 - httpx - INFO - HTTP Request: POST https://api.telegram.org/bot8226952507:AAGPhIvSNikHOkDFTUAZnjTKQzxR4m9yIAU/getUpdates "HTTP/1.1 200 OK"
2025-08-15 13:27:18,061 - httpx - INFO - HTTP Request: POST https://api.telegram.org/bot8226952507:AAGPhIvSNikHOkDFTUAZnjTKQzxR4m9yIAU/getUpdates "HTTP/1.1 200 OK"
2025-08-15 13:27:28,151 - httpx - INFO - HTTP Request: POST https://api.telegram.org/bot8226952507:AAGPhIvSNikHOkDFTUAZnjTKQzxR4m9yIAU/getUpdates "HTTP/1.1 200 OK"
2025-08-15 13:27:38,238 - httpx - INFO - HTTP Request: POST https://api.telegram.org/bot8226952507:AAGPhIvSNikHOkDFTUAZnjTKQzxR4m9yIAU/getUpdates "HTTP/1.1 200 OK"
2025-08-15 13:27:48,327 - httpx - INFO - HTTP Request: POST https://api.telegram.org/bot8226952507:AAGPhIvSNikHOkDFTUAZnjTKQzxR4m9yIAU/getUpdates "HTTP/1.1 200 OK"
2025-08-15 13:27:58,415 - httpx - INFO - HTTP Request: POST https://api.telegram.org/bot8226952507:AAGPhIvSNikHOkDFTUAZnjTKQzxR4m9yIAU/getUpdates "HTTP/1.1 200 OK"
2025-08-15 13:28:08,504 - httpx - INFO - HTTP Request: POST https://api.telegram.org/bot8226952507:AAGPhIvSNikHOkDFTUAZnjTKQzxR4m9yIAU/getUpdates "HTTP/1.1 200 OK"
2025-08-15 13:28:10,223 - UltimateAIUniversalLauncher - INFO - 💓 Ultimate AI bot heartbeat - System operational
2025-08-15 13:28:18,594 - httpx - INFO - HTTP Request: POST https://api.telegram.org/bot8226952507:AAGPhIvSNikHOkDFTUAZnjTKQzxR4m9yIAU/getUpdates "HTTP/1.1 200 OK"
2025-08-15 13:28:28,683 - httpx - INFO - HTTP Request: POST https://api.telegram.org/bot8226952507:AAGPhIvSNikHOkDFTUAZnjTKQzxR4m9yIAU/getUpdates "HTTP/1.1 200 OK"
2025-08-15 13:28:38,773 - httpx - INFO - HTTP Request: POST https://api.telegram.org/bot8226952507:AAGPhIvSNikHOkDFTUAZnjTKQzxR4m9yIAU/getUpdates "HTTP/1.1 200 OK"
2025-08-15 13:28:48,864 - httpx - INFO - HTTP Request: POST https://api.telegram.org/bot8226952507:AAGPhIvSNikHOkDFTUAZnjTKQzxR4m9yIAU/getUpdates "HTTP/1.1 200 OK"
2025-08-15 13:28:58,951 - httpx - INFO - HTTP Request: POST https://api.telegram.org/bot8226952507:AAGPhIvSNikHOkDFTUAZnjTKQzxR4m9yIAU/getUpdates "HTTP/1.1 200 OK"
2025-08-15 13:29:09,045 - httpx - INFO - HTTP Request: POST https://api.telegram.org/bot8226952507:AAGPhIvSNikHOkDFTUAZnjTKQzxR4m9yIAU/getUpdates "HTTP/1.1 200 OK"
2025-08-15 13:29:19,132 - httpx - INFO - HTTP Request: POST https://api.telegram.org/bot8226952507:AAGPhIvSNikHOkDFTUAZnjTKQzxR4m9yIAU/getUpdates "HTTP/1.1 200 OK"
2025-08-15 13:29:29,223 - httpx - INFO - HTTP Request: POST https://api.telegram.org/bot8226952507:AAGPhIvSNikHOkDFTUAZnjTKQzxR4m9yIAU/getUpdates "HTTP/1.1 200 OK"
2025-08-15 13:29:36,020 - httpx - INFO - HTTP Request: POST https://api.telegram.org/bot8226952507:AAGPhIvSNikHOkDFTUAZnjTKQzxR4m9yIAU/getUpdates "HTTP/1.1 200 OK"
2025-08-15 13:29:36,306 - httpx - INFO - HTTP Request: POST https://api.telegram.org/bot8226952507:AAGPhIvSNikHOkDFTUAZnjTKQzxR4m9yIAU/sendMessage "HTTP/1.1 200 OK"
2025-08-15 13:29:41,586 - httpx - INFO - HTTP Request: POST https://api.telegram.org/bot8226952507:AAGPhIvSNikHOkDFTUAZnjTKQzxR4m9yIAU/getUpdates "HTTP/1.1 200 OK"
2025-08-15 13:29:41,884 - httpx - INFO - HTTP Request: POST https://api.telegram.org/bot8226952507:AAGPhIvSNikHOkDFTUAZnjTKQzxR4m9yIAU/sendMessage "HTTP/1.1 200 OK"
2025-08-15 13:29:51,678 - httpx - INFO - HTTP Request: POST https://api.telegram.org/bot8226952507:AAGPhIvSNikHOkDFTUAZnjTKQzxR4m9yIAU/getUpdates "HTTP/1.1 200 OK"
2025-08-15 13:29:57,398 - httpx - INFO - HTTP Request: POST https://api.telegram.org/bot8226952507:AAGPhIvSNikHOkDFTUAZnjTKQzxR4m9yIAU/getUpdates "HTTP/1.1 200 OK"
2025-08-15 13:29:57,700 - httpx - INFO - HTTP Request: POST https://api.telegram.org/bot8226952507:AAGPhIvSNikHOkDFTUAZnjTKQzxR4m9yIAU/sendMessage "HTTP/1.1 200 OK"
2025-08-15 13:30:07,488 - httpx - INFO - HTTP Request: POST https://api.telegram.org/bot8226952507:AAGPhIvSNikHOkDFTUAZnjTKQzxR4m9yIAU/getUpdates "HTTP/1.1 200 OK"
2025-08-15 13:30:17,575 - httpx - INFO - HTTP Request: POST https://api.telegram.org/bot8226952507:AAGPhIvSNikHOkDFTUAZnjTKQzxR4m9yIAU/getUpdates "HTTP/1.1 200 OK"
2025-08-15 13:30:27,664 - httpx - INFO - HTTP Request: POST https://api.telegram.org/bot8226952507:AAGPhIvSNikHOkDFTUAZnjTKQzxR4m9yIAU/getUpdates "HTTP/1.1 200 OK"
2025-08-15 13:30:37,754 - httpx - INFO - HTTP Request: POST https://api.telegram.org/bot8226952507:AAGPhIvSNikHOkDFTUAZnjTKQzxR4m9yIAU/getUpdates "HTTP/1.1 200 OK"
2025-08-15 13:30:47,851 - httpx - INFO - HTTP Request: POST https://api.telegram.org/bot8226952507:AAGPhIvSNikHOkDFTUAZnjTKQzxR4m9yIAU/getUpdates "HTTP/1.1 200 OK"
2025-08-15 13:30:57,945 - httpx - INFO - HTTP Request: POST https://api.telegram.org/bot8226952507:AAGPhIvSNikHOkDFTUAZnjTKQzxR4m9yIAU/getUpdates "HTTP/1.1 200 OK"
2025-08-15 13:31:02,900 - UltimateAIUniversalLauncher - INFO - 🛑 Received SIGTERM, initiating AI system graceful shutdown...
2025-08-15 13:31:02,900 - UltimateAIUniversalLauncher - INFO - 🛑 Stopping Ultimate AI Trading System...
2025-08-15 13:31:02,901 - UltimateAIUniversalLauncher - INFO - 📊 Final AI System Statistics:
2025-08-15 13:31:02,901 - UltimateAIUniversalLauncher - INFO -    Total Uptime: 1h 15m
2025-08-15 13:31:02,901 - UltimateAIUniversalLauncher - INFO -    AI Signals Generated: 0
2025-08-15 13:31:02,901 - UltimateAIUniversalLauncher - INFO -    AI Predictions Made: 0
2025-08-15 13:31:02,901 - UltimateAIUniversalLauncher - INFO -    Commands Processed: 0
2025-08-15 13:31:02,901 - UltimateAIUniversalLauncher - INFO -    OTC Signals (Weekdays): 0
2025-08-15 13:31:02,901 - UltimateAIUniversalLauncher - INFO -    Regular Signals (Weekends): 0
2025-08-15 13:31:02,901 - UltimateAIUniversalLauncher - INFO -    AI Model Accuracy: 97.2%
2025-08-15 13:31:02,901 - UltimateAIUniversalLauncher - INFO - 🛑 Ultimate AI system shutdown completed
2025-08-15 13:31:08,032 - UltimateAIUniversalLauncher - INFO - 🛑 Cancelling bot task...
2025-08-15 13:31:08,032 - UltimateAIUniversalLauncher - INFO - 🛑 Bot monitoring cancelled
2025-08-15 13:31:08,033 - httpx - INFO - HTTP Request: POST https://api.telegram.org/bot8226952507:AAGPhIvSNikHOkDFTUAZnjTKQzxR4m9yIAU/getUpdates "HTTP/1.1 200 OK"
2025-08-15 13:31:08,033 - UltimateAIUniversalLauncher - INFO - 🛑 Stopping Ultimate AI Trading System...
2025-08-15 13:31:08,033 - UltimateAIUniversalLauncher - INFO - 📊 Final AI System Statistics:
2025-08-15 13:31:08,033 - UltimateAIUniversalLauncher - INFO -    Total Uptime: 1h 15m
2025-08-15 13:31:08,033 - UltimateAIUniversalLauncher - INFO -    AI Signals Generated: 0
2025-08-15 13:31:08,033 - UltimateAIUniversalLauncher - INFO -    AI Predictions Made: 0
2025-08-15 13:31:08,033 - UltimateAIUniversalLauncher - INFO -    Commands Processed: 0
2025-08-15 13:31:08,033 - UltimateAIUniversalLauncher - INFO -    OTC Signals (Weekdays): 0
2025-08-15 13:31:08,033 - UltimateAIUniversalLauncher - INFO -    Regular Signals (Weekends): 0
2025-08-15 13:31:08,033 - UltimateAIUniversalLauncher - INFO -    AI Model Accuracy: 97.2%
2025-08-15 13:31:08,033 - UltimateAIUniversalLauncher - INFO - 🛑 Ultimate AI system shutdown completed
2025-08-15 13:31:08,033 - UltimateAIUniversalLauncher - INFO - 🛑 Stopping Ultimate AI bot...
2025-08-15 13:31:08,033 - UltimateAITradingBot - INFO - 🛑 Stopping Ultimate AI bot...
2025-08-15 13:31:08,034 - UltimateAIUniversalLauncher - INFO - 🛑 Stopping Ultimate AI bot...
2025-08-15 13:31:08,034 - UltimateAITradingBot - INFO - 🛑 Stopping Ultimate AI bot...
2025-08-15 13:31:08,125 - httpx - INFO - HTTP Request: POST https://api.telegram.org/bot8226952507:AAGPhIvSNikHOkDFTUAZnjTKQzxR4m9yIAU/getUpdates "HTTP/1.1 200 OK"
2025-08-15 13:31:08,126 - telegram.ext.Application - INFO - Application is stopping. This might take a moment.
2025-08-15 13:31:08,126 - telegram.ext.Application - CRITICAL - Fetching updates was aborted due to CancelledError(). Suppressing exception to ensure graceful shutdown.
Traceback (most recent call last):
  File "/home/ubuntu/.local/lib/python3.13/site-packages/telegram/ext/_application.py", line 673, in stop
    self.__update_fetcher_task.result()
    ~~~~~~~~~~~~~~~~~~~~~~~~~~~~~~~~~^^
  File "/home/ubuntu/.local/lib/python3.13/site-packages/telegram/ext/_application.py", line 1228, in _update_fetcher
    await self.__update_fetcher()
  File "/home/ubuntu/.local/lib/python3.13/site-packages/telegram/ext/_application.py", line 1207, in __update_fetcher
    update = await self.update_queue.get()
             ^^^^^^^^^^^^^^^^^^^^^^^^^^^^^
  File "/usr/lib/python3.13/asyncio/queues.py", line 186, in get
    await getter
asyncio.exceptions.CancelledError
2025-08-15 13:31:08,136 - telegram.ext.Application - INFO - Application.stop() complete
2025-08-15 13:31:08,136 - UltimateAITradingBot - INFO - ✅ Ultimate AI bot stopped successfully
2025-08-15 13:31:08,137 - UltimateAIUniversalLauncher - INFO - ✅ Ultimate AI bot stopped successfully

╔══════════════════════════════════════════════════════════════════════════════╗
║                                                                              ║
║  🏆 ULTIMATE AI TRADING SYSTEM - UNIVERSAL ENTRY POINT 🏆                   ║
║                                                                              ║
║  🤖 Advanced AI/ML Model Analysis & Signal Generation                       ║
║  📱 Fixed Interactive Telegram Bot Navigation                               ║
║  ⏰ 1-Minute Advance Signal Generation                                      ║
║  🔗 Pocket Option SSID Synchronization                                     ║
║  🔶 OTC Pairs (Weekdays) / 🔷 Regular Pairs (Weekends) - CORRECTED         ║
║  📊 Professional AI Trading Interface                                       ║
║  🧠 Real-time AI Technical Analysis                                         ║
║  ⚡ Ultra-Low Latency AI Processing                                         ║
║  🔒 Institutional-Grade Security                                            ║
║                                                                              ║
║  Version: 3.0.0 (Ultimate AI - Corrected)                                  ║
║  Status: 🟢 AI ENHANCED & OPERATIONAL                                       ║
║  Time: 2025-08-15 12:15:16                                           ║
║                                                                              ║
╚══════════════════════════════════════════════════════════════════════════════╝
        
